<?xml version="1.0" encoding="UTF-8"?>
<coverage generated="1781996792089" clover="3.2.0">
  <project timestamp="1781996792089" name="All files">
    <metrics statements="885" coveredstatements="772" conditionals="775" coveredconditionals="588" methods="216" coveredmethods="175" elements="1876" coveredelements="1535" complexity="0" loc="885" ncloc="885" packages="4" files="6" classes="6"/>
    <package name="server">
      <metrics statements="49" coveredstatements="49" conditionals="90" coveredconditionals="47" methods="33" coveredmethods="33"/>
      <file name="database.js" path="C:\Users\Administrator\Documents\Cursor\Tutto\tutto\server\database.js">
        <metrics statements="49" coveredstatements="49" conditionals="90" coveredconditionals="47" methods="33" coveredmethods="33"/>
        <line num="1" count="1" type="stmt"/>
        <line num="2" count="1" type="stmt"/>
        <line num="4" count="1" type="stmt"/>
        <line num="5" count="1" type="stmt"/>
        <line num="7" count="1" type="stmt"/>
        <line num="8" count="1" type="stmt"/>
        <line num="26" count="1" type="stmt"/>
        <line num="29" count="1" type="stmt"/>
        <line num="30" count="1" type="stmt"/>
        <line num="31" count="1" type="stmt"/>
        <line num="32" count="1" type="stmt"/>
        <line num="33" count="1" type="stmt"/>
        <line num="34" count="1" type="stmt"/>
        <line num="35" count="1" type="stmt"/>
        <line num="37" count="1" type="stmt"/>
        <line num="52" count="1" type="stmt"/>
        <line num="53" count="1" type="stmt"/>
        <line num="54" count="1" type="stmt"/>
        <line num="55" count="1" type="stmt"/>
        <line num="56" count="1" type="stmt"/>
        <line num="57" count="1" type="stmt"/>
        <line num="58" count="1" type="stmt"/>
        <line num="59" count="1" type="stmt"/>
        <line num="60" count="1" type="stmt"/>
        <line num="61" count="1" type="stmt"/>
        <line num="62" count="1" type="stmt"/>
        <line num="63" count="1" type="stmt"/>
        <line num="65" count="1" type="stmt"/>
        <line num="68" count="1" type="stmt"/>
        <line num="69" count="1" type="stmt"/>
        <line num="70" count="1" type="stmt"/>
        <line num="71" count="1" type="cond" truecount="1" falsecount="1"/>
        <line num="72" count="1" type="cond" truecount="1" falsecount="1"/>
        <line num="77" count="1" type="stmt"/>
        <line num="78" count="1" type="stmt"/>
        <line num="79" count="1" type="stmt"/>
        <line num="129" count="1" type="cond" truecount="1" falsecount="1"/>
        <line num="130" count="1" type="stmt"/>
        <line num="135" count="1" type="stmt"/>
        <line num="136" count="1" type="stmt"/>
        <line num="137" count="1" type="stmt"/>
        <line num="138" count="1" type="cond" truecount="1" falsecount="1"/>
        <line num="139" count="1" type="cond" truecount="1" falsecount="1"/>
        <line num="144" count="1" type="stmt"/>
        <line num="145" count="1" type="stmt"/>
        <line num="146" count="1" type="stmt"/>
        <line num="191" count="1" type="cond" truecount="1" falsecount="1"/>
        <line num="192" count="1" type="stmt"/>
        <line num="197" count="1" type="stmt"/>
      </file>
    </package>
    <package name="src.components">
      <metrics statements="161" coveredstatements="132" conditionals="207" coveredconditionals="164" methods="48" coveredmethods="32"/>
      <file name="DiceGame.jsx" path="C:\Users\Administrator\Documents\Cursor\Tutto\tutto\src\components\DiceGame.jsx">
        <metrics statements="90" coveredstatements="86" conditionals="95" coveredconditionals="86" methods="21" coveredmethods="19"/>
        <line num="8" count="64" type="stmt"/>
        <line num="9" count="64" type="stmt"/>
        <line num="10" count="64" type="stmt"/>
        <line num="11" count="64" type="stmt"/>
        <line num="13" count="64" type="stmt"/>
        <line num="14" count="64" type="stmt"/>
        <line num="15" count="64" type="stmt"/>
        <line num="16" count="64" type="stmt"/>
        <line num="17" count="64" type="stmt"/>
        <line num="19" count="325" type="stmt"/>
        <line num="20" count="135" type="stmt"/>
        <line num="22" count="64" type="stmt"/>
        <line num="24" count="64" type="stmt"/>
        <line num="26" count="64" type="cond" truecount="2" falsecount="0"/>
        <line num="27" count="68" type="stmt"/>
        <line num="33" count="12" type="stmt"/>
        <line num="34" count="12" type="stmt"/>
        <line num="36" count="68" type="cond" truecount="2" falsecount="0"/>
        <line num="37" count="3" type="stmt"/>
        <line num="38" count="3" type="stmt"/>
        <line num="40" count="3" type="stmt"/>
        <line num="41" count="3" type="cond" truecount="1" falsecount="1"/>
        <line num="42" count="3" type="stmt"/>
        <line num="44" count="0" type="stmt"/>
        <line num="46" count="3" type="stmt"/>
        <line num="51" count="64" type="stmt"/>
        <line num="52" count="9" type="cond" truecount="2" falsecount="2"/>
        <line num="54" count="9" type="stmt"/>
        <line num="55" count="9" type="stmt"/>
        <line num="56" count="9" type="stmt"/>
        <line num="58" count="9" type="stmt"/>
        <line num="60" count="9" type="cond" truecount="2" falsecount="0"/>
        <line num="61" count="6" type="stmt"/>
        <line num="62" count="6" type="stmt"/>
        <line num="63" count="6" type="stmt"/>
        <line num="65" count="6" type="cond" truecount="2" falsecount="0"/>
        <line num="66" count="2" type="cond" truecount="2" falsecount="0"/>
        <line num="67" count="1" type="stmt"/>
        <line num="68" count="1" type="stmt"/>
        <line num="69" count="1" type="stmt"/>
        <line num="70" count="1" type="stmt"/>
        <line num="71" count="1" type="stmt"/>
        <line num="72" count="1" type="stmt"/>
        <line num="74" count="1" type="stmt"/>
        <line num="75" count="1" type="stmt"/>
        <line num="76" count="1" type="stmt"/>
        <line num="78" count="4" type="cond" truecount="2" falsecount="0"/>
        <line num="79" count="2" type="stmt"/>
        <line num="80" count="2" type="stmt"/>
        <line num="81" count="2" type="stmt"/>
        <line num="85" count="5" type="cond" truecount="2" falsecount="0"/>
        <line num="86" count="1" type="stmt"/>
        <line num="87" count="1" type="stmt"/>
        <line num="88" count="1" type="stmt"/>
        <line num="91" count="4" type="cond" truecount="1" falsecount="1"/>
        <line num="92" count="4" type="stmt"/>
        <line num="93" count="4" type="stmt"/>
        <line num="95" count="4" type="cond" truecount="2" falsecount="0"/>
        <line num="96" count="2" type="stmt"/>
        <line num="97" count="2" type="stmt"/>
        <line num="99" count="2" type="stmt"/>
        <line num="100" count="2" type="stmt"/>
        <line num="105" count="64" type="stmt"/>
        <line num="106" count="38" type="cond" truecount="3" falsecount="1"/>
        <line num="107" count="219" type="cond" truecount="2" falsecount="0"/>
        <line num="110" count="64" type="stmt"/>
        <line num="111" count="7" type="cond" truecount="2" falsecount="0"/>
        <line num="112" count="6" type="stmt"/>
        <line num="114" count="1" type="stmt"/>
        <line num="118" count="64" type="stmt"/>
        <line num="119" count="64" type="stmt"/>
        <line num="121" count="64" type="cond" truecount="6" falsecount="0"/>
        <line num="124" count="64" type="cond" truecount="2" falsecount="0"/>
        <line num="126" count="64" type="stmt"/>
        <line num="127" count="64" type="cond" truecount="4" falsecount="0"/>
        <line num="128" count="3" type="cond" truecount="4" falsecount="0"/>
        <line num="129" count="1" type="stmt"/>
        <line num="131" count="2" type="stmt"/>
        <line num="135" count="64" type="stmt"/>
        <line num="136" count="64" type="cond" truecount="2" falsecount="2"/>
        <line num="137" count="0" type="cond" truecount="0" falsecount="2"/>
        <line num="138" count="0" type="stmt"/>
        <line num="140" count="0" type="stmt"/>
        <line num="144" count="64" type="stmt"/>
        <line num="187" count="13" type="stmt"/>
        <line num="199" count="7" type="stmt"/>
        <line num="207" count="287" type="stmt"/>
        <line num="210" count="38" type="stmt"/>
        <line num="237" count="5" type="stmt"/>
        <line num="243" count="4" type="stmt"/>
      </file>
      <file name="Game.jsx" path="C:\Users\Administrator\Documents\Cursor\Tutto\tutto\src\components\Game.jsx">
        <metrics statements="71" coveredstatements="46" conditionals="112" coveredconditionals="78" methods="27" coveredmethods="13"/>
        <line num="7" count="1" type="stmt"/>
        <line num="40" count="22" type="stmt"/>
        <line num="42" count="22" type="cond" truecount="3" falsecount="0"/>
        <line num="43" count="22" type="stmt"/>
        <line num="44" count="22" type="stmt"/>
        <line num="45" count="22" type="stmt"/>
        <line num="46" count="22" type="stmt"/>
        <line num="48" count="22" type="stmt"/>
        <line num="50" count="10" type="cond" truecount="5" falsecount="0"/>
        <line num="51" count="1" type="stmt"/>
        <line num="52" count="1" type="stmt"/>
        <line num="53" count="1" type="stmt"/>
        <line num="56" count="10" type="stmt"/>
        <line num="60" count="22" type="stmt"/>
        <line num="61" count="10" type="cond" truecount="1" falsecount="1"/>
        <line num="62" count="0" type="stmt"/>
        <line num="63" count="0" type="stmt"/>
        <line num="64" count="0" type="stmt"/>
        <line num="68" count="22" type="stmt"/>
        <line num="69" count="10" type="cond" truecount="2" falsecount="0"/>
        <line num="70" count="3" type="stmt"/>
        <line num="71" count="3" type="stmt"/>
        <line num="75" count="22" type="stmt"/>
        <line num="76" count="5" type="cond" truecount="2" falsecount="0"/>
        <line num="78" count="5" type="cond" truecount="2" falsecount="0"/>
        <line num="79" count="2" type="cond" truecount="2" falsecount="0"/>
        <line num="80" count="1" type="stmt"/>
        <line num="81" count="1" type="cond" truecount="1" falsecount="1"/>
        <line num="82" count="1" type="cond" truecount="1" falsecount="1"/>
        <line num="86" count="5" type="stmt"/>
        <line num="87" count="5" type="stmt"/>
        <line num="88" count="5" type="stmt"/>
        <line num="91" count="22" type="stmt"/>
        <line num="92" count="0" type="cond" truecount="0" falsecount="5"/>
        <line num="93" count="0" type="stmt"/>
        <line num="94" count="0" type="stmt"/>
        <line num="97" count="0" type="cond" truecount="0" falsecount="4"/>
        <line num="98" count="0" type="stmt"/>
        <line num="99" count="0" type="cond" truecount="0" falsecount="2"/>
        <line num="100" count="0" type="stmt"/>
        <line num="102" count="0" type="stmt"/>
        <line num="106" count="0" type="stmt"/>
        <line num="107" count="0" type="stmt"/>
        <line num="110" count="22" type="stmt"/>
        <line num="111" count="0" type="stmt"/>
        <line num="112" count="0" type="cond" truecount="0" falsecount="2"/>
        <line num="113" count="0" type="stmt"/>
        <line num="115" count="0" type="stmt"/>
        <line num="119" count="22" type="stmt"/>
        <line num="120" count="0" type="cond" truecount="0" falsecount="2"/>
        <line num="123" count="22" type="cond" truecount="1" falsecount="1"/>
        <line num="125" count="22" type="stmt"/>
        <line num="126" count="22" type="cond" truecount="8" falsecount="0"/>
        <line num="127" count="1" type="stmt"/>
        <line num="128" count="1" type="cond" truecount="1" falsecount="1"/>
        <line num="129" count="0" type="stmt"/>
        <line num="133" count="22" type="cond" truecount="1" falsecount="1"/>
        <line num="135" count="22" type="cond" truecount="4" falsecount="0"/>
        <line num="136" count="22" type="cond" truecount="1" falsecount="1"/>
        <line num="137" count="22" type="cond" truecount="1" falsecount="1"/>
        <line num="139" count="22" type="stmt"/>
        <line num="182" count="0" type="stmt"/>
        <line num="194" count="5" type="stmt"/>
        <line num="203" count="2" type="stmt"/>
        <line num="212" count="144" type="stmt"/>
        <line num="233" count="0" type="stmt"/>
        <line num="242" count="0" type="stmt"/>
        <line num="245" count="0" type="stmt"/>
        <line num="267" count="0" type="stmt"/>
        <line num="289" count="22" type="cond" truecount="1" falsecount="1"/>
        <line num="321" count="0" type="stmt"/>
      </file>
    </package>
    <package name="src.hooks">
      <metrics statements="597" coveredstatements="513" conditionals="420" coveredconditionals="321" methods="124" coveredmethods="99"/>
      <file name="useGameLogic.js" path="C:\Users\Administrator\Documents\Cursor\Tutto\tutto\src\hooks\useGameLogic.js">
        <metrics statements="290" coveredstatements="289" conditionals="189" coveredconditionals="168" methods="66" coveredmethods="66"/>
        <line num="3" count="1" type="stmt"/>
        <line num="8" count="1" type="stmt"/>
        <line num="22" count="83" type="stmt"/>
        <line num="45" count="139" type="stmt"/>
        <line num="46" count="28" type="cond" truecount="2" falsecount="0"/>
        <line num="48" count="139" type="stmt"/>
        <line num="49" count="28" type="cond" truecount="2" falsecount="0"/>
        <line num="51" count="139" type="stmt"/>
        <line num="52" count="28" type="cond" truecount="2" falsecount="0"/>
        <line num="54" count="139" type="stmt"/>
        <line num="55" count="28" type="cond" truecount="3" falsecount="1"/>
        <line num="57" count="139" type="cond" truecount="2" falsecount="0"/>
        <line num="58" count="139" type="stmt"/>
        <line num="59" count="28" type="cond" truecount="2" falsecount="0"/>
        <line num="61" count="139" type="stmt"/>
        <line num="62" count="28" type="cond" truecount="2" falsecount="0"/>
        <line num="64" count="139" type="stmt"/>
        <line num="65" count="28" type="cond" truecount="2" falsecount="0"/>
        <line num="67" count="139" type="stmt"/>
        <line num="68" count="28" type="cond" truecount="1" falsecount="1"/>
        <line num="72" count="139" type="stmt"/>
        <line num="73" count="28" type="cond" truecount="2" falsecount="0"/>
        <line num="77" count="139" type="stmt"/>
        <line num="78" count="139" type="stmt"/>
        <line num="79" count="139" type="stmt"/>
        <line num="82" count="139" type="stmt"/>
        <line num="83" count="28" type="cond" truecount="2" falsecount="0"/>
        <line num="85" count="139" type="stmt"/>
        <line num="86" count="28" type="cond" truecount="2" falsecount="0"/>
        <line num="88" count="139" type="stmt"/>
        <line num="89" count="28" type="cond" truecount="2" falsecount="0"/>
        <line num="93" count="139" type="stmt"/>
        <line num="94" count="83" type="stmt"/>
        <line num="95" count="83" type="cond" truecount="4" falsecount="0"/>
        <line num="96" count="49" type="stmt"/>
        <line num="97" count="2" type="stmt"/>
        <line num="100" count="83" type="stmt"/>
        <line num="104" count="139" type="stmt"/>
        <line num="105" count="139" type="stmt"/>
        <line num="106" count="139" type="stmt"/>
        <line num="107" count="139" type="stmt"/>
        <line num="108" count="139" type="cond" truecount="2" falsecount="0"/>
        <line num="109" count="59" type="stmt"/>
        <line num="110" count="139" type="stmt"/>
        <line num="111" count="139" type="stmt"/>
        <line num="112" count="139" type="stmt"/>
        <line num="113" count="139" type="stmt"/>
        <line num="114" count="139" type="stmt"/>
        <line num="115" count="139" type="stmt"/>
        <line num="116" count="139" type="stmt"/>
        <line num="117" count="139" type="stmt"/>
        <line num="118" count="139" type="stmt"/>
        <line num="121" count="139" type="stmt"/>
        <line num="122" count="42" type="stmt"/>
        <line num="123" count="42" type="stmt"/>
        <line num="124" count="57" type="stmt"/>
        <line num="125" count="42" type="cond" truecount="1" falsecount="1"/>
        <line num="127" count="42" type="stmt"/>
        <line num="128" count="42" type="stmt"/>
        <line num="129" count="42" type="stmt"/>
        <line num="133" count="139" type="stmt"/>
        <line num="134" count="1" type="cond" truecount="1" falsecount="1"/>
        <line num="137" count="139" type="stmt"/>
        <line num="138" count="2" type="stmt"/>
        <line num="141" count="139" type="stmt"/>
        <line num="142" count="1" type="stmt"/>
        <line num="143" count="1" type="stmt"/>
        <line num="146" count="139" type="stmt"/>
        <line num="147" count="54" type="stmt"/>
        <line num="148" count="54" type="stmt"/>
        <line num="149" count="444" type="stmt"/>
        <line num="150" count="444" type="stmt"/>
        <line num="152" count="54" type="stmt"/>
        <line num="155" count="139" type="cond" truecount="1" falsecount="0"/>
        <line num="156" count="40" type="stmt"/>
        <line num="157" count="40" type="stmt"/>
        <line num="158" count="102" type="stmt"/>
        <line num="159" count="483" type="stmt"/>
        <line num="162" count="40" type="stmt"/>
        <line num="165" count="139" type="stmt"/>
        <line num="166" count="30" type="cond" truecount="1" falsecount="1"/>
        <line num="167" count="0" type="stmt"/>
        <line num="169" count="30" type="stmt"/>
        <line num="170" count="30" type="stmt"/>
        <line num="171" count="30" type="stmt"/>
        <line num="172" count="30" type="stmt"/>
        <line num="175" count="139" type="stmt"/>
        <line num="176" count="41" type="stmt"/>
        <line num="177" count="41" type="stmt"/>
        <line num="180" count="139" type="stmt"/>
        <line num="181" count="23" type="stmt"/>
        <line num="182" count="23" type="stmt"/>
        <line num="183" count="23" type="stmt"/>
        <line num="184" count="28" type="cond" truecount="1" falsecount="1"/>
        <line num="186" count="23" type="stmt"/>
        <line num="188" count="23" type="stmt"/>
        <line num="191" count="139" type="stmt"/>
        <line num="192" count="41" type="stmt"/>
        <line num="193" count="30" type="stmt"/>
        <line num="194" count="30" type="cond" truecount="2" falsecount="0"/>
        <line num="195" count="14" type="stmt"/>
        <line num="198" count="30" type="stmt"/>
        <line num="199" count="30" type="stmt"/>
        <line num="200" count="30" type="stmt"/>
        <line num="201" count="30" type="stmt"/>
        <line num="202" count="30" type="stmt"/>
        <line num="203" count="30" type="stmt"/>
        <line num="204" count="30" type="stmt"/>
        <line num="205" count="30" type="stmt"/>
        <line num="206" count="30" type="stmt"/>
        <line num="207" count="30" type="stmt"/>
        <line num="209" count="30" type="stmt"/>
        <line num="211" count="30" type="stmt"/>
        <line num="212" count="30" type="stmt"/>
        <line num="213" count="30" type="stmt"/>
        <line num="216" count="139" type="stmt"/>
        <line num="217" count="1" type="stmt"/>
        <line num="218" count="1" type="stmt"/>
        <line num="219" count="1" type="stmt"/>
        <line num="220" count="1" type="stmt"/>
        <line num="221" count="1" type="stmt"/>
        <line num="225" count="139" type="stmt"/>
        <line num="226" count="139" type="stmt"/>
        <line num="227" count="161" type="cond" truecount="4" falsecount="0"/>
        <line num="228" count="38" type="stmt"/>
        <line num="230" count="123" type="cond" truecount="2" falsecount="0"/>
        <line num="234" count="139" type="stmt"/>
        <line num="235" count="26" type="stmt"/>
        <line num="236" count="26" type="cond" truecount="1" falsecount="1"/>
        <line num="237" count="26" type="stmt"/>
        <line num="238" count="34" type="stmt"/>
        <line num="241" count="139" type="stmt"/>
        <line num="242" count="5" type="stmt"/>
        <line num="243" count="5" type="stmt"/>
        <line num="244" count="5" type="stmt"/>
        <line num="245" count="5" type="stmt"/>
        <line num="246" count="5" type="stmt"/>
        <line num="247" count="5" type="stmt"/>
        <line num="248" count="6" type="stmt"/>
        <line num="249" count="6" type="stmt"/>
        <line num="250" count="6" type="stmt"/>
        <line num="251" count="6" type="stmt"/>
        <line num="252" count="6" type="cond" truecount="2" falsecount="0"/>
        <line num="253" count="6" type="cond" truecount="2" falsecount="0"/>
        <line num="254" count="6" type="stmt"/>
        <line num="255" count="6" type="cond" truecount="1" falsecount="1"/>
        <line num="256" count="6" type="stmt"/>
        <line num="257" count="6" type="stmt"/>
        <line num="258" count="6" type="stmt"/>
        <line num="259" count="6" type="cond" truecount="2" falsecount="0"/>
        <line num="260" count="6" type="cond" truecount="2" falsecount="0"/>
        <line num="261" count="6" type="cond" truecount="2" falsecount="0"/>
        <line num="262" count="6" type="cond" truecount="2" falsecount="0"/>
        <line num="263" count="6" type="cond" truecount="2" falsecount="0"/>
        <line num="266" count="5" type="stmt"/>
        <line num="267" count="5" type="cond" truecount="1" falsecount="1"/>
        <line num="268" count="5" type="stmt"/>
        <line num="269" count="16" type="cond" truecount="2" falsecount="0"/>
        <line num="271" count="1" type="stmt"/>
        <line num="272" count="11" type="cond" truecount="1" falsecount="1"/>
        <line num="274" count="1" type="stmt"/>
        <line num="277" count="5" type="stmt"/>
        <line num="291" count="139" type="cond" truecount="1" falsecount="0"/>
        <line num="292" count="37" type="cond" truecount="2" falsecount="0"/>
        <line num="293" count="37" type="stmt"/>
        <line num="294" count="37" type="stmt"/>
        <line num="295" count="37" type="stmt"/>
        <line num="301" count="37" type="stmt"/>
        <line num="302" count="37" type="stmt"/>
        <line num="303" count="37" type="cond" truecount="6" falsecount="0"/>
        <line num="304" count="8" type="stmt"/>
        <line num="305" count="8" type="cond" truecount="4" falsecount="0"/>
        <line num="306" count="8" type="cond" truecount="4" falsecount="0"/>
        <line num="309" count="37" type="cond" truecount="4" falsecount="0"/>
        <line num="310" count="3" type="stmt"/>
        <line num="311" count="3" type="stmt"/>
        <line num="312" count="3" type="stmt"/>
        <line num="314" count="3" type="cond" truecount="2" falsecount="0"/>
        <line num="315" count="2" type="stmt"/>
        <line num="316" count="2" type="stmt"/>
        <line num="317" count="2" type="stmt"/>
        <line num="318" count="2" type="stmt"/>
        <line num="319" count="2" type="stmt"/>
        <line num="322" count="3" type="stmt"/>
        <line num="323" count="34" type="cond" truecount="2" falsecount="0"/>
        <line num="324" count="3" type="stmt"/>
        <line num="327" count="37" type="cond" truecount="2" falsecount="0"/>
        <line num="328" count="3" type="stmt"/>
        <line num="329" count="3" type="cond" truecount="2" falsecount="0"/>
        <line num="331" count="37" type="cond" truecount="2" falsecount="0"/>
        <line num="332" count="3" type="stmt"/>
        <line num="333" count="3" type="cond" truecount="2" falsecount="0"/>
        <line num="335" count="37" type="cond" truecount="2" falsecount="0"/>
        <line num="337" count="37" type="cond" truecount="4" falsecount="0"/>
        <line num="338" count="1" type="stmt"/>
        <line num="339" count="1" type="stmt"/>
        <line num="340" count="36" type="cond" truecount="2" falsecount="0"/>
        <line num="341" count="3" type="stmt"/>
        <line num="344" count="37" type="cond" truecount="4" falsecount="0"/>
        <line num="345" count="3" type="cond" truecount="2" falsecount="0"/>
        <line num="346" count="3" type="stmt"/>
        <line num="347" count="3" type="stmt"/>
        <line num="348" count="3" type="stmt"/>
        <line num="349" count="3" type="stmt"/>
        <line num="350" count="3" type="stmt"/>
        <line num="351" count="3" type="stmt"/>
        <line num="352" count="34" type="cond" truecount="2" falsecount="0"/>
        <line num="353" count="2" type="stmt"/>
        <line num="356" count="34" type="stmt"/>
        <line num="358" count="34" type="stmt"/>
        <line num="359" count="34" type="stmt"/>
        <line num="360" count="34" type="stmt"/>
        <line num="363" count="34" type="stmt"/>
        <line num="364" count="34" type="stmt"/>
        <line num="365" count="34" type="stmt"/>
        <line num="367" count="34" type="cond" truecount="2" falsecount="0"/>
        <line num="369" count="23" type="stmt"/>
        <line num="370" count="23" type="cond" truecount="2" falsecount="0"/>
        <line num="373" count="2" type="cond" truecount="1" falsecount="1"/>
        <line num="374" count="2" type="stmt"/>
        <line num="375" count="2" type="stmt"/>
        <line num="378" count="23" type="cond" truecount="2" falsecount="0"/>
        <line num="379" count="21" type="stmt"/>
        <line num="380" count="21" type="stmt"/>
        <line num="381" count="21" type="stmt"/>
        <line num="385" count="34" type="stmt"/>
        <line num="387" count="34" type="cond" truecount="2" falsecount="0"/>
        <line num="388" count="2" type="stmt"/>
        <line num="389" count="2" type="stmt"/>
        <line num="390" count="2" type="stmt"/>
        <line num="392" count="32" type="stmt"/>
        <line num="393" count="32" type="stmt"/>
        <line num="395" count="32" type="stmt"/>
        <line num="396" count="32" type="cond" truecount="2" falsecount="0"/>
        <line num="397" count="10" type="stmt"/>
        <line num="399" count="32" type="stmt"/>
        <line num="400" count="32" type="stmt"/>
        <line num="401" count="32" type="stmt"/>
        <line num="405" count="139" type="stmt"/>
        <line num="406" count="9" type="cond" truecount="3" falsecount="1"/>
        <line num="408" count="9" type="stmt"/>
        <line num="409" count="9" type="stmt"/>
        <line num="410" count="9" type="stmt"/>
        <line num="412" count="9" type="cond" truecount="2" falsecount="0"/>
        <line num="413" count="3" type="stmt"/>
        <line num="414" count="3" type="stmt"/>
        <line num="416" count="5" type="stmt"/>
        <line num="417" count="3" type="stmt"/>
        <line num="420" count="9" type="stmt"/>
        <line num="423" count="9" type="cond" truecount="2" falsecount="0"/>
        <line num="426" count="9" type="cond" truecount="1" falsecount="1"/>
        <line num="427" count="9" type="stmt"/>
        <line num="428" count="9" type="cond" truecount="5" falsecount="0"/>
        <line num="429" count="2" type="cond" truecount="1" falsecount="1"/>
        <line num="430" count="2" type="cond" truecount="3" falsecount="1"/>
        <line num="431" count="2" type="cond" truecount="1" falsecount="3"/>
        <line num="435" count="9" type="cond" truecount="2" falsecount="0"/>
        <line num="436" count="1" type="cond" truecount="2" falsecount="0"/>
        <line num="438" count="9" type="cond" truecount="2" falsecount="0"/>
        <line num="439" count="1" type="cond" truecount="1" falsecount="1"/>
        <line num="442" count="9" type="cond" truecount="4" falsecount="0"/>
        <line num="443" count="2" type="stmt"/>
        <line num="444" count="2" type="stmt"/>
        <line num="445" count="2" type="stmt"/>
        <line num="446" count="2" type="stmt"/>
        <line num="450" count="9" type="cond" truecount="2" falsecount="0"/>
        <line num="451" count="3" type="cond" truecount="2" falsecount="0"/>
        <line num="452" count="1" type="stmt"/>
        <line num="455" count="9" type="cond" truecount="2" falsecount="0"/>
        <line num="457" count="9" type="cond" truecount="2" falsecount="0"/>
        <line num="458" count="1" type="cond" truecount="1" falsecount="1"/>
        <line num="459" count="1" type="stmt"/>
        <line num="462" count="9" type="stmt"/>
        <line num="464" count="9" type="stmt"/>
        <line num="465" count="9" type="stmt"/>
        <line num="466" count="9" type="stmt"/>
        <line num="468" count="9" type="stmt"/>
        <line num="469" count="9" type="stmt"/>
        <line num="471" count="9" type="stmt"/>
        <line num="472" count="9" type="stmt"/>
        <line num="473" count="9" type="stmt"/>
        <line num="476" count="139" type="stmt"/>
        <line num="477" count="139" type="stmt"/>
        <line num="479" count="139" type="stmt"/>
        <line num="480" count="139" type="stmt"/>
        <line num="481" count="139" type="stmt"/>
        <line num="482" count="139" type="stmt"/>
        <line num="483" count="139" type="cond" truecount="1" falsecount="1"/>
        <line num="484" count="139" type="stmt"/>
        <line num="487" count="139" type="stmt"/>
      </file>
      <file name="useOnlineGame.js" path="C:\Users\Administrator\Documents\Cursor\Tutto\tutto\src\hooks\useOnlineGame.js">
        <metrics statements="307" coveredstatements="224" conditionals="231" coveredconditionals="153" methods="58" coveredmethods="33"/>
        <line num="7" count="23" type="stmt"/>
        <line num="8" count="23" type="stmt"/>
        <line num="9" count="23" type="stmt"/>
        <line num="10" count="23" type="stmt"/>
        <line num="11" count="23" type="stmt"/>
        <line num="12" count="23" type="stmt"/>
        <line num="14" count="23" type="stmt"/>
        <line num="15" count="23" type="stmt"/>
        <line num="17" count="23" type="stmt"/>
        <line num="18" count="10" type="stmt"/>
        <line num="19" count="10" type="stmt"/>
        <line num="22" count="23" type="stmt"/>
        <line num="23" count="5" type="cond" truecount="2" falsecount="0"/>
        <line num="25" count="1" type="stmt"/>
        <line num="28" count="5" type="stmt"/>
        <line num="29" count="8" type="stmt"/>
        <line num="32" count="5" type="stmt"/>
        <line num="33" count="0" type="stmt"/>
        <line num="34" count="0" type="stmt"/>
        <line num="37" count="5" type="stmt"/>
        <line num="38" count="0" type="stmt"/>
        <line num="39" count="0" type="stmt"/>
        <line num="40" count="0" type="stmt"/>
        <line num="41" count="0" type="stmt"/>
        <line num="42" count="0" type="stmt"/>
        <line num="43" count="0" type="stmt"/>
        <line num="46" count="5" type="stmt"/>
        <line num="47" count="0" type="stmt"/>
        <line num="48" count="0" type="cond" truecount="0" falsecount="4"/>
        <line num="50" count="0" type="cond" truecount="0" falsecount="2"/>
        <line num="51" count="0" type="stmt"/>
        <line num="52" count="0" type="cond" truecount="0" falsecount="2"/>
        <line num="53" count="0" type="stmt"/>
        <line num="59" count="5" type="stmt"/>
        <line num="60" count="5" type="stmt"/>
        <line num="61" count="5" type="stmt"/>
        <line num="62" count="5" type="stmt"/>
        <line num="63" count="5" type="stmt"/>
        <line num="67" count="23" type="stmt"/>
        <line num="68" count="6" type="stmt"/>
        <line num="69" count="6" type="stmt"/>
        <line num="72" count="23" type="stmt"/>
        <line num="73" count="5" type="stmt"/>
        <line num="74" count="5" type="cond" truecount="2" falsecount="0"/>
        <line num="75" count="5" type="stmt"/>
        <line num="76" count="5" type="cond" truecount="1" falsecount="1"/>
        <line num="77" count="5" type="stmt"/>
        <line num="78" count="5" type="stmt"/>
        <line num="79" count="5" type="stmt"/>
        <line num="81" count="5" type="stmt"/>
        <line num="86" count="23" type="stmt"/>
        <line num="87" count="0" type="stmt"/>
        <line num="88" count="0" type="stmt"/>
        <line num="89" count="0" type="stmt"/>
        <line num="90" count="0" type="stmt"/>
        <line num="91" count="0" type="stmt"/>
        <line num="94" count="23" type="stmt"/>
        <line num="95" count="0" type="stmt"/>
        <line num="98" count="23" type="stmt"/>
        <line num="99" count="0" type="cond" truecount="0" falsecount="2"/>
        <line num="100" count="0" type="stmt"/>
        <line num="104" count="23" type="stmt"/>
        <line num="105" count="0" type="cond" truecount="0" falsecount="2"/>
        <line num="106" count="0" type="stmt"/>
        <line num="110" count="23" type="stmt"/>
        <line num="111" count="0" type="stmt"/>
        <line num="112" count="0" type="stmt"/>
        <line num="115" count="23" type="stmt"/>
        <line num="116" count="4" type="stmt"/>
        <line num="117" count="4" type="stmt"/>
        <line num="118" count="0" type="stmt"/>
        <line num="119" count="0" type="stmt"/>
        <line num="121" count="4" type="stmt"/>
        <line num="124" count="23" type="stmt"/>
        <line num="125" count="4" type="stmt"/>
        <line num="126" count="4" type="stmt"/>
        <line num="127" count="4" type="stmt"/>
        <line num="128" count="4" type="stmt"/>
        <line num="131" count="4" type="stmt"/>
        <line num="134" count="23" type="stmt"/>
        <line num="135" count="6" type="stmt"/>
        <line num="136" count="6" type="cond" truecount="1" falsecount="1"/>
        <line num="137" count="6" type="stmt"/>
        <line num="138" count="8" type="stmt"/>
        <line num="141" count="23" type="stmt"/>
        <line num="142" count="1" type="cond" truecount="1" falsecount="1"/>
        <line num="143" count="1" type="stmt"/>
        <line num="145" count="2" type="stmt"/>
        <line num="165" count="1" type="cond" truecount="1" falsecount="1"/>
        <line num="166" count="0" type="stmt"/>
        <line num="168" count="1" type="stmt"/>
        <line num="170" count="1" type="stmt"/>
        <line num="171" count="1" type="stmt"/>
        <line num="172" count="1" type="stmt"/>
        <line num="173" count="2" type="stmt"/>
        <line num="174" count="2" type="stmt"/>
        <line num="175" count="1" type="stmt"/>
        <line num="176" count="1" type="stmt"/>
        <line num="177" count="1" type="stmt"/>
        <line num="178" count="1" type="stmt"/>
        <line num="180" count="1" type="stmt"/>
        <line num="181" count="1" type="stmt"/>
        <line num="182" count="1" type="stmt"/>
        <line num="183" count="1" type="stmt"/>
        <line num="185" count="1" type="stmt"/>
        <line num="188" count="23" type="stmt"/>
        <line num="189" count="0" type="cond" truecount="0" falsecount="2"/>
        <line num="190" count="0" type="stmt"/>
        <line num="191" count="0" type="stmt"/>
        <line num="192" count="0" type="stmt"/>
        <line num="193" count="0" type="stmt"/>
        <line num="194" count="0" type="stmt"/>
        <line num="195" count="0" type="stmt"/>
        <line num="196" count="0" type="stmt"/>
        <line num="199" count="23" type="cond" truecount="1" falsecount="0"/>
        <line num="200" count="4" type="cond" truecount="3" falsecount="1"/>
        <line num="201" count="4" type="stmt"/>
        <line num="203" count="4" type="cond" truecount="2" falsecount="0"/>
        <line num="204" count="4" type="stmt"/>
        <line num="205" count="4" type="stmt"/>
        <line num="210" count="4" type="cond" truecount="2" falsecount="0"/>
        <line num="211" count="4" type="stmt"/>
        <line num="212" count="4" type="cond" truecount="6" falsecount="0"/>
        <line num="213" count="1" type="cond" truecount="2" falsecount="0"/>
        <line num="214" count="1" type="cond" truecount="1" falsecount="3"/>
        <line num="215" count="1" type="cond" truecount="3" falsecount="1"/>
        <line num="218" count="4" type="cond" truecount="2" falsecount="2"/>
        <line num="219" count="0" type="stmt"/>
        <line num="220" count="0" type="stmt"/>
        <line num="221" count="0" type="stmt"/>
        <line num="223" count="0" type="cond" truecount="0" falsecount="2"/>
        <line num="224" count="0" type="stmt"/>
        <line num="225" count="0" type="stmt"/>
        <line num="226" count="0" type="stmt"/>
        <line num="227" count="0" type="stmt"/>
        <line num="228" count="0" type="stmt"/>
        <line num="231" count="0" type="stmt"/>
        <line num="232" count="4" type="cond" truecount="1" falsecount="1"/>
        <line num="233" count="0" type="stmt"/>
        <line num="237" count="4" type="cond" truecount="2" falsecount="0"/>
        <line num="238" count="1" type="cond" truecount="2" falsecount="0"/>
        <line num="239" count="1" type="cond" truecount="2" falsecount="0"/>
        <line num="241" count="4" type="cond" truecount="2" falsecount="0"/>
        <line num="242" count="1" type="cond" truecount="2" falsecount="0"/>
        <line num="243" count="1" type="cond" truecount="2" falsecount="0"/>
        <line num="245" count="4" type="cond" truecount="2" falsecount="0"/>
        <line num="247" count="4" type="cond" truecount="2" falsecount="2"/>
        <line num="248" count="0" type="stmt"/>
        <line num="249" count="0" type="stmt"/>
        <line num="250" count="4" type="cond" truecount="1" falsecount="1"/>
        <line num="251" count="0" type="stmt"/>
        <line num="254" count="4" type="cond" truecount="4" falsecount="0"/>
        <line num="255" count="1" type="cond" truecount="2" falsecount="0"/>
        <line num="256" count="1" type="stmt"/>
        <line num="257" count="1" type="stmt"/>
        <line num="258" count="1" type="stmt"/>
        <line num="259" count="1" type="stmt"/>
        <line num="260" count="1" type="stmt"/>
        <line num="261" count="3" type="cond" truecount="1" falsecount="1"/>
        <line num="262" count="0" type="stmt"/>
        <line num="265" count="3" type="stmt"/>
        <line num="267" count="3" type="stmt"/>
        <line num="268" count="3" type="stmt"/>
        <line num="269" count="3" type="stmt"/>
        <line num="271" count="3" type="stmt"/>
        <line num="272" count="3" type="stmt"/>
        <line num="274" count="3" type="cond" truecount="1" falsecount="1"/>
        <line num="275" count="3" type="stmt"/>
        <line num="276" count="3" type="cond" truecount="1" falsecount="1"/>
        <line num="277" count="0" type="cond" truecount="0" falsecount="2"/>
        <line num="278" count="0" type="stmt"/>
        <line num="279" count="0" type="stmt"/>
        <line num="280" count="0" type="stmt"/>
        <line num="283" count="3" type="cond" truecount="1" falsecount="1"/>
        <line num="284" count="3" type="stmt"/>
        <line num="285" count="3" type="stmt"/>
        <line num="286" count="3" type="stmt"/>
        <line num="287" count="3" type="stmt"/>
        <line num="291" count="3" type="cond" truecount="1" falsecount="1"/>
        <line num="292" count="0" type="stmt"/>
        <line num="293" count="0" type="stmt"/>
        <line num="294" count="0" type="stmt"/>
        <line num="296" count="3" type="stmt"/>
        <line num="297" count="3" type="stmt"/>
        <line num="298" count="3" type="cond" truecount="1" falsecount="1"/>
        <line num="299" count="3" type="stmt"/>
        <line num="301" count="3" type="stmt"/>
        <line num="302" count="3" type="stmt"/>
        <line num="303" count="3" type="stmt"/>
        <line num="307" count="23" type="stmt"/>
        <line num="308" count="1" type="cond" truecount="4" falsecount="1"/>
        <line num="309" count="1" type="stmt"/>
        <line num="311" count="1" type="stmt"/>
        <line num="313" count="1" type="cond" truecount="1" falsecount="1"/>
        <line num="314" count="0" type="stmt"/>
        <line num="315" count="0" type="stmt"/>
        <line num="316" count="0" type="stmt"/>
        <line num="317" count="0" type="stmt"/>
        <line num="320" count="1" type="stmt"/>
        <line num="323" count="1" type="cond" truecount="1" falsecount="3"/>
        <line num="326" count="1" type="cond" truecount="1" falsecount="1"/>
        <line num="327" count="1" type="stmt"/>
        <line num="328" count="1" type="cond" truecount="4" falsecount="1"/>
        <line num="329" count="1" type="cond" truecount="1" falsecount="1"/>
        <line num="330" count="1" type="cond" truecount="1" falsecount="3"/>
        <line num="331" count="1" type="cond" truecount="2" falsecount="2"/>
        <line num="335" count="1" type="cond" truecount="1" falsecount="1"/>
        <line num="336" count="0" type="cond" truecount="0" falsecount="2"/>
        <line num="338" count="1" type="cond" truecount="1" falsecount="1"/>
        <line num="339" count="1" type="cond" truecount="2" falsecount="0"/>
        <line num="342" count="1" type="cond" truecount="2" falsecount="2"/>
        <line num="343" count="0" type="stmt"/>
        <line num="344" count="0" type="stmt"/>
        <line num="345" count="0" type="stmt"/>
        <line num="346" count="0" type="stmt"/>
        <line num="350" count="1" type="cond" truecount="1" falsecount="1"/>
        <line num="351" count="0" type="cond" truecount="0" falsecount="2"/>
        <line num="352" count="0" type="stmt"/>
        <line num="355" count="1" type="cond" truecount="2" falsecount="2"/>
        <line num="357" count="1" type="cond" truecount="1" falsecount="1"/>
        <line num="358" count="0" type="cond" truecount="0" falsecount="2"/>
        <line num="359" count="0" type="stmt"/>
        <line num="362" count="1" type="stmt"/>
        <line num="364" count="1" type="stmt"/>
        <line num="365" count="1" type="stmt"/>
        <line num="366" count="1" type="stmt"/>
        <line num="368" count="1" type="stmt"/>
        <line num="369" count="1" type="stmt"/>
        <line num="370" count="1" type="stmt"/>
        <line num="372" count="1" type="stmt"/>
        <line num="376" count="23" type="stmt"/>
        <line num="377" count="18" type="stmt"/>
        <line num="378" count="18" type="cond" truecount="6" falsecount="0"/>
        <line num="379" count="5" type="stmt"/>
        <line num="380" count="0" type="stmt"/>
        <line num="381" count="0" type="cond" truecount="0" falsecount="2"/>
        <line num="382" count="0" type="stmt"/>
        <line num="386" count="0" type="stmt"/>
        <line num="389" count="13" type="cond" truecount="4" falsecount="2"/>
        <line num="390" count="0" type="stmt"/>
        <line num="391" count="0" type="stmt"/>
        <line num="392" count="0" type="cond" truecount="0" falsecount="2"/>
        <line num="393" count="0" type="stmt"/>
        <line num="397" count="18" type="stmt"/>
        <line num="400" count="23" type="stmt"/>
        <line num="402" count="3" type="stmt"/>
        <line num="403" count="3" type="cond" truecount="1" falsecount="1"/>
        <line num="405" count="3" type="stmt"/>
        <line num="406" count="3" type="cond" truecount="1" falsecount="1"/>
        <line num="408" count="3" type="stmt"/>
        <line num="434" count="3" type="cond" truecount="1" falsecount="1"/>
        <line num="435" count="3" type="stmt"/>
        <line num="436" count="3" type="stmt"/>
        <line num="437" count="3" type="stmt"/>
        <line num="438" count="3" type="stmt"/>
        <line num="439" count="3" type="stmt"/>
        <line num="440" count="3" type="stmt"/>
        <line num="441" count="5" type="stmt"/>
        <line num="442" count="5" type="stmt"/>
        <line num="443" count="5" type="stmt"/>
        <line num="444" count="5" type="stmt"/>
        <line num="445" count="5" type="cond" truecount="2" falsecount="0"/>
        <line num="446" count="5" type="cond" truecount="2" falsecount="0"/>
        <line num="447" count="5" type="stmt"/>
        <line num="448" count="5" type="cond" truecount="2" falsecount="0"/>
        <line num="449" count="5" type="stmt"/>
        <line num="450" count="5" type="stmt"/>
        <line num="451" count="5" type="stmt"/>
        <line num="452" count="5" type="cond" truecount="2" falsecount="0"/>
        <line num="453" count="5" type="cond" truecount="2" falsecount="0"/>
        <line num="454" count="5" type="cond" truecount="2" falsecount="0"/>
        <line num="455" count="5" type="cond" truecount="2" falsecount="0"/>
        <line num="456" count="5" type="cond" truecount="2" falsecount="0"/>
        <line num="459" count="3" type="stmt"/>
        <line num="460" count="3" type="cond" truecount="2" falsecount="0"/>
        <line num="461" count="1" type="stmt"/>
        <line num="465" count="1" type="stmt"/>
        <line num="466" count="11" type="cond" truecount="1" falsecount="1"/>
        <line num="468" count="1" type="stmt"/>
        <line num="469" count="11" type="cond" truecount="1" falsecount="1"/>
        <line num="471" count="1" type="stmt"/>
        <line num="474" count="3" type="stmt"/>
        <line num="489" count="23" type="stmt"/>
        <line num="490" count="23" type="stmt"/>
        <line num="491" count="12" type="cond" truecount="4" falsecount="0"/>
        <line num="492" count="3" type="stmt"/>
        <line num="493" count="3" type="stmt"/>
        <line num="494" count="9" type="cond" truecount="4" falsecount="0"/>
        <line num="495" count="4" type="stmt"/>
        <line num="499" count="23" type="cond" truecount="2" falsecount="0"/>
        <line num="501" count="13" type="stmt"/>
        <line num="502" count="13" type="stmt"/>
        <line num="503" count="13" type="stmt"/>
        <line num="504" count="13" type="stmt"/>
        <line num="505" count="13" type="cond" truecount="1" falsecount="1"/>
        <line num="506" count="13" type="stmt"/>
        <line num="509" count="13" type="stmt"/>
        <line num="510" count="13" type="stmt"/>
        <line num="512" count="13" type="stmt"/>
        <line num="513" count="13" type="stmt"/>
        <line num="514" count="17" type="cond" truecount="4" falsecount="0"/>
        <line num="515" count="2" type="stmt"/>
        <line num="517" count="15" type="cond" truecount="2" falsecount="0"/>
        <line num="521" count="13" type="stmt"/>
        <line num="543" count="0" type="stmt"/>
        <line num="545" count="0" type="stmt"/>
        <line num="547" count="0" type="stmt"/>
      </file>
    </package>
    <package name="src.utils">
      <metrics statements="78" coveredstatements="78" conditionals="58" coveredconditionals="56" methods="11" coveredmethods="11"/>
      <file name="diceLogic.js" path="C:\Users\Administrator\Documents\Cursor\Tutto\tutto\src\utils\diceLogic.js">
        <metrics statements="78" coveredstatements="78" conditionals="58" coveredconditionals="56" methods="11" coveredmethods="11"/>
        <line num="1" count="68" type="stmt"/>
        <line num="3" count="2" type="stmt"/>
        <line num="4" count="26" type="cond" truecount="2" falsecount="0"/>
        <line num="5" count="8" type="stmt"/>
        <line num="6" count="8" type="cond" truecount="2" falsecount="0"/>
        <line num="7" count="3" type="stmt"/>
        <line num="8" count="5" type="cond" truecount="2" falsecount="0"/>
        <line num="9" count="3" type="stmt"/>
        <line num="11" count="2" type="stmt"/>
        <line num="13" count="17" type="stmt"/>
        <line num="16" count="18" type="cond" truecount="4" falsecount="0"/>
        <line num="18" count="8" type="stmt"/>
        <line num="19" count="43" type="stmt"/>
        <line num="20" count="8" type="stmt"/>
        <line num="21" count="29" type="cond" truecount="2" falsecount="0"/>
        <line num="23" count="5" type="stmt"/>
        <line num="26" count="2" type="stmt"/>
        <line num="27" count="13" type="cond" truecount="1" falsecount="1"/>
        <line num="28" count="16" type="stmt"/>
        <line num="30" count="13" type="stmt"/>
        <line num="32" count="13" type="cond" truecount="2" falsecount="0"/>
        <line num="33" count="9" type="cond" truecount="2" falsecount="0"/>
        <line num="34" count="4" type="stmt"/>
        <line num="35" count="4" type="stmt"/>
        <line num="36" count="4" type="stmt"/>
        <line num="37" count="4" type="stmt"/>
        <line num="38" count="9" type="cond" truecount="2" falsecount="0"/>
        <line num="39" count="1" type="stmt"/>
        <line num="41" count="4" type="cond" truecount="2" falsecount="0"/>
        <line num="43" count="9" type="stmt"/>
        <line num="44" count="6" type="cond" truecount="2" falsecount="0"/>
        <line num="45" count="3" type="stmt"/>
        <line num="46" count="3" type="stmt"/>
        <line num="47" count="3" type="stmt"/>
        <line num="48" count="3" type="stmt"/>
        <line num="49" count="7" type="cond" truecount="2" falsecount="0"/>
        <line num="50" count="1" type="stmt"/>
        <line num="52" count="3" type="cond" truecount="2" falsecount="0"/>
        <line num="54" count="4" type="stmt"/>
        <line num="57" count="4" type="cond" truecount="2" falsecount="0"/>
        <line num="58" count="2" type="stmt"/>
        <line num="59" count="2" type="stmt"/>
        <line num="60" count="2" type="stmt"/>
        <line num="61" count="3" type="cond" truecount="2" falsecount="0"/>
        <line num="62" count="1" type="stmt"/>
        <line num="64" count="2" type="cond" truecount="2" falsecount="0"/>
        <line num="66" count="2" type="stmt"/>
        <line num="67" count="2" type="stmt"/>
        <line num="68" count="2" type="stmt"/>
        <line num="69" count="2" type="stmt"/>
        <line num="70" count="3" type="cond" truecount="2" falsecount="0"/>
        <line num="71" count="1" type="stmt"/>
        <line num="73" count="2" type="cond" truecount="2" falsecount="0"/>
        <line num="76" count="2" type="stmt"/>
        <line num="79" count="2" type="stmt"/>
        <line num="80" count="82" type="cond" truecount="2" falsecount="0"/>
        <line num="82" count="59" type="cond" truecount="2" falsecount="0"/>
        <line num="83" count="2" type="stmt"/>
        <line num="84" count="2" type="stmt"/>
        <line num="86" count="57" type="stmt"/>
        <line num="87" count="177" type="stmt"/>
        <line num="89" count="57" type="stmt"/>
        <line num="90" count="57" type="stmt"/>
        <line num="91" count="243" type="cond" truecount="2" falsecount="0"/>
        <line num="92" count="198" type="cond" truecount="4" falsecount="0"/>
        <line num="93" count="186" type="cond" truecount="2" falsecount="0"/>
        <line num="94" count="15" type="stmt"/>
        <line num="95" count="15" type="cond" truecount="1" falsecount="1"/>
        <line num="99" count="45" type="stmt"/>
        <line num="100" count="45" type="stmt"/>
        <line num="102" count="45" type="stmt"/>
        <line num="106" count="2" type="stmt"/>
        <line num="107" count="12" type="stmt"/>
        <line num="108" count="12" type="cond" truecount="2" falsecount="0"/>
        <line num="109" count="3" type="stmt"/>
        <line num="110" count="9" type="cond" truecount="2" falsecount="0"/>
        <line num="111" count="3" type="cond" truecount="2" falsecount="0"/>
        <line num="113" count="12" type="stmt"/>
      </file>
    </package>
  </project>
</coverage>
