<?xml version="1.0" encoding="UTF-8"?>
<coverage generated="1781979427521" clover="3.2.0">
  <project timestamp="1781979427521" name="All files">
    <metrics statements="824" coveredstatements="706" conditionals="665" coveredconditionals="519" methods="181" coveredmethods="135" elements="1670" coveredelements="1360" complexity="0" loc="824" ncloc="824" packages="3" files="5" classes="5"/>
    <package name="components">
      <metrics statements="161" coveredstatements="131" conditionals="205" coveredconditionals="158" methods="48" coveredmethods="32"/>
      <file name="DiceGame.jsx" path="C:\Users\Administrator\Documents\Cursor\Tutto\tutto\src\components\DiceGame.jsx">
        <metrics statements="90" coveredstatements="85" conditionals="95" coveredconditionals="83" methods="21" coveredmethods="19"/>
        <line num="8" count="56" type="stmt"/>
        <line num="9" count="56" type="stmt"/>
        <line num="10" count="56" type="stmt"/>
        <line num="11" count="56" type="stmt"/>
        <line num="13" count="56" type="stmt"/>
        <line num="14" count="56" type="stmt"/>
        <line num="15" count="56" type="stmt"/>
        <line num="16" count="56" type="stmt"/>
        <line num="17" count="56" type="stmt"/>
        <line num="19" count="291" type="stmt"/>
        <line num="20" count="134" type="stmt"/>
        <line num="22" count="56" type="stmt"/>
        <line num="24" count="56" type="stmt"/>
        <line num="26" count="56" type="cond" truecount="2" falsecount="0"/>
        <line num="27" count="51" type="stmt"/>
        <line num="33" count="9" type="stmt"/>
        <line num="34" count="9" type="stmt"/>
        <line num="36" count="51" type="cond" truecount="2" falsecount="0"/>
        <line num="37" count="1" type="stmt"/>
        <line num="38" count="1" type="stmt"/>
        <line num="40" count="1" type="stmt"/>
        <line num="41" count="1" type="cond" truecount="1" falsecount="1"/>
        <line num="42" count="1" type="stmt"/>
        <line num="44" count="0" type="stmt"/>
        <line num="46" count="1" type="stmt"/>
        <line num="51" count="56" type="stmt"/>
        <line num="52" count="8" type="cond" truecount="2" falsecount="2"/>
        <line num="54" count="8" type="stmt"/>
        <line num="55" count="8" type="stmt"/>
        <line num="56" count="8" type="stmt"/>
        <line num="58" count="8" type="stmt"/>
        <line num="60" count="8" type="cond" truecount="2" falsecount="0"/>
        <line num="61" count="6" type="stmt"/>
        <line num="62" count="6" type="stmt"/>
        <line num="63" count="6" type="stmt"/>
        <line num="65" count="6" type="cond" truecount="2" falsecount="0"/>
        <line num="66" count="2" type="cond" truecount="2" falsecount="0"/>
        <line num="67" count="1" type="stmt"/>
        <line num="68" count="1" type="stmt"/>
        <line num="69" count="1" type="stmt"/>
        <line num="70" count="1" type="stmt"/>
        <line num="71" count="1" type="stmt"/>
        <line num="72" count="1" type="stmt"/>
        <line num="74" count="1" type="stmt"/>
        <line num="75" count="1" type="stmt"/>
        <line num="76" count="1" type="stmt"/>
        <line num="78" count="4" type="cond" truecount="2" falsecount="0"/>
        <line num="79" count="2" type="stmt"/>
        <line num="80" count="2" type="stmt"/>
        <line num="81" count="2" type="stmt"/>
        <line num="85" count="4" type="cond" truecount="2" falsecount="0"/>
        <line num="86" count="1" type="stmt"/>
        <line num="87" count="1" type="stmt"/>
        <line num="88" count="1" type="stmt"/>
        <line num="91" count="3" type="cond" truecount="1" falsecount="1"/>
        <line num="92" count="3" type="stmt"/>
        <line num="93" count="3" type="stmt"/>
        <line num="95" count="3" type="cond" truecount="2" falsecount="0"/>
        <line num="96" count="2" type="stmt"/>
        <line num="97" count="2" type="stmt"/>
        <line num="99" count="1" type="stmt"/>
        <line num="100" count="1" type="stmt"/>
        <line num="105" count="56" type="stmt"/>
        <line num="106" count="37" type="cond" truecount="3" falsecount="1"/>
        <line num="107" count="213" type="cond" truecount="2" falsecount="0"/>
        <line num="110" count="56" type="stmt"/>
        <line num="111" count="5" type="cond" truecount="1" falsecount="1"/>
        <line num="112" count="5" type="stmt"/>
        <line num="114" count="0" type="stmt"/>
        <line num="118" count="56" type="stmt"/>
        <line num="119" count="56" type="stmt"/>
        <line num="121" count="56" type="cond" truecount="6" falsecount="0"/>
        <line num="124" count="56" type="cond" truecount="2" falsecount="0"/>
        <line num="126" count="56" type="stmt"/>
        <line num="127" count="56" type="cond" truecount="4" falsecount="0"/>
        <line num="128" count="3" type="cond" truecount="4" falsecount="0"/>
        <line num="129" count="1" type="stmt"/>
        <line num="131" count="2" type="stmt"/>
        <line num="135" count="56" type="stmt"/>
        <line num="136" count="56" type="cond" truecount="2" falsecount="2"/>
        <line num="137" count="0" type="cond" truecount="0" falsecount="2"/>
        <line num="138" count="0" type="stmt"/>
        <line num="140" count="0" type="stmt"/>
        <line num="144" count="56" type="stmt"/>
        <line num="187" count="12" type="stmt"/>
        <line num="199" count="5" type="stmt"/>
        <line num="207" count="264" type="stmt"/>
        <line num="210" count="37" type="stmt"/>
        <line num="237" count="5" type="stmt"/>
        <line num="243" count="3" type="stmt"/>
      </file>
      <file name="Game.jsx" path="C:\Users\Administrator\Documents\Cursor\Tutto\tutto\src\components\Game.jsx">
        <metrics statements="71" coveredstatements="46" conditionals="110" coveredconditionals="75" methods="27" coveredmethods="13"/>
        <line num="7" count="1" type="stmt"/>
        <line num="39" count="13" type="stmt"/>
        <line num="41" count="13" type="cond" truecount="3" falsecount="0"/>
        <line num="42" count="13" type="stmt"/>
        <line num="43" count="13" type="stmt"/>
        <line num="44" count="13" type="stmt"/>
        <line num="45" count="13" type="stmt"/>
        <line num="47" count="13" type="stmt"/>
        <line num="49" count="7" type="cond" truecount="5" falsecount="0"/>
        <line num="50" count="1" type="stmt"/>
        <line num="51" count="1" type="stmt"/>
        <line num="52" count="1" type="stmt"/>
        <line num="55" count="7" type="stmt"/>
        <line num="58" count="13" type="stmt"/>
        <line num="59" count="7" type="cond" truecount="1" falsecount="1"/>
        <line num="60" count="0" type="stmt"/>
        <line num="61" count="0" type="stmt"/>
        <line num="62" count="0" type="stmt"/>
        <line num="66" count="13" type="stmt"/>
        <line num="67" count="7" type="cond" truecount="2" falsecount="0"/>
        <line num="68" count="1" type="stmt"/>
        <line num="69" count="1" type="stmt"/>
        <line num="73" count="13" type="stmt"/>
        <line num="74" count="2" type="cond" truecount="1" falsecount="1"/>
        <line num="76" count="2" type="cond" truecount="1" falsecount="1"/>
        <line num="77" count="2" type="cond" truecount="2" falsecount="0"/>
        <line num="78" count="1" type="stmt"/>
        <line num="79" count="1" type="cond" truecount="1" falsecount="1"/>
        <line num="80" count="1" type="cond" truecount="1" falsecount="1"/>
        <line num="84" count="2" type="stmt"/>
        <line num="85" count="2" type="stmt"/>
        <line num="86" count="2" type="stmt"/>
        <line num="89" count="13" type="stmt"/>
        <line num="90" count="0" type="cond" truecount="0" falsecount="5"/>
        <line num="91" count="0" type="stmt"/>
        <line num="92" count="0" type="stmt"/>
        <line num="95" count="0" type="cond" truecount="0" falsecount="4"/>
        <line num="96" count="0" type="stmt"/>
        <line num="97" count="0" type="cond" truecount="0" falsecount="2"/>
        <line num="98" count="0" type="stmt"/>
        <line num="100" count="0" type="stmt"/>
        <line num="104" count="0" type="stmt"/>
        <line num="105" count="0" type="stmt"/>
        <line num="108" count="13" type="stmt"/>
        <line num="109" count="0" type="stmt"/>
        <line num="110" count="0" type="cond" truecount="0" falsecount="2"/>
        <line num="111" count="0" type="stmt"/>
        <line num="113" count="0" type="stmt"/>
        <line num="117" count="13" type="stmt"/>
        <line num="118" count="0" type="cond" truecount="0" falsecount="2"/>
        <line num="121" count="13" type="cond" truecount="1" falsecount="1"/>
        <line num="123" count="13" type="stmt"/>
        <line num="124" count="13" type="cond" truecount="8" falsecount="0"/>
        <line num="125" count="1" type="stmt"/>
        <line num="126" count="1" type="cond" truecount="1" falsecount="1"/>
        <line num="127" count="0" type="stmt"/>
        <line num="131" count="13" type="cond" truecount="1" falsecount="1"/>
        <line num="133" count="13" type="cond" truecount="4" falsecount="0"/>
        <line num="134" count="13" type="cond" truecount="1" falsecount="1"/>
        <line num="135" count="13" type="cond" truecount="1" falsecount="1"/>
        <line num="137" count="13" type="stmt"/>
        <line num="180" count="0" type="stmt"/>
        <line num="192" count="2" type="stmt"/>
        <line num="201" count="2" type="stmt"/>
        <line num="210" count="72" type="stmt"/>
        <line num="231" count="0" type="stmt"/>
        <line num="240" count="0" type="stmt"/>
        <line num="243" count="0" type="stmt"/>
        <line num="265" count="0" type="stmt"/>
        <line num="287" count="13" type="cond" truecount="1" falsecount="1"/>
        <line num="319" count="0" type="stmt"/>
      </file>
    </package>
    <package name="hooks">
      <metrics statements="585" coveredstatements="499" conditionals="402" coveredconditionals="309" methods="122" coveredmethods="92"/>
      <file name="useGameLogic.js" path="C:\Users\Administrator\Documents\Cursor\Tutto\tutto\src\hooks\useGameLogic.js">
        <metrics statements="290" coveredstatements="281" conditionals="189" coveredconditionals="166" methods="66" coveredmethods="60"/>
        <line num="3" count="1" type="stmt"/>
        <line num="8" count="1" type="stmt"/>
        <line num="22" count="70" type="stmt"/>
        <line num="45" count="113" type="stmt"/>
        <line num="46" count="22" type="cond" truecount="2" falsecount="0"/>
        <line num="48" count="113" type="stmt"/>
        <line num="49" count="22" type="cond" truecount="2" falsecount="0"/>
        <line num="51" count="113" type="stmt"/>
        <line num="52" count="22" type="cond" truecount="2" falsecount="0"/>
        <line num="54" count="113" type="stmt"/>
        <line num="55" count="22" type="cond" truecount="3" falsecount="1"/>
        <line num="57" count="113" type="cond" truecount="2" falsecount="0"/>
        <line num="58" count="113" type="stmt"/>
        <line num="59" count="22" type="cond" truecount="2" falsecount="0"/>
        <line num="61" count="113" type="stmt"/>
        <line num="62" count="22" type="cond" truecount="2" falsecount="0"/>
        <line num="64" count="113" type="stmt"/>
        <line num="65" count="22" type="cond" truecount="2" falsecount="0"/>
        <line num="67" count="113" type="stmt"/>
        <line num="68" count="22" type="cond" truecount="1" falsecount="1"/>
        <line num="72" count="113" type="stmt"/>
        <line num="73" count="22" type="cond" truecount="2" falsecount="0"/>
        <line num="77" count="113" type="stmt"/>
        <line num="78" count="113" type="stmt"/>
        <line num="79" count="113" type="stmt"/>
        <line num="82" count="113" type="stmt"/>
        <line num="83" count="22" type="cond" truecount="2" falsecount="0"/>
        <line num="85" count="113" type="stmt"/>
        <line num="86" count="22" type="cond" truecount="2" falsecount="0"/>
        <line num="88" count="113" type="stmt"/>
        <line num="89" count="22" type="cond" truecount="2" falsecount="0"/>
        <line num="93" count="113" type="stmt"/>
        <line num="94" count="68" type="stmt"/>
        <line num="95" count="68" type="cond" truecount="4" falsecount="0"/>
        <line num="96" count="41" type="stmt"/>
        <line num="97" count="0" type="stmt"/>
        <line num="100" count="68" type="stmt"/>
        <line num="104" count="113" type="stmt"/>
        <line num="105" count="113" type="stmt"/>
        <line num="106" count="113" type="stmt"/>
        <line num="107" count="113" type="stmt"/>
        <line num="108" count="113" type="cond" truecount="2" falsecount="0"/>
        <line num="109" count="45" type="stmt"/>
        <line num="110" count="113" type="stmt"/>
        <line num="111" count="113" type="stmt"/>
        <line num="112" count="113" type="stmt"/>
        <line num="113" count="113" type="stmt"/>
        <line num="114" count="113" type="stmt"/>
        <line num="115" count="113" type="stmt"/>
        <line num="116" count="113" type="stmt"/>
        <line num="117" count="113" type="stmt"/>
        <line num="118" count="113" type="stmt"/>
        <line num="121" count="113" type="stmt"/>
        <line num="122" count="35" type="stmt"/>
        <line num="123" count="35" type="stmt"/>
        <line num="124" count="49" type="stmt"/>
        <line num="125" count="35" type="cond" truecount="1" falsecount="1"/>
        <line num="127" count="35" type="stmt"/>
        <line num="128" count="35" type="stmt"/>
        <line num="129" count="35" type="stmt"/>
        <line num="133" count="113" type="stmt"/>
        <line num="134" count="0" type="cond" truecount="0" falsecount="2"/>
        <line num="137" count="113" type="stmt"/>
        <line num="138" count="2" type="stmt"/>
        <line num="141" count="113" type="stmt"/>
        <line num="142" count="1" type="stmt"/>
        <line num="143" count="1" type="stmt"/>
        <line num="146" count="113" type="stmt"/>
        <line num="147" count="44" type="stmt"/>
        <line num="148" count="44" type="stmt"/>
        <line num="149" count="322" type="stmt"/>
        <line num="150" count="322" type="stmt"/>
        <line num="152" count="44" type="stmt"/>
        <line num="155" count="113" type="cond" truecount="1" falsecount="0"/>
        <line num="156" count="34" type="stmt"/>
        <line num="157" count="34" type="stmt"/>
        <line num="158" count="75" type="stmt"/>
        <line num="159" count="356" type="stmt"/>
        <line num="162" count="34" type="stmt"/>
        <line num="165" count="113" type="stmt"/>
        <line num="166" count="25" type="cond" truecount="1" falsecount="1"/>
        <line num="167" count="0" type="stmt"/>
        <line num="169" count="25" type="stmt"/>
        <line num="170" count="25" type="stmt"/>
        <line num="171" count="25" type="stmt"/>
        <line num="172" count="25" type="stmt"/>
        <line num="175" count="113" type="stmt"/>
        <line num="176" count="35" type="stmt"/>
        <line num="177" count="35" type="stmt"/>
        <line num="180" count="113" type="stmt"/>
        <line num="181" count="20" type="stmt"/>
        <line num="182" count="20" type="stmt"/>
        <line num="183" count="20" type="stmt"/>
        <line num="184" count="24" type="cond" truecount="1" falsecount="1"/>
        <line num="186" count="20" type="stmt"/>
        <line num="188" count="20" type="stmt"/>
        <line num="191" count="113" type="stmt"/>
        <line num="192" count="35" type="stmt"/>
        <line num="193" count="25" type="stmt"/>
        <line num="194" count="25" type="cond" truecount="2" falsecount="0"/>
        <line num="195" count="10" type="stmt"/>
        <line num="198" count="25" type="stmt"/>
        <line num="199" count="25" type="stmt"/>
        <line num="200" count="25" type="stmt"/>
        <line num="201" count="25" type="stmt"/>
        <line num="202" count="25" type="stmt"/>
        <line num="203" count="25" type="stmt"/>
        <line num="204" count="25" type="stmt"/>
        <line num="205" count="25" type="stmt"/>
        <line num="206" count="25" type="stmt"/>
        <line num="207" count="25" type="stmt"/>
        <line num="209" count="25" type="stmt"/>
        <line num="211" count="25" type="stmt"/>
        <line num="212" count="25" type="stmt"/>
        <line num="213" count="25" type="stmt"/>
        <line num="216" count="113" type="stmt"/>
        <line num="217" count="0" type="stmt"/>
        <line num="218" count="0" type="stmt"/>
        <line num="219" count="0" type="stmt"/>
        <line num="220" count="0" type="stmt"/>
        <line num="221" count="0" type="stmt"/>
        <line num="225" count="113" type="stmt"/>
        <line num="226" count="113" type="stmt"/>
        <line num="227" count="136" type="cond" truecount="4" falsecount="0"/>
        <line num="228" count="36" type="stmt"/>
        <line num="230" count="100" type="cond" truecount="2" falsecount="0"/>
        <line num="234" count="113" type="stmt"/>
        <line num="235" count="22" type="stmt"/>
        <line num="236" count="22" type="cond" truecount="1" falsecount="1"/>
        <line num="237" count="22" type="stmt"/>
        <line num="238" count="28" type="stmt"/>
        <line num="241" count="113" type="stmt"/>
        <line num="242" count="5" type="stmt"/>
        <line num="243" count="5" type="stmt"/>
        <line num="244" count="5" type="stmt"/>
        <line num="245" count="5" type="stmt"/>
        <line num="246" count="5" type="stmt"/>
        <line num="247" count="5" type="stmt"/>
        <line num="248" count="6" type="stmt"/>
        <line num="249" count="6" type="stmt"/>
        <line num="250" count="6" type="stmt"/>
        <line num="251" count="6" type="stmt"/>
        <line num="252" count="6" type="cond" truecount="2" falsecount="0"/>
        <line num="253" count="6" type="cond" truecount="2" falsecount="0"/>
        <line num="254" count="6" type="stmt"/>
        <line num="255" count="6" type="cond" truecount="1" falsecount="1"/>
        <line num="256" count="6" type="stmt"/>
        <line num="257" count="6" type="stmt"/>
        <line num="258" count="6" type="stmt"/>
        <line num="259" count="6" type="cond" truecount="2" falsecount="0"/>
        <line num="260" count="6" type="cond" truecount="2" falsecount="0"/>
        <line num="261" count="6" type="cond" truecount="2" falsecount="0"/>
        <line num="262" count="6" type="cond" truecount="2" falsecount="0"/>
        <line num="263" count="6" type="cond" truecount="2" falsecount="0"/>
        <line num="266" count="5" type="stmt"/>
        <line num="267" count="5" type="cond" truecount="1" falsecount="1"/>
        <line num="268" count="5" type="stmt"/>
        <line num="269" count="16" type="cond" truecount="2" falsecount="0"/>
        <line num="271" count="1" type="stmt"/>
        <line num="272" count="11" type="cond" truecount="1" falsecount="1"/>
        <line num="274" count="1" type="stmt"/>
        <line num="277" count="5" type="stmt"/>
        <line num="291" count="113" type="cond" truecount="1" falsecount="0"/>
        <line num="292" count="33" type="cond" truecount="2" falsecount="0"/>
        <line num="293" count="33" type="stmt"/>
        <line num="294" count="33" type="stmt"/>
        <line num="295" count="33" type="stmt"/>
        <line num="301" count="33" type="stmt"/>
        <line num="302" count="33" type="stmt"/>
        <line num="303" count="33" type="cond" truecount="6" falsecount="0"/>
        <line num="304" count="8" type="stmt"/>
        <line num="305" count="8" type="cond" truecount="4" falsecount="0"/>
        <line num="306" count="8" type="cond" truecount="4" falsecount="0"/>
        <line num="309" count="33" type="cond" truecount="4" falsecount="0"/>
        <line num="310" count="2" type="stmt"/>
        <line num="311" count="2" type="stmt"/>
        <line num="312" count="2" type="stmt"/>
        <line num="314" count="2" type="cond" truecount="2" falsecount="0"/>
        <line num="315" count="1" type="stmt"/>
        <line num="316" count="1" type="stmt"/>
        <line num="317" count="1" type="stmt"/>
        <line num="318" count="1" type="stmt"/>
        <line num="319" count="1" type="stmt"/>
        <line num="322" count="2" type="stmt"/>
        <line num="323" count="31" type="cond" truecount="2" falsecount="0"/>
        <line num="324" count="2" type="stmt"/>
        <line num="327" count="33" type="cond" truecount="2" falsecount="0"/>
        <line num="328" count="3" type="stmt"/>
        <line num="329" count="3" type="cond" truecount="2" falsecount="0"/>
        <line num="331" count="33" type="cond" truecount="2" falsecount="0"/>
        <line num="332" count="3" type="stmt"/>
        <line num="333" count="3" type="cond" truecount="2" falsecount="0"/>
        <line num="335" count="33" type="cond" truecount="2" falsecount="0"/>
        <line num="337" count="33" type="cond" truecount="4" falsecount="0"/>
        <line num="338" count="1" type="stmt"/>
        <line num="339" count="1" type="stmt"/>
        <line num="340" count="32" type="cond" truecount="2" falsecount="0"/>
        <line num="341" count="3" type="stmt"/>
        <line num="344" count="33" type="cond" truecount="4" falsecount="0"/>
        <line num="345" count="3" type="cond" truecount="2" falsecount="0"/>
        <line num="346" count="3" type="stmt"/>
        <line num="347" count="3" type="stmt"/>
        <line num="348" count="3" type="stmt"/>
        <line num="349" count="3" type="stmt"/>
        <line num="350" count="3" type="stmt"/>
        <line num="351" count="3" type="stmt"/>
        <line num="352" count="30" type="cond" truecount="2" falsecount="0"/>
        <line num="353" count="2" type="stmt"/>
        <line num="356" count="30" type="stmt"/>
        <line num="358" count="30" type="stmt"/>
        <line num="359" count="30" type="stmt"/>
        <line num="360" count="30" type="stmt"/>
        <line num="363" count="30" type="stmt"/>
        <line num="364" count="30" type="stmt"/>
        <line num="365" count="30" type="stmt"/>
        <line num="367" count="30" type="cond" truecount="2" falsecount="0"/>
        <line num="369" count="20" type="stmt"/>
        <line num="370" count="20" type="cond" truecount="2" falsecount="0"/>
        <line num="373" count="2" type="cond" truecount="1" falsecount="1"/>
        <line num="374" count="2" type="stmt"/>
        <line num="375" count="2" type="stmt"/>
        <line num="378" count="20" type="cond" truecount="2" falsecount="0"/>
        <line num="379" count="18" type="stmt"/>
        <line num="380" count="18" type="stmt"/>
        <line num="381" count="18" type="stmt"/>
        <line num="385" count="30" type="stmt"/>
        <line num="387" count="30" type="cond" truecount="2" falsecount="0"/>
        <line num="388" count="2" type="stmt"/>
        <line num="389" count="2" type="stmt"/>
        <line num="390" count="2" type="stmt"/>
        <line num="392" count="28" type="stmt"/>
        <line num="393" count="28" type="stmt"/>
        <line num="395" count="28" type="stmt"/>
        <line num="396" count="28" type="cond" truecount="2" falsecount="0"/>
        <line num="397" count="9" type="stmt"/>
        <line num="399" count="28" type="stmt"/>
        <line num="400" count="28" type="stmt"/>
        <line num="401" count="28" type="stmt"/>
        <line num="405" count="113" type="stmt"/>
        <line num="406" count="7" type="cond" truecount="3" falsecount="1"/>
        <line num="408" count="7" type="stmt"/>
        <line num="409" count="7" type="stmt"/>
        <line num="410" count="7" type="stmt"/>
        <line num="412" count="7" type="cond" truecount="2" falsecount="0"/>
        <line num="413" count="1" type="stmt"/>
        <line num="414" count="1" type="stmt"/>
        <line num="416" count="2" type="stmt"/>
        <line num="417" count="1" type="stmt"/>
        <line num="420" count="7" type="stmt"/>
        <line num="423" count="7" type="cond" truecount="2" falsecount="0"/>
        <line num="426" count="7" type="cond" truecount="1" falsecount="1"/>
        <line num="427" count="7" type="stmt"/>
        <line num="428" count="7" type="cond" truecount="5" falsecount="0"/>
        <line num="429" count="2" type="cond" truecount="1" falsecount="1"/>
        <line num="430" count="2" type="cond" truecount="3" falsecount="1"/>
        <line num="431" count="2" type="cond" truecount="1" falsecount="3"/>
        <line num="435" count="7" type="cond" truecount="2" falsecount="0"/>
        <line num="436" count="1" type="cond" truecount="2" falsecount="0"/>
        <line num="438" count="7" type="cond" truecount="2" falsecount="0"/>
        <line num="439" count="1" type="cond" truecount="1" falsecount="1"/>
        <line num="442" count="7" type="cond" truecount="4" falsecount="0"/>
        <line num="443" count="1" type="stmt"/>
        <line num="444" count="1" type="stmt"/>
        <line num="445" count="1" type="stmt"/>
        <line num="446" count="1" type="stmt"/>
        <line num="450" count="7" type="cond" truecount="2" falsecount="0"/>
        <line num="451" count="1" type="cond" truecount="1" falsecount="1"/>
        <line num="452" count="0" type="stmt"/>
        <line num="455" count="7" type="cond" truecount="2" falsecount="0"/>
        <line num="457" count="7" type="cond" truecount="2" falsecount="0"/>
        <line num="458" count="1" type="cond" truecount="1" falsecount="1"/>
        <line num="459" count="1" type="stmt"/>
        <line num="462" count="7" type="stmt"/>
        <line num="464" count="7" type="stmt"/>
        <line num="465" count="7" type="stmt"/>
        <line num="466" count="7" type="stmt"/>
        <line num="468" count="7" type="stmt"/>
        <line num="469" count="7" type="stmt"/>
        <line num="471" count="7" type="stmt"/>
        <line num="472" count="7" type="stmt"/>
        <line num="473" count="7" type="stmt"/>
        <line num="476" count="113" type="stmt"/>
        <line num="477" count="113" type="stmt"/>
        <line num="479" count="113" type="stmt"/>
        <line num="480" count="113" type="stmt"/>
        <line num="481" count="113" type="stmt"/>
        <line num="482" count="113" type="stmt"/>
        <line num="483" count="113" type="cond" truecount="1" falsecount="1"/>
        <line num="484" count="113" type="stmt"/>
        <line num="487" count="113" type="stmt"/>
      </file>
      <file name="useOnlineGame.js" path="C:\Users\Administrator\Documents\Cursor\Tutto\tutto\src\hooks\useOnlineGame.js">
        <metrics statements="295" coveredstatements="218" conditionals="213" coveredconditionals="143" methods="56" coveredmethods="32"/>
        <line num="7" count="23" type="stmt"/>
        <line num="8" count="23" type="stmt"/>
        <line num="9" count="23" type="stmt"/>
        <line num="10" count="23" type="stmt"/>
        <line num="11" count="23" type="stmt"/>
        <line num="12" count="23" type="stmt"/>
        <line num="14" count="23" type="stmt"/>
        <line num="15" count="5" type="cond" truecount="2" falsecount="0"/>
        <line num="17" count="1" type="stmt"/>
        <line num="20" count="5" type="stmt"/>
        <line num="21" count="8" type="stmt"/>
        <line num="24" count="5" type="stmt"/>
        <line num="25" count="0" type="stmt"/>
        <line num="26" count="0" type="stmt"/>
        <line num="29" count="5" type="stmt"/>
        <line num="30" count="0" type="stmt"/>
        <line num="31" count="0" type="stmt"/>
        <line num="32" count="0" type="stmt"/>
        <line num="33" count="0" type="stmt"/>
        <line num="34" count="0" type="stmt"/>
        <line num="35" count="0" type="stmt"/>
        <line num="38" count="5" type="stmt"/>
        <line num="39" count="0" type="stmt"/>
        <line num="42" count="5" type="stmt"/>
        <line num="43" count="5" type="stmt"/>
        <line num="44" count="5" type="stmt"/>
        <line num="45" count="5" type="stmt"/>
        <line num="46" count="5" type="stmt"/>
        <line num="50" count="23" type="stmt"/>
        <line num="51" count="6" type="stmt"/>
        <line num="52" count="6" type="stmt"/>
        <line num="55" count="23" type="stmt"/>
        <line num="56" count="5" type="stmt"/>
        <line num="57" count="5" type="stmt"/>
        <line num="58" count="5" type="cond" truecount="1" falsecount="1"/>
        <line num="59" count="5" type="stmt"/>
        <line num="60" count="5" type="stmt"/>
        <line num="61" count="5" type="stmt"/>
        <line num="63" count="5" type="stmt"/>
        <line num="68" count="23" type="stmt"/>
        <line num="69" count="0" type="stmt"/>
        <line num="70" count="0" type="stmt"/>
        <line num="71" count="0" type="stmt"/>
        <line num="72" count="0" type="stmt"/>
        <line num="73" count="0" type="stmt"/>
        <line num="76" count="23" type="stmt"/>
        <line num="77" count="0" type="stmt"/>
        <line num="80" count="23" type="stmt"/>
        <line num="81" count="0" type="cond" truecount="0" falsecount="2"/>
        <line num="82" count="0" type="stmt"/>
        <line num="86" count="23" type="stmt"/>
        <line num="87" count="0" type="cond" truecount="0" falsecount="2"/>
        <line num="88" count="0" type="stmt"/>
        <line num="92" count="23" type="stmt"/>
        <line num="93" count="0" type="stmt"/>
        <line num="96" count="23" type="stmt"/>
        <line num="97" count="4" type="stmt"/>
        <line num="98" count="4" type="stmt"/>
        <line num="99" count="0" type="stmt"/>
        <line num="100" count="0" type="stmt"/>
        <line num="102" count="4" type="stmt"/>
        <line num="105" count="23" type="stmt"/>
        <line num="106" count="4" type="stmt"/>
        <line num="107" count="4" type="stmt"/>
        <line num="108" count="4" type="stmt"/>
        <line num="109" count="4" type="stmt"/>
        <line num="112" count="4" type="stmt"/>
        <line num="115" count="23" type="stmt"/>
        <line num="116" count="6" type="stmt"/>
        <line num="117" count="6" type="cond" truecount="1" falsecount="1"/>
        <line num="118" count="6" type="stmt"/>
        <line num="119" count="8" type="stmt"/>
        <line num="122" count="23" type="stmt"/>
        <line num="123" count="1" type="cond" truecount="1" falsecount="1"/>
        <line num="124" count="1" type="stmt"/>
        <line num="126" count="2" type="stmt"/>
        <line num="146" count="1" type="cond" truecount="1" falsecount="1"/>
        <line num="147" count="0" type="stmt"/>
        <line num="149" count="1" type="stmt"/>
        <line num="151" count="1" type="stmt"/>
        <line num="152" count="1" type="stmt"/>
        <line num="153" count="1" type="stmt"/>
        <line num="154" count="2" type="stmt"/>
        <line num="155" count="2" type="stmt"/>
        <line num="156" count="1" type="stmt"/>
        <line num="157" count="1" type="stmt"/>
        <line num="158" count="1" type="stmt"/>
        <line num="159" count="1" type="stmt"/>
        <line num="161" count="1" type="stmt"/>
        <line num="162" count="1" type="stmt"/>
        <line num="163" count="1" type="stmt"/>
        <line num="164" count="1" type="stmt"/>
        <line num="166" count="1" type="stmt"/>
        <line num="169" count="23" type="stmt"/>
        <line num="170" count="0" type="cond" truecount="0" falsecount="2"/>
        <line num="171" count="0" type="stmt"/>
        <line num="172" count="0" type="stmt"/>
        <line num="173" count="0" type="stmt"/>
        <line num="174" count="0" type="stmt"/>
        <line num="175" count="0" type="stmt"/>
        <line num="176" count="0" type="stmt"/>
        <line num="177" count="0" type="stmt"/>
        <line num="180" count="23" type="cond" truecount="1" falsecount="0"/>
        <line num="181" count="4" type="cond" truecount="3" falsecount="1"/>
        <line num="182" count="4" type="stmt"/>
        <line num="184" count="4" type="cond" truecount="2" falsecount="0"/>
        <line num="185" count="4" type="stmt"/>
        <line num="186" count="4" type="stmt"/>
        <line num="191" count="4" type="cond" truecount="2" falsecount="0"/>
        <line num="192" count="4" type="stmt"/>
        <line num="193" count="4" type="cond" truecount="6" falsecount="0"/>
        <line num="194" count="1" type="cond" truecount="2" falsecount="0"/>
        <line num="195" count="1" type="cond" truecount="1" falsecount="3"/>
        <line num="196" count="1" type="cond" truecount="3" falsecount="1"/>
        <line num="199" count="4" type="cond" truecount="2" falsecount="2"/>
        <line num="200" count="0" type="stmt"/>
        <line num="201" count="0" type="stmt"/>
        <line num="202" count="0" type="stmt"/>
        <line num="204" count="0" type="cond" truecount="0" falsecount="2"/>
        <line num="205" count="0" type="stmt"/>
        <line num="206" count="0" type="stmt"/>
        <line num="207" count="0" type="stmt"/>
        <line num="208" count="0" type="stmt"/>
        <line num="209" count="0" type="stmt"/>
        <line num="212" count="0" type="stmt"/>
        <line num="213" count="4" type="cond" truecount="1" falsecount="1"/>
        <line num="214" count="0" type="stmt"/>
        <line num="218" count="4" type="cond" truecount="2" falsecount="0"/>
        <line num="219" count="1" type="cond" truecount="2" falsecount="0"/>
        <line num="220" count="1" type="cond" truecount="2" falsecount="0"/>
        <line num="222" count="4" type="cond" truecount="2" falsecount="0"/>
        <line num="223" count="1" type="cond" truecount="2" falsecount="0"/>
        <line num="224" count="1" type="cond" truecount="2" falsecount="0"/>
        <line num="226" count="4" type="cond" truecount="2" falsecount="0"/>
        <line num="228" count="4" type="cond" truecount="2" falsecount="2"/>
        <line num="229" count="0" type="stmt"/>
        <line num="230" count="0" type="stmt"/>
        <line num="231" count="4" type="cond" truecount="1" falsecount="1"/>
        <line num="232" count="0" type="stmt"/>
        <line num="235" count="4" type="cond" truecount="4" falsecount="0"/>
        <line num="236" count="1" type="cond" truecount="2" falsecount="0"/>
        <line num="237" count="1" type="stmt"/>
        <line num="238" count="1" type="stmt"/>
        <line num="239" count="1" type="stmt"/>
        <line num="240" count="1" type="stmt"/>
        <line num="241" count="1" type="stmt"/>
        <line num="242" count="3" type="cond" truecount="1" falsecount="1"/>
        <line num="243" count="0" type="stmt"/>
        <line num="246" count="3" type="stmt"/>
        <line num="248" count="3" type="stmt"/>
        <line num="249" count="3" type="stmt"/>
        <line num="250" count="3" type="stmt"/>
        <line num="252" count="3" type="stmt"/>
        <line num="253" count="3" type="stmt"/>
        <line num="255" count="3" type="cond" truecount="1" falsecount="1"/>
        <line num="256" count="3" type="stmt"/>
        <line num="257" count="3" type="cond" truecount="1" falsecount="1"/>
        <line num="258" count="0" type="cond" truecount="0" falsecount="2"/>
        <line num="259" count="0" type="stmt"/>
        <line num="260" count="0" type="stmt"/>
        <line num="261" count="0" type="stmt"/>
        <line num="264" count="3" type="cond" truecount="1" falsecount="1"/>
        <line num="265" count="3" type="stmt"/>
        <line num="266" count="3" type="stmt"/>
        <line num="267" count="3" type="stmt"/>
        <line num="268" count="3" type="stmt"/>
        <line num="272" count="3" type="cond" truecount="1" falsecount="1"/>
        <line num="273" count="0" type="stmt"/>
        <line num="274" count="0" type="stmt"/>
        <line num="275" count="0" type="stmt"/>
        <line num="277" count="3" type="stmt"/>
        <line num="278" count="3" type="stmt"/>
        <line num="279" count="3" type="cond" truecount="1" falsecount="1"/>
        <line num="280" count="3" type="stmt"/>
        <line num="282" count="3" type="stmt"/>
        <line num="283" count="3" type="stmt"/>
        <line num="284" count="3" type="stmt"/>
        <line num="288" count="23" type="stmt"/>
        <line num="289" count="1" type="cond" truecount="4" falsecount="1"/>
        <line num="290" count="1" type="stmt"/>
        <line num="292" count="1" type="stmt"/>
        <line num="294" count="1" type="cond" truecount="1" falsecount="1"/>
        <line num="295" count="0" type="stmt"/>
        <line num="296" count="0" type="stmt"/>
        <line num="297" count="0" type="stmt"/>
        <line num="298" count="0" type="stmt"/>
        <line num="301" count="1" type="stmt"/>
        <line num="304" count="1" type="cond" truecount="1" falsecount="3"/>
        <line num="307" count="1" type="cond" truecount="1" falsecount="1"/>
        <line num="308" count="1" type="stmt"/>
        <line num="309" count="1" type="cond" truecount="4" falsecount="1"/>
        <line num="310" count="1" type="cond" truecount="1" falsecount="1"/>
        <line num="311" count="1" type="cond" truecount="1" falsecount="3"/>
        <line num="312" count="1" type="cond" truecount="2" falsecount="2"/>
        <line num="316" count="1" type="cond" truecount="1" falsecount="1"/>
        <line num="317" count="0" type="cond" truecount="0" falsecount="2"/>
        <line num="319" count="1" type="cond" truecount="1" falsecount="1"/>
        <line num="320" count="1" type="cond" truecount="2" falsecount="0"/>
        <line num="323" count="1" type="cond" truecount="2" falsecount="2"/>
        <line num="324" count="0" type="stmt"/>
        <line num="325" count="0" type="stmt"/>
        <line num="326" count="0" type="stmt"/>
        <line num="327" count="0" type="stmt"/>
        <line num="331" count="1" type="cond" truecount="1" falsecount="1"/>
        <line num="332" count="0" type="cond" truecount="0" falsecount="2"/>
        <line num="333" count="0" type="stmt"/>
        <line num="336" count="1" type="cond" truecount="2" falsecount="2"/>
        <line num="338" count="1" type="cond" truecount="1" falsecount="1"/>
        <line num="339" count="0" type="cond" truecount="0" falsecount="2"/>
        <line num="340" count="0" type="stmt"/>
        <line num="343" count="1" type="stmt"/>
        <line num="345" count="1" type="stmt"/>
        <line num="346" count="1" type="stmt"/>
        <line num="347" count="1" type="stmt"/>
        <line num="349" count="1" type="stmt"/>
        <line num="350" count="1" type="stmt"/>
        <line num="351" count="1" type="stmt"/>
        <line num="353" count="1" type="stmt"/>
        <line num="357" count="23" type="stmt"/>
        <line num="358" count="18" type="stmt"/>
        <line num="359" count="18" type="cond" truecount="6" falsecount="0"/>
        <line num="360" count="5" type="stmt"/>
        <line num="361" count="0" type="stmt"/>
        <line num="362" count="0" type="cond" truecount="0" falsecount="2"/>
        <line num="363" count="0" type="stmt"/>
        <line num="367" count="0" type="stmt"/>
        <line num="370" count="13" type="cond" truecount="4" falsecount="2"/>
        <line num="371" count="0" type="stmt"/>
        <line num="372" count="0" type="stmt"/>
        <line num="373" count="0" type="cond" truecount="0" falsecount="2"/>
        <line num="374" count="0" type="stmt"/>
        <line num="378" count="18" type="stmt"/>
        <line num="381" count="23" type="stmt"/>
        <line num="383" count="3" type="stmt"/>
        <line num="384" count="3" type="cond" truecount="1" falsecount="1"/>
        <line num="386" count="3" type="stmt"/>
        <line num="387" count="3" type="cond" truecount="1" falsecount="1"/>
        <line num="389" count="3" type="stmt"/>
        <line num="411" count="3" type="cond" truecount="1" falsecount="1"/>
        <line num="412" count="3" type="stmt"/>
        <line num="413" count="3" type="stmt"/>
        <line num="414" count="3" type="stmt"/>
        <line num="415" count="3" type="stmt"/>
        <line num="416" count="3" type="stmt"/>
        <line num="417" count="3" type="stmt"/>
        <line num="418" count="5" type="stmt"/>
        <line num="419" count="5" type="stmt"/>
        <line num="420" count="5" type="stmt"/>
        <line num="421" count="5" type="stmt"/>
        <line num="422" count="5" type="cond" truecount="2" falsecount="0"/>
        <line num="423" count="5" type="cond" truecount="2" falsecount="0"/>
        <line num="424" count="5" type="stmt"/>
        <line num="425" count="5" type="cond" truecount="2" falsecount="0"/>
        <line num="426" count="5" type="stmt"/>
        <line num="427" count="5" type="stmt"/>
        <line num="428" count="5" type="stmt"/>
        <line num="429" count="5" type="cond" truecount="2" falsecount="0"/>
        <line num="430" count="5" type="cond" truecount="2" falsecount="0"/>
        <line num="431" count="5" type="cond" truecount="2" falsecount="0"/>
        <line num="432" count="5" type="cond" truecount="2" falsecount="0"/>
        <line num="433" count="5" type="cond" truecount="2" falsecount="0"/>
        <line num="436" count="3" type="stmt"/>
        <line num="437" count="3" type="cond" truecount="2" falsecount="0"/>
        <line num="438" count="1" type="stmt"/>
        <line num="442" count="1" type="stmt"/>
        <line num="443" count="11" type="cond" truecount="1" falsecount="1"/>
        <line num="445" count="1" type="stmt"/>
        <line num="446" count="11" type="cond" truecount="1" falsecount="1"/>
        <line num="448" count="1" type="stmt"/>
        <line num="451" count="3" type="stmt"/>
        <line num="466" count="23" type="stmt"/>
        <line num="467" count="23" type="stmt"/>
        <line num="468" count="12" type="cond" truecount="4" falsecount="0"/>
        <line num="469" count="3" type="stmt"/>
        <line num="470" count="3" type="stmt"/>
        <line num="471" count="9" type="cond" truecount="4" falsecount="0"/>
        <line num="472" count="4" type="stmt"/>
        <line num="476" count="23" type="cond" truecount="2" falsecount="0"/>
        <line num="478" count="13" type="stmt"/>
        <line num="479" count="13" type="stmt"/>
        <line num="480" count="13" type="stmt"/>
        <line num="481" count="13" type="stmt"/>
        <line num="482" count="13" type="cond" truecount="1" falsecount="1"/>
        <line num="483" count="13" type="stmt"/>
        <line num="486" count="13" type="stmt"/>
        <line num="487" count="13" type="stmt"/>
        <line num="489" count="13" type="stmt"/>
        <line num="490" count="13" type="stmt"/>
        <line num="491" count="17" type="cond" truecount="4" falsecount="0"/>
        <line num="492" count="2" type="stmt"/>
        <line num="494" count="15" type="cond" truecount="2" falsecount="0"/>
        <line num="498" count="13" type="stmt"/>
        <line num="520" count="0" type="stmt"/>
        <line num="522" count="0" type="stmt"/>
        <line num="524" count="0" type="stmt"/>
      </file>
    </package>
    <package name="utils">
      <metrics statements="78" coveredstatements="76" conditionals="58" coveredconditionals="52" methods="11" coveredmethods="11"/>
      <file name="diceLogic.js" path="C:\Users\Administrator\Documents\Cursor\Tutto\tutto\src\utils\diceLogic.js">
        <metrics statements="78" coveredstatements="76" conditionals="58" coveredconditionals="52" methods="11" coveredmethods="11"/>
        <line num="1" count="51" type="stmt"/>
        <line num="3" count="2" type="stmt"/>
        <line num="4" count="23" type="cond" truecount="2" falsecount="0"/>
        <line num="5" count="8" type="stmt"/>
        <line num="6" count="8" type="cond" truecount="2" falsecount="0"/>
        <line num="7" count="3" type="stmt"/>
        <line num="8" count="5" type="cond" truecount="2" falsecount="0"/>
        <line num="9" count="3" type="stmt"/>
        <line num="11" count="2" type="stmt"/>
        <line num="13" count="17" type="stmt"/>
        <line num="16" count="15" type="cond" truecount="4" falsecount="0"/>
        <line num="18" count="6" type="stmt"/>
        <line num="19" count="32" type="stmt"/>
        <line num="20" count="6" type="stmt"/>
        <line num="21" count="19" type="cond" truecount="2" falsecount="0"/>
        <line num="23" count="3" type="stmt"/>
        <line num="26" count="2" type="stmt"/>
        <line num="27" count="11" type="cond" truecount="1" falsecount="1"/>
        <line num="28" count="15" type="stmt"/>
        <line num="30" count="11" type="stmt"/>
        <line num="32" count="11" type="cond" truecount="2" falsecount="0"/>
        <line num="33" count="8" type="cond" truecount="2" falsecount="0"/>
        <line num="34" count="4" type="stmt"/>
        <line num="35" count="4" type="stmt"/>
        <line num="36" count="4" type="stmt"/>
        <line num="37" count="4" type="stmt"/>
        <line num="38" count="9" type="cond" truecount="2" falsecount="0"/>
        <line num="39" count="1" type="stmt"/>
        <line num="41" count="4" type="cond" truecount="2" falsecount="0"/>
        <line num="43" count="8" type="stmt"/>
        <line num="44" count="5" type="cond" truecount="2" falsecount="0"/>
        <line num="45" count="2" type="stmt"/>
        <line num="46" count="2" type="stmt"/>
        <line num="47" count="2" type="stmt"/>
        <line num="48" count="2" type="stmt"/>
        <line num="49" count="5" type="cond" truecount="1" falsecount="1"/>
        <line num="50" count="0" type="stmt"/>
        <line num="52" count="2" type="cond" truecount="1" falsecount="1"/>
        <line num="54" count="3" type="stmt"/>
        <line num="57" count="3" type="cond" truecount="2" falsecount="0"/>
        <line num="58" count="2" type="stmt"/>
        <line num="59" count="2" type="stmt"/>
        <line num="60" count="2" type="stmt"/>
        <line num="61" count="3" type="cond" truecount="2" falsecount="0"/>
        <line num="62" count="1" type="stmt"/>
        <line num="64" count="2" type="cond" truecount="2" falsecount="0"/>
        <line num="66" count="1" type="stmt"/>
        <line num="67" count="1" type="stmt"/>
        <line num="68" count="1" type="stmt"/>
        <line num="69" count="1" type="stmt"/>
        <line num="70" count="2" type="cond" truecount="1" falsecount="1"/>
        <line num="71" count="0" type="stmt"/>
        <line num="73" count="1" type="cond" truecount="1" falsecount="1"/>
        <line num="76" count="1" type="stmt"/>
        <line num="79" count="2" type="stmt"/>
        <line num="80" count="74" type="cond" truecount="2" falsecount="0"/>
        <line num="82" count="58" type="cond" truecount="2" falsecount="0"/>
        <line num="83" count="2" type="stmt"/>
        <line num="84" count="2" type="stmt"/>
        <line num="86" count="56" type="stmt"/>
        <line num="87" count="176" type="stmt"/>
        <line num="89" count="56" type="stmt"/>
        <line num="90" count="56" type="stmt"/>
        <line num="91" count="238" type="cond" truecount="2" falsecount="0"/>
        <line num="92" count="194" type="cond" truecount="4" falsecount="0"/>
        <line num="93" count="182" type="cond" truecount="2" falsecount="0"/>
        <line num="94" count="15" type="stmt"/>
        <line num="95" count="15" type="cond" truecount="1" falsecount="1"/>
        <line num="99" count="44" type="stmt"/>
        <line num="100" count="44" type="stmt"/>
        <line num="102" count="44" type="stmt"/>
        <line num="106" count="2" type="stmt"/>
        <line num="107" count="12" type="stmt"/>
        <line num="108" count="12" type="cond" truecount="2" falsecount="0"/>
        <line num="109" count="3" type="stmt"/>
        <line num="110" count="9" type="cond" truecount="2" falsecount="0"/>
        <line num="111" count="3" type="cond" truecount="2" falsecount="0"/>
        <line num="113" count="12" type="stmt"/>
      </file>
    </package>
  </project>
</coverage>
