{"C:\\Users\\Administrator\\Documents\\Cursor\\Tutto\\tutto\\server\\database.js": {"path":"C:\\Users\\Administrator\\Documents\\Cursor\\Tutto\\tutto\\server\\database.js","statementMap":{"0":{"start":{"line":1,"column":16},"end":{"line":1,"column":null}},"1":{"start":{"line":2,"column":13},"end":{"line":2,"column":null}},"2":{"start":{"line":4,"column":15},"end":{"line":4,"column":null}},"3":{"start":{"line":5,"column":11},"end":{"line":5,"column":null}},"4":{"start":{"line":7,"column":0},"end":{"line":66,"column":null}},"5":{"start":{"line":8,"column":2},"end":{"line":24,"column":null}},"6":{"start":{"line":26,"column":2},"end":{"line":28,"column":null}},"7":{"start":{"line":29,"column":2},"end":{"line":29,"column":null}},"8":{"start":{"line":30,"column":2},"end":{"line":30,"column":null}},"9":{"start":{"line":31,"column":2},"end":{"line":31,"column":null}},"10":{"start":{"line":32,"column":2},"end":{"line":32,"column":null}},"11":{"start":{"line":33,"column":2},"end":{"line":33,"column":null}},"12":{"start":{"line":34,"column":2},"end":{"line":34,"column":null}},"13":{"start":{"line":35,"column":2},"end":{"line":35,"column":null}},"14":{"start":{"line":37,"column":2},"end":{"line":50,"column":null}},"15":{"start":{"line":52,"column":2},"end":{"line":52,"column":null}},"16":{"start":{"line":53,"column":2},"end":{"line":53,"column":null}},"17":{"start":{"line":54,"column":2},"end":{"line":54,"column":null}},"18":{"start":{"line":55,"column":2},"end":{"line":55,"column":null}},"19":{"start":{"line":56,"column":2},"end":{"line":56,"column":null}},"20":{"start":{"line":57,"column":2},"end":{"line":57,"column":null}},"21":{"start":{"line":58,"column":2},"end":{"line":58,"column":null}},"22":{"start":{"line":59,"column":2},"end":{"line":59,"column":null}},"23":{"start":{"line":60,"column":2},"end":{"line":60,"column":null}},"24":{"start":{"line":61,"column":2},"end":{"line":61,"column":null}},"25":{"start":{"line":62,"column":2},"end":{"line":62,"column":null}},"26":{"start":{"line":63,"column":2},"end":{"line":63,"column":null}},"27":{"start":{"line":65,"column":2},"end":{"line":65,"column":null}},"28":{"start":{"line":68,"column":6},"end":{"line":75,"column":null}},"29":{"start":{"line":69,"column":2},"end":{"line":74,"column":null}},"30":{"start":{"line":70,"column":4},"end":{"line":73,"column":null}},"31":{"start":{"line":71,"column":6},"end":{"line":71,"column":null}},"32":{"start":{"line":71,"column":15},"end":{"line":71,"column":null}},"33":{"start":{"line":72,"column":6},"end":{"line":72,"column":null}},"34":{"start":{"line":77,"column":6},"end":{"line":133,"column":null}},"35":{"start":{"line":78,"column":2},"end":{"line":132,"column":null}},"36":{"start":{"line":79,"column":4},"end":{"line":131,"column":null}},"37":{"start":{"line":129,"column":6},"end":{"line":129,"column":null}},"38":{"start":{"line":129,"column":15},"end":{"line":129,"column":null}},"39":{"start":{"line":130,"column":6},"end":{"line":130,"column":null}},"40":{"start":{"line":135,"column":6},"end":{"line":142,"column":null}},"41":{"start":{"line":136,"column":2},"end":{"line":141,"column":null}},"42":{"start":{"line":137,"column":4},"end":{"line":140,"column":null}},"43":{"start":{"line":138,"column":6},"end":{"line":138,"column":null}},"44":{"start":{"line":138,"column":15},"end":{"line":138,"column":null}},"45":{"start":{"line":139,"column":6},"end":{"line":139,"column":null}},"46":{"start":{"line":144,"column":6},"end":{"line":195,"column":null}},"47":{"start":{"line":145,"column":2},"end":{"line":194,"column":null}},"48":{"start":{"line":146,"column":4},"end":{"line":193,"column":null}},"49":{"start":{"line":191,"column":6},"end":{"line":191,"column":null}},"50":{"start":{"line":191,"column":15},"end":{"line":191,"column":null}},"51":{"start":{"line":192,"column":6},"end":{"line":192,"column":null}},"52":{"start":{"line":197,"column":0},"end":{"line":197,"column":null}}},"fnMap":{"0":{"name":"(anonymous_0)","decl":{"start":{"line":7,"column":3},"end":{"line":7,"column":19}},"loc":{"start":{"line":7,"column":19},"end":{"line":66,"column":1}},"line":7},"1":{"name":"(anonymous_1)","decl":{"start":{"line":26,"column":9},"end":{"line":26,"column":86}},"loc":{"start":{"line":26,"column":94},"end":{"line":28,"column":3}},"line":26},"2":{"name":"(anonymous_2)","decl":{"start":{"line":29,"column":9},"end":{"line":29,"column":96}},"loc":{"start":{"line":29,"column":96},"end":{"line":29,"column":98}},"line":29},"3":{"name":"(anonymous_3)","decl":{"start":{"line":30,"column":9},"end":{"line":30,"column":88}},"loc":{"start":{"line":30,"column":88},"end":{"line":30,"column":90}},"line":30},"4":{"name":"(anonymous_4)","decl":{"start":{"line":31,"column":9},"end":{"line":31,"column":83}},"loc":{"start":{"line":31,"column":83},"end":{"line":31,"column":85}},"line":31},"5":{"name":"(anonymous_5)","decl":{"start":{"line":32,"column":9},"end":{"line":32,"column":92}},"loc":{"start":{"line":32,"column":92},"end":{"line":32,"column":94}},"line":32},"6":{"name":"(anonymous_6)","decl":{"start":{"line":33,"column":9},"end":{"line":33,"column":85}},"loc":{"start":{"line":33,"column":85},"end":{"line":33,"column":87}},"line":33},"7":{"name":"(anonymous_7)","decl":{"start":{"line":34,"column":9},"end":{"line":34,"column":99}},"loc":{"start":{"line":34,"column":99},"end":{"line":34,"column":101}},"line":34},"8":{"name":"(anonymous_8)","decl":{"start":{"line":35,"column":9},"end":{"line":35,"column":92}},"loc":{"start":{"line":35,"column":92},"end":{"line":35,"column":94}},"line":35},"9":{"name":"(anonymous_9)","decl":{"start":{"line":52,"column":9},"end":{"line":52,"column":101}},"loc":{"start":{"line":52,"column":101},"end":{"line":52,"column":103}},"line":52},"10":{"name":"(anonymous_10)","decl":{"start":{"line":53,"column":9},"end":{"line":53,"column":101}},"loc":{"start":{"line":53,"column":101},"end":{"line":53,"column":103}},"line":53},"11":{"name":"(anonymous_11)","decl":{"start":{"line":54,"column":9},"end":{"line":54,"column":99}},"loc":{"start":{"line":54,"column":99},"end":{"line":54,"column":101}},"line":54},"12":{"name":"(anonymous_12)","decl":{"start":{"line":55,"column":9},"end":{"line":55,"column":98}},"loc":{"start":{"line":55,"column":98},"end":{"line":55,"column":100}},"line":55},"13":{"name":"(anonymous_13)","decl":{"start":{"line":56,"column":9},"end":{"line":56,"column":91}},"loc":{"start":{"line":56,"column":91},"end":{"line":56,"column":93}},"line":56},"14":{"name":"(anonymous_14)","decl":{"start":{"line":57,"column":9},"end":{"line":57,"column":96}},"loc":{"start":{"line":57,"column":96},"end":{"line":57,"column":98}},"line":57},"15":{"name":"(anonymous_15)","decl":{"start":{"line":58,"column":9},"end":{"line":58,"column":95}},"loc":{"start":{"line":58,"column":95},"end":{"line":58,"column":97}},"line":58},"16":{"name":"(anonymous_16)","decl":{"start":{"line":59,"column":9},"end":{"line":59,"column":97}},"loc":{"start":{"line":59,"column":97},"end":{"line":59,"column":99}},"line":59},"17":{"name":"(anonymous_17)","decl":{"start":{"line":60,"column":9},"end":{"line":60,"column":90}},"loc":{"start":{"line":60,"column":90},"end":{"line":60,"column":92}},"line":60},"18":{"name":"(anonymous_18)","decl":{"start":{"line":61,"column":9},"end":{"line":61,"column":88}},"loc":{"start":{"line":61,"column":88},"end":{"line":61,"column":90}},"line":61},"19":{"name":"(anonymous_19)","decl":{"start":{"line":62,"column":9},"end":{"line":62,"column":88}},"loc":{"start":{"line":62,"column":88},"end":{"line":62,"column":90}},"line":62},"20":{"name":"(anonymous_20)","decl":{"start":{"line":63,"column":9},"end":{"line":63,"column":88}},"loc":{"start":{"line":63,"column":88},"end":{"line":63,"column":90}},"line":63},"21":{"name":"(anonymous_21)","decl":{"start":{"line":68,"column":6},"end":{"line":68,"column":24}},"loc":{"start":{"line":68,"column":37},"end":{"line":75,"column":null}},"line":68},"22":{"name":"(anonymous_22)","decl":{"start":{"line":69,"column":13},"end":{"line":69,"column":22}},"loc":{"start":{"line":69,"column":42},"end":{"line":74,"column":3}},"line":69},"23":{"name":"(anonymous_23)","decl":{"start":{"line":70,"column":74},"end":{"line":70,"column":78}},"loc":{"start":{"line":70,"column":91},"end":{"line":73,"column":5}},"line":70},"24":{"name":"(anonymous_24)","decl":{"start":{"line":77,"column":6},"end":{"line":77,"column":27}},"loc":{"start":{"line":77,"column":47},"end":{"line":133,"column":null}},"line":77},"25":{"name":"(anonymous_25)","decl":{"start":{"line":78,"column":13},"end":{"line":78,"column":22}},"loc":{"start":{"line":78,"column":42},"end":{"line":132,"column":3}},"line":78},"26":{"name":"(anonymous_26)","decl":{"start":{"line":128,"column":7},"end":{"line":128,"column":16}},"loc":{"start":{"line":128,"column":21},"end":{"line":131,"column":5}},"line":128},"27":{"name":"(anonymous_27)","decl":{"start":{"line":135,"column":6},"end":{"line":135,"column":29}},"loc":{"start":{"line":135,"column":29},"end":{"line":142,"column":null}},"line":135},"28":{"name":"(anonymous_28)","decl":{"start":{"line":136,"column":13},"end":{"line":136,"column":22}},"loc":{"start":{"line":136,"column":42},"end":{"line":141,"column":3}},"line":136},"29":{"name":"(anonymous_29)","decl":{"start":{"line":137,"column":11},"end":{"line":137,"column":60}},"loc":{"start":{"line":137,"column":73},"end":{"line":140,"column":5}},"line":137},"30":{"name":"(anonymous_30)","decl":{"start":{"line":144,"column":6},"end":{"line":144,"column":27}},"loc":{"start":{"line":144,"column":37},"end":{"line":195,"column":null}},"line":144},"31":{"name":"(anonymous_31)","decl":{"start":{"line":145,"column":13},"end":{"line":145,"column":22}},"loc":{"start":{"line":145,"column":42},"end":{"line":194,"column":3}},"line":145},"32":{"name":"(anonymous_32)","decl":{"start":{"line":190,"column":7},"end":{"line":190,"column":16}},"loc":{"start":{"line":190,"column":21},"end":{"line":193,"column":5}},"line":190}},"branchMap":{"0":{"loc":{"start":{"line":71,"column":6},"end":{"line":71,"column":null}},"type":"if","locations":[{"start":{"line":71,"column":6},"end":{"line":71,"column":null}},{"start":{},"end":{}}],"line":71},"1":{"loc":{"start":{"line":72,"column":14},"end":{"line":72,"column":25}},"type":"binary-expr","locations":[{"start":{"line":72,"column":14},"end":{"line":72,"column":21}},{"start":{"line":72,"column":21},"end":{"line":72,"column":25}}],"line":72},"2":{"loc":{"start":{"line":109,"column":6},"end":{"line":109,"column":null}},"type":"binary-expr","locations":[{"start":{"line":109,"column":6},"end":{"line":109,"column":27}},{"start":{"line":109,"column":27},"end":{"line":109,"column":null}}],"line":109},"3":{"loc":{"start":{"line":110,"column":6},"end":{"line":110,"column":null}},"type":"binary-expr","locations":[{"start":{"line":110,"column":6},"end":{"line":110,"column":20}},{"start":{"line":110,"column":20},"end":{"line":110,"column":null}}],"line":110},"4":{"loc":{"start":{"line":111,"column":6},"end":{"line":111,"column":null}},"type":"binary-expr","locations":[{"start":{"line":111,"column":6},"end":{"line":111,"column":30}},{"start":{"line":111,"column":30},"end":{"line":111,"column":null}}],"line":111},"5":{"loc":{"start":{"line":112,"column":6},"end":{"line":112,"column":null}},"type":"binary-expr","locations":[{"start":{"line":112,"column":6},"end":{"line":112,"column":34}},{"start":{"line":112,"column":34},"end":{"line":112,"column":null}}],"line":112},"6":{"loc":{"start":{"line":113,"column":6},"end":{"line":113,"column":null}},"type":"binary-expr","locations":[{"start":{"line":113,"column":6},"end":{"line":113,"column":31}},{"start":{"line":113,"column":31},"end":{"line":113,"column":null}}],"line":113},"7":{"loc":{"start":{"line":114,"column":6},"end":{"line":114,"column":null}},"type":"binary-expr","locations":[{"start":{"line":114,"column":6},"end":{"line":114,"column":32}},{"start":{"line":114,"column":32},"end":{"line":114,"column":null}}],"line":114},"8":{"loc":{"start":{"line":115,"column":6},"end":{"line":115,"column":null}},"type":"binary-expr","locations":[{"start":{"line":115,"column":6},"end":{"line":115,"column":29}},{"start":{"line":115,"column":29},"end":{"line":115,"column":null}}],"line":115},"9":{"loc":{"start":{"line":116,"column":6},"end":{"line":116,"column":null}},"type":"binary-expr","locations":[{"start":{"line":116,"column":6},"end":{"line":116,"column":23}},{"start":{"line":116,"column":23},"end":{"line":116,"column":null}}],"line":116},"10":{"loc":{"start":{"line":117,"column":6},"end":{"line":117,"column":null}},"type":"binary-expr","locations":[{"start":{"line":117,"column":6},"end":{"line":117,"column":33}},{"start":{"line":117,"column":33},"end":{"line":117,"column":null}}],"line":117},"11":{"loc":{"start":{"line":118,"column":6},"end":{"line":118,"column":null}},"type":"binary-expr","locations":[{"start":{"line":118,"column":6},"end":{"line":118,"column":31}},{"start":{"line":118,"column":31},"end":{"line":118,"column":null}}],"line":118},"12":{"loc":{"start":{"line":119,"column":6},"end":{"line":119,"column":null}},"type":"binary-expr","locations":[{"start":{"line":119,"column":6},"end":{"line":119,"column":34}},{"start":{"line":119,"column":34},"end":{"line":119,"column":null}}],"line":119},"13":{"loc":{"start":{"line":120,"column":6},"end":{"line":120,"column":null}},"type":"binary-expr","locations":[{"start":{"line":120,"column":6},"end":{"line":120,"column":26}},{"start":{"line":120,"column":26},"end":{"line":120,"column":null}}],"line":120},"14":{"loc":{"start":{"line":121,"column":6},"end":{"line":121,"column":null}},"type":"binary-expr","locations":[{"start":{"line":121,"column":6},"end":{"line":121,"column":29}},{"start":{"line":121,"column":29},"end":{"line":121,"column":null}}],"line":121},"15":{"loc":{"start":{"line":122,"column":6},"end":{"line":122,"column":null}},"type":"binary-expr","locations":[{"start":{"line":122,"column":6},"end":{"line":122,"column":26}},{"start":{"line":122,"column":26},"end":{"line":122,"column":null}}],"line":122},"16":{"loc":{"start":{"line":123,"column":6},"end":{"line":123,"column":null}},"type":"binary-expr","locations":[{"start":{"line":123,"column":6},"end":{"line":123,"column":21}},{"start":{"line":123,"column":21},"end":{"line":123,"column":null}}],"line":123},"17":{"loc":{"start":{"line":124,"column":6},"end":{"line":124,"column":null}},"type":"binary-expr","locations":[{"start":{"line":124,"column":6},"end":{"line":124,"column":30}},{"start":{"line":124,"column":30},"end":{"line":124,"column":null}}],"line":124},"18":{"loc":{"start":{"line":125,"column":6},"end":{"line":125,"column":null}},"type":"binary-expr","locations":[{"start":{"line":125,"column":6},"end":{"line":125,"column":23}},{"start":{"line":125,"column":23},"end":{"line":125,"column":null}}],"line":125},"19":{"loc":{"start":{"line":126,"column":6},"end":{"line":126,"column":null}},"type":"binary-expr","locations":[{"start":{"line":126,"column":6},"end":{"line":126,"column":37}},{"start":{"line":126,"column":37},"end":{"line":126,"column":null}}],"line":126},"20":{"loc":{"start":{"line":127,"column":6},"end":{"line":127,"column":null}},"type":"binary-expr","locations":[{"start":{"line":127,"column":6},"end":{"line":127,"column":30}},{"start":{"line":127,"column":30},"end":{"line":127,"column":null}}],"line":127},"21":{"loc":{"start":{"line":129,"column":6},"end":{"line":129,"column":null}},"type":"if","locations":[{"start":{"line":129,"column":6},"end":{"line":129,"column":null}},{"start":{},"end":{}}],"line":129},"22":{"loc":{"start":{"line":138,"column":6},"end":{"line":138,"column":null}},"type":"if","locations":[{"start":{"line":138,"column":6},"end":{"line":138,"column":null}},{"start":{},"end":{}}],"line":138},"23":{"loc":{"start":{"line":139,"column":14},"end":{"line":139,"column":25}},"type":"binary-expr","locations":[{"start":{"line":139,"column":14},"end":{"line":139,"column":21}},{"start":{"line":139,"column":21},"end":{"line":139,"column":25}}],"line":139},"24":{"loc":{"start":{"line":170,"column":6},"end":{"line":170,"column":null}},"type":"binary-expr","locations":[{"start":{"line":170,"column":6},"end":{"line":170,"column":27}},{"start":{"line":170,"column":27},"end":{"line":170,"column":null}}],"line":170},"25":{"loc":{"start":{"line":171,"column":6},"end":{"line":171,"column":null}},"type":"binary-expr","locations":[{"start":{"line":171,"column":6},"end":{"line":171,"column":29}},{"start":{"line":171,"column":29},"end":{"line":171,"column":null}}],"line":171},"26":{"loc":{"start":{"line":172,"column":6},"end":{"line":172,"column":null}},"type":"binary-expr","locations":[{"start":{"line":172,"column":6},"end":{"line":172,"column":30}},{"start":{"line":172,"column":30},"end":{"line":172,"column":null}}],"line":172},"27":{"loc":{"start":{"line":173,"column":6},"end":{"line":173,"column":null}},"type":"binary-expr","locations":[{"start":{"line":173,"column":6},"end":{"line":173,"column":28}},{"start":{"line":173,"column":28},"end":{"line":173,"column":null}}],"line":173},"28":{"loc":{"start":{"line":174,"column":6},"end":{"line":174,"column":null}},"type":"binary-expr","locations":[{"start":{"line":174,"column":6},"end":{"line":174,"column":25}},{"start":{"line":174,"column":25},"end":{"line":174,"column":null}}],"line":174},"29":{"loc":{"start":{"line":175,"column":6},"end":{"line":175,"column":null}},"type":"binary-expr","locations":[{"start":{"line":175,"column":6},"end":{"line":175,"column":30}},{"start":{"line":175,"column":30},"end":{"line":175,"column":null}}],"line":175},"30":{"loc":{"start":{"line":176,"column":6},"end":{"line":176,"column":null}},"type":"binary-expr","locations":[{"start":{"line":176,"column":6},"end":{"line":176,"column":30}},{"start":{"line":176,"column":30},"end":{"line":176,"column":null}}],"line":176},"31":{"loc":{"start":{"line":177,"column":6},"end":{"line":177,"column":null}},"type":"binary-expr","locations":[{"start":{"line":177,"column":6},"end":{"line":177,"column":39}},{"start":{"line":177,"column":39},"end":{"line":177,"column":null}}],"line":177},"32":{"loc":{"start":{"line":178,"column":6},"end":{"line":178,"column":null}},"type":"binary-expr","locations":[{"start":{"line":178,"column":6},"end":{"line":178,"column":23}},{"start":{"line":178,"column":23},"end":{"line":178,"column":null}}],"line":178},"33":{"loc":{"start":{"line":179,"column":6},"end":{"line":179,"column":null}},"type":"binary-expr","locations":[{"start":{"line":179,"column":6},"end":{"line":179,"column":26}},{"start":{"line":179,"column":26},"end":{"line":179,"column":null}}],"line":179},"34":{"loc":{"start":{"line":180,"column":6},"end":{"line":180,"column":null}},"type":"binary-expr","locations":[{"start":{"line":180,"column":6},"end":{"line":180,"column":26}},{"start":{"line":180,"column":26},"end":{"line":180,"column":null}}],"line":180},"35":{"loc":{"start":{"line":181,"column":6},"end":{"line":181,"column":null}},"type":"binary-expr","locations":[{"start":{"line":181,"column":6},"end":{"line":181,"column":39}},{"start":{"line":181,"column":39},"end":{"line":181,"column":null}}],"line":181},"36":{"loc":{"start":{"line":182,"column":6},"end":{"line":182,"column":null}},"type":"binary-expr","locations":[{"start":{"line":182,"column":6},"end":{"line":182,"column":37}},{"start":{"line":182,"column":37},"end":{"line":182,"column":null}}],"line":182},"37":{"loc":{"start":{"line":183,"column":6},"end":{"line":183,"column":null}},"type":"binary-expr","locations":[{"start":{"line":183,"column":6},"end":{"line":183,"column":36}},{"start":{"line":183,"column":36},"end":{"line":183,"column":null}}],"line":183},"38":{"loc":{"start":{"line":184,"column":6},"end":{"line":184,"column":null}},"type":"binary-expr","locations":[{"start":{"line":184,"column":6},"end":{"line":184,"column":29}},{"start":{"line":184,"column":29},"end":{"line":184,"column":null}}],"line":184},"39":{"loc":{"start":{"line":185,"column":6},"end":{"line":185,"column":null}},"type":"cond-expr","locations":[{"start":{"line":185,"column":28},"end":{"line":185,"column":32}},{"start":{"line":185,"column":32},"end":{"line":185,"column":null}}],"line":185},"40":{"loc":{"start":{"line":186,"column":6},"end":{"line":186,"column":null}},"type":"cond-expr","locations":[{"start":{"line":186,"column":28},"end":{"line":186,"column":32}},{"start":{"line":186,"column":32},"end":{"line":186,"column":null}}],"line":186},"41":{"loc":{"start":{"line":187,"column":6},"end":{"line":187,"column":null}},"type":"binary-expr","locations":[{"start":{"line":187,"column":6},"end":{"line":187,"column":35}},{"start":{"line":187,"column":35},"end":{"line":187,"column":null}}],"line":187},"42":{"loc":{"start":{"line":188,"column":6},"end":{"line":188,"column":null}},"type":"binary-expr","locations":[{"start":{"line":188,"column":6},"end":{"line":188,"column":28}},{"start":{"line":188,"column":28},"end":{"line":188,"column":null}}],"line":188},"43":{"loc":{"start":{"line":189,"column":6},"end":{"line":189,"column":null}},"type":"binary-expr","locations":[{"start":{"line":189,"column":6},"end":{"line":189,"column":26}},{"start":{"line":189,"column":26},"end":{"line":189,"column":null}}],"line":189},"44":{"loc":{"start":{"line":191,"column":6},"end":{"line":191,"column":null}},"type":"if","locations":[{"start":{"line":191,"column":6},"end":{"line":191,"column":null}},{"start":{},"end":{}}],"line":191}},"s":{"0":1,"1":1,"2":1,"3":1,"4":1,"5":1,"6":1,"7":1,"8":1,"9":1,"10":1,"11":1,"12":1,"13":1,"14":1,"15":1,"16":1,"17":1,"18":1,"19":1,"20":1,"21":1,"22":1,"23":1,"24":1,"25":1,"26":1,"27":1,"28":1,"29":1,"30":1,"31":1,"32":0,"33":1,"34":1,"35":1,"36":1,"37":1,"38":0,"39":1,"40":1,"41":1,"42":1,"43":1,"44":0,"45":1,"46":1,"47":1,"48":1,"49":1,"50":0,"51":1,"52":1},"f":{"0":1,"1":1,"2":1,"3":1,"4":1,"5":1,"6":1,"7":1,"8":1,"9":1,"10":1,"11":1,"12":1,"13":1,"14":1,"15":1,"16":1,"17":1,"18":1,"19":1,"20":1,"21":1,"22":1,"23":1,"24":1,"25":1,"26":1,"27":1,"28":1,"29":1,"30":1,"31":1,"32":1},"b":{"0":[0,1],"1":[1,0],"2":[1,0],"3":[1,0],"4":[1,1],"5":[1,0],"6":[1,0],"7":[1,0],"8":[1,1],"9":[1,0],"10":[1,0],"11":[1,0],"12":[1,0],"13":[1,0],"14":[1,0],"15":[1,0],"16":[1,0],"17":[1,0],"18":[1,0],"19":[1,0],"20":[1,0],"21":[0,1],"22":[0,1],"23":[1,0],"24":[1,0],"25":[1,0],"26":[1,0],"27":[1,0],"28":[1,0],"29":[1,0],"30":[1,0],"31":[1,0],"32":[1,0],"33":[1,0],"34":[1,0],"35":[1,0],"36":[1,0],"37":[1,0],"38":[1,0],"39":[1,0],"40":[1,0],"41":[1,0],"42":[1,0],"43":[1,0],"44":[0,1]},"meta":{"lastBranch":45,"lastFunction":33,"lastStatement":53,"seen":{"s:1:16:1:Infinity":0,"s:2:13:2:Infinity":1,"s:4:15:4:Infinity":2,"s:5:11:5:Infinity":3,"s:7:0:66:Infinity":4,"f:7:3:7:19":0,"s:8:2:24:Infinity":5,"s:26:2:28:Infinity":6,"f:26:9:26:86":1,"s:29:2:29:Infinity":7,"f:29:9:29:96":2,"s:30:2:30:Infinity":8,"f:30:9:30:88":3,"s:31:2:31:Infinity":9,"f:31:9:31:83":4,"s:32:2:32:Infinity":10,"f:32:9:32:92":5,"s:33:2:33:Infinity":11,"f:33:9:33:85":6,"s:34:2:34:Infinity":12,"f:34:9:34:99":7,"s:35:2:35:Infinity":13,"f:35:9:35:92":8,"s:37:2:50:Infinity":14,"s:52:2:52:Infinity":15,"f:52:9:52:101":9,"s:53:2:53:Infinity":16,"f:53:9:53:101":10,"s:54:2:54:Infinity":17,"f:54:9:54:99":11,"s:55:2:55:Infinity":18,"f:55:9:55:98":12,"s:56:2:56:Infinity":19,"f:56:9:56:91":13,"s:57:2:57:Infinity":20,"f:57:9:57:96":14,"s:58:2:58:Infinity":21,"f:58:9:58:95":15,"s:59:2:59:Infinity":22,"f:59:9:59:97":16,"s:60:2:60:Infinity":23,"f:60:9:60:90":17,"s:61:2:61:Infinity":24,"f:61:9:61:88":18,"s:62:2:62:Infinity":25,"f:62:9:62:88":19,"s:63:2:63:Infinity":26,"f:63:9:63:88":20,"s:65:2:65:Infinity":27,"s:68:6:75:Infinity":28,"f:68:6:68:24":21,"s:69:2:74:Infinity":29,"f:69:13:69:22":22,"s:70:4:73:Infinity":30,"f:70:74:70:78":23,"b:71:6:71:Infinity:undefined:undefined:undefined:undefined":0,"s:71:6:71:Infinity":31,"s:71:15:71:Infinity":32,"s:72:6:72:Infinity":33,"b:72:14:72:21:72:21:72:25":1,"s:77:6:133:Infinity":34,"f:77:6:77:27":24,"s:78:2:132:Infinity":35,"f:78:13:78:22":25,"s:79:4:131:Infinity":36,"b:109:6:109:27:109:27:109:Infinity":2,"b:110:6:110:20:110:20:110:Infinity":3,"b:111:6:111:30:111:30:111:Infinity":4,"b:112:6:112:34:112:34:112:Infinity":5,"b:113:6:113:31:113:31:113:Infinity":6,"b:114:6:114:32:114:32:114:Infinity":7,"b:115:6:115:29:115:29:115:Infinity":8,"b:116:6:116:23:116:23:116:Infinity":9,"b:117:6:117:33:117:33:117:Infinity":10,"b:118:6:118:31:118:31:118:Infinity":11,"b:119:6:119:34:119:34:119:Infinity":12,"b:120:6:120:26:120:26:120:Infinity":13,"b:121:6:121:29:121:29:121:Infinity":14,"b:122:6:122:26:122:26:122:Infinity":15,"b:123:6:123:21:123:21:123:Infinity":16,"b:124:6:124:30:124:30:124:Infinity":17,"b:125:6:125:23:125:23:125:Infinity":18,"b:126:6:126:37:126:37:126:Infinity":19,"b:127:6:127:30:127:30:127:Infinity":20,"f:128:7:128:16":26,"b:129:6:129:Infinity:undefined:undefined:undefined:undefined":21,"s:129:6:129:Infinity":37,"s:129:15:129:Infinity":38,"s:130:6:130:Infinity":39,"s:135:6:142:Infinity":40,"f:135:6:135:29":27,"s:136:2:141:Infinity":41,"f:136:13:136:22":28,"s:137:4:140:Infinity":42,"f:137:11:137:60":29,"b:138:6:138:Infinity:undefined:undefined:undefined:undefined":22,"s:138:6:138:Infinity":43,"s:138:15:138:Infinity":44,"s:139:6:139:Infinity":45,"b:139:14:139:21:139:21:139:25":23,"s:144:6:195:Infinity":46,"f:144:6:144:27":30,"s:145:2:194:Infinity":47,"f:145:13:145:22":31,"s:146:4:193:Infinity":48,"b:170:6:170:27:170:27:170:Infinity":24,"b:171:6:171:29:171:29:171:Infinity":25,"b:172:6:172:30:172:30:172:Infinity":26,"b:173:6:173:28:173:28:173:Infinity":27,"b:174:6:174:25:174:25:174:Infinity":28,"b:175:6:175:30:175:30:175:Infinity":29,"b:176:6:176:30:176:30:176:Infinity":30,"b:177:6:177:39:177:39:177:Infinity":31,"b:178:6:178:23:178:23:178:Infinity":32,"b:179:6:179:26:179:26:179:Infinity":33,"b:180:6:180:26:180:26:180:Infinity":34,"b:181:6:181:39:181:39:181:Infinity":35,"b:182:6:182:37:182:37:182:Infinity":36,"b:183:6:183:36:183:36:183:Infinity":37,"b:184:6:184:29:184:29:184:Infinity":38,"b:185:28:185:32:185:32:185:Infinity":39,"b:186:28:186:32:186:32:186:Infinity":40,"b:187:6:187:35:187:35:187:Infinity":41,"b:188:6:188:28:188:28:188:Infinity":42,"b:189:6:189:26:189:26:189:Infinity":43,"f:190:7:190:16":32,"b:191:6:191:Infinity:undefined:undefined:undefined:undefined":44,"s:191:6:191:Infinity":49,"s:191:15:191:Infinity":50,"s:192:6:192:Infinity":51,"s:197:0:197:Infinity":52},"fnNames":{}}}
,"C:\\Users\\Administrator\\Documents\\Cursor\\Tutto\\tutto\\src\\components\\DiceGame.jsx": {"path":"C:\\Users\\Administrator\\Documents\\Cursor\\Tutto\\tutto\\src\\components\\DiceGame.jsx","statementMap":{"0":{"start":{"line":8,"column":19},"end":{"line":8,"column":null}},"1":{"start":{"line":9,"column":22},"end":{"line":9,"column":null}},"2":{"start":{"line":10,"column":20},"end":{"line":10,"column":null}},"3":{"start":{"line":11,"column":26},"end":{"line":11,"column":null}},"4":{"start":{"line":13,"column":20},"end":{"line":13,"column":null}},"5":{"start":{"line":14,"column":20},"end":{"line":14,"column":null}},"6":{"start":{"line":15,"column":22},"end":{"line":15,"column":null}},"7":{"start":{"line":16,"column":22},"end":{"line":16,"column":null}},"8":{"start":{"line":17,"column":25},"end":{"line":17,"column":null}},"9":{"start":{"line":19,"column":24},"end":{"line":19,"column":null}},"10":{"start":{"line":19,"column":48},"end":{"line":19,"column":58}},"11":{"start":{"line":20,"column":23},"end":{"line":20,"column":null}},"12":{"start":{"line":20,"column":46},"end":{"line":20,"column":51}},"13":{"start":{"line":22,"column":8},"end":{"line":22,"column":null}},"14":{"start":{"line":22,"column":21},"end":{"line":22,"column":102}},"15":{"start":{"line":24,"column":22},"end":{"line":24,"column":null}},"16":{"start":{"line":26,"column":8},"end":{"line":49,"column":null}},"17":{"start":{"line":27,"column":20},"end":{"line":31,"column":null}},"18":{"start":{"line":27,"column":65},"end":{"line":31,"column":6}},"19":{"start":{"line":33,"column":4},"end":{"line":33,"column":null}},"20":{"start":{"line":34,"column":4},"end":{"line":34,"column":null}},"21":{"start":{"line":36,"column":4},"end":{"line":48,"column":null}},"22":{"start":{"line":36,"column":32},"end":{"line":36,"column":37}},"23":{"start":{"line":37,"column":6},"end":{"line":37,"column":null}},"24":{"start":{"line":38,"column":6},"end":{"line":38,"column":null}},"25":{"start":{"line":40,"column":6},"end":{"line":47,"column":null}},"26":{"start":{"line":41,"column":8},"end":{"line":45,"column":null}},"27":{"start":{"line":42,"column":10},"end":{"line":42,"column":null}},"28":{"start":{"line":44,"column":10},"end":{"line":44,"column":null}},"29":{"start":{"line":46,"column":8},"end":{"line":46,"column":null}},"30":{"start":{"line":51,"column":8},"end":{"line":103,"column":null}},"31":{"start":{"line":52,"column":4},"end":{"line":52,"column":null}},"32":{"start":{"line":52,"column":48},"end":{"line":52,"column":null}},"33":{"start":{"line":54,"column":23},"end":{"line":54,"column":null}},"34":{"start":{"line":55,"column":29},"end":{"line":55,"column":null}},"35":{"start":{"line":56,"column":22},"end":{"line":56,"column":null}},"36":{"start":{"line":58,"column":20},"end":{"line":58,"column":null}},"37":{"start":{"line":60,"column":4},"end":{"line":83,"column":null}},"38":{"start":{"line":61,"column":6},"end":{"line":61,"column":null}},"39":{"start":{"line":62,"column":6},"end":{"line":62,"column":null}},"40":{"start":{"line":63,"column":6},"end":{"line":63,"column":null}},"41":{"start":{"line":65,"column":6},"end":{"line":82,"column":null}},"42":{"start":{"line":66,"column":8},"end":{"line":77,"column":null}},"43":{"start":{"line":67,"column":10},"end":{"line":67,"column":null}},"44":{"start":{"line":68,"column":10},"end":{"line":68,"column":null}},"45":{"start":{"line":69,"column":10},"end":{"line":69,"column":null}},"46":{"start":{"line":70,"column":10},"end":{"line":70,"column":null}},"47":{"start":{"line":71,"column":10},"end":{"line":71,"column":null}},"48":{"start":{"line":72,"column":10},"end":{"line":72,"column":null}},"49":{"start":{"line":74,"column":10},"end":{"line":74,"column":null}},"50":{"start":{"line":75,"column":10},"end":{"line":75,"column":null}},"51":{"start":{"line":76,"column":10},"end":{"line":76,"column":null}},"52":{"start":{"line":78,"column":13},"end":{"line":82,"column":null}},"53":{"start":{"line":79,"column":8},"end":{"line":79,"column":null}},"54":{"start":{"line":80,"column":8},"end":{"line":80,"column":null}},"55":{"start":{"line":81,"column":8},"end":{"line":81,"column":null}},"56":{"start":{"line":85,"column":4},"end":{"line":89,"column":null}},"57":{"start":{"line":86,"column":6},"end":{"line":86,"column":null}},"58":{"start":{"line":87,"column":6},"end":{"line":87,"column":null}},"59":{"start":{"line":88,"column":6},"end":{"line":88,"column":null}},"60":{"start":{"line":91,"column":4},"end":{"line":102,"column":null}},"61":{"start":{"line":92,"column":6},"end":{"line":92,"column":null}},"62":{"start":{"line":93,"column":6},"end":{"line":93,"column":null}},"63":{"start":{"line":95,"column":6},"end":{"line":101,"column":null}},"64":{"start":{"line":96,"column":8},"end":{"line":96,"column":null}},"65":{"start":{"line":97,"column":8},"end":{"line":97,"column":null}},"66":{"start":{"line":99,"column":8},"end":{"line":99,"column":null}},"67":{"start":{"line":100,"column":8},"end":{"line":100,"column":null}},"68":{"start":{"line":105,"column":8},"end":{"line":108,"column":null}},"69":{"start":{"line":106,"column":4},"end":{"line":106,"column":null}},"70":{"start":{"line":106,"column":34},"end":{"line":106,"column":null}},"71":{"start":{"line":107,"column":4},"end":{"line":107,"column":null}},"72":{"start":{"line":107,"column":27},"end":{"line":107,"column":91}},"73":{"start":{"line":107,"column":41},"end":{"line":107,"column":90}},"74":{"start":{"line":110,"column":8},"end":{"line":116,"column":null}},"75":{"start":{"line":111,"column":4},"end":{"line":115,"column":null}},"76":{"start":{"line":112,"column":6},"end":{"line":112,"column":null}},"77":{"start":{"line":114,"column":6},"end":{"line":114,"column":null}},"78":{"start":{"line":118,"column":24},"end":{"line":118,"column":null}},"79":{"start":{"line":119,"column":24},"end":{"line":119,"column":null}},"80":{"start":{"line":121,"column":18},"end":{"line":122,"column":null}},"81":{"start":{"line":124,"column":32},"end":{"line":124,"column":null}},"82":{"start":{"line":126,"column":23},"end":{"line":126,"column":null}},"83":{"start":{"line":127,"column":2},"end":{"line":133,"column":null}},"84":{"start":{"line":128,"column":4},"end":{"line":132,"column":null}},"85":{"start":{"line":129,"column":6},"end":{"line":129,"column":null}},"86":{"start":{"line":131,"column":6},"end":{"line":131,"column":null}},"87":{"start":{"line":135,"column":24},"end":{"line":135,"column":null}},"88":{"start":{"line":136,"column":2},"end":{"line":142,"column":null}},"89":{"start":{"line":137,"column":4},"end":{"line":141,"column":null}},"90":{"start":{"line":138,"column":6},"end":{"line":138,"column":null}},"91":{"start":{"line":138,"column":37},"end":{"line":138,"column":50}},"92":{"start":{"line":140,"column":6},"end":{"line":140,"column":null}},"93":{"start":{"line":140,"column":37},"end":{"line":140,"column":50}},"94":{"start":{"line":144,"column":2},"end":{"line":252,"column":null}},"95":{"start":{"line":187,"column":18},"end":{"line":189,"column":null}},"96":{"start":{"line":199,"column":123},"end":{"line":199,"column":null}},"97":{"start":{"line":207,"column":22},"end":{"line":213,"column":null}},"98":{"start":{"line":210,"column":39},"end":{"line":210,"column":null}},"99":{"start":{"line":237,"column":98},"end":{"line":237,"column":120}},"100":{"start":{"line":243,"column":98},"end":{"line":243,"column":120}}},"fnMap":{"0":{"name":"DiceGame","decl":{"start":{"line":7,"column":24},"end":{"line":7,"column":33}},"loc":{"start":{"line":7,"column":72},"end":{"line":254,"column":null}},"line":7},"1":{"name":"(anonymous_1)","decl":{"start":{"line":19,"column":36},"end":{"line":19,"column":43}},"loc":{"start":{"line":19,"column":48},"end":{"line":19,"column":58}},"line":19},"2":{"name":"(anonymous_2)","decl":{"start":{"line":20,"column":37},"end":{"line":20,"column":41}},"loc":{"start":{"line":20,"column":46},"end":{"line":20,"column":51}},"line":20},"3":{"name":"(anonymous_3)","decl":{"start":{"line":22,"column":21},"end":{"line":22,"column":35}},"loc":{"start":{"line":22,"column":21},"end":{"line":22,"column":102}},"line":22},"4":{"name":"(anonymous_4)","decl":{"start":{"line":26,"column":8},"end":{"line":26,"column":16}},"loc":{"start":{"line":26,"column":104},"end":{"line":49,"column":null}},"line":26},"5":{"name":"(anonymous_5)","decl":{"start":{"line":27,"column":51},"end":{"line":27,"column":55}},"loc":{"start":{"line":27,"column":65},"end":{"line":31,"column":6}},"line":27},"6":{"name":"(anonymous_6)","decl":{"start":{"line":36,"column":23},"end":{"line":36,"column":27}},"loc":{"start":{"line":36,"column":32},"end":{"line":36,"column":37}},"line":36},"7":{"name":"(anonymous_7)","decl":{"start":{"line":40,"column":6},"end":{"line":40,"column":23}},"loc":{"start":{"line":40,"column":23},"end":{"line":47,"column":9}},"line":40},"8":{"name":"(anonymous_8)","decl":{"start":{"line":51,"column":8},"end":{"line":51,"column":24}},"loc":{"start":{"line":51,"column":35},"end":{"line":103,"column":null}},"line":51},"9":{"name":"(anonymous_9)","decl":{"start":{"line":105,"column":8},"end":{"line":105,"column":21}},"loc":{"start":{"line":105,"column":28},"end":{"line":108,"column":null}},"line":105},"10":{"name":"(anonymous_10)","decl":{"start":{"line":107,"column":4},"end":{"line":107,"column":19}},"loc":{"start":{"line":107,"column":27},"end":{"line":107,"column":91}},"line":107},"11":{"name":"(anonymous_11)","decl":{"start":{"line":107,"column":32},"end":{"line":107,"column":36}},"loc":{"start":{"line":107,"column":41},"end":{"line":107,"column":90}},"line":107},"12":{"name":"(anonymous_12)","decl":{"start":{"line":110,"column":8},"end":{"line":110,"column":27}},"loc":{"start":{"line":110,"column":27},"end":{"line":116,"column":null}},"line":110},"13":{"name":"(anonymous_13)","decl":{"start":{"line":138,"column":22},"end":{"line":138,"column":28}},"loc":{"start":{"line":138,"column":37},"end":{"line":138,"column":50}},"line":138},"14":{"name":"(anonymous_14)","decl":{"start":{"line":140,"column":22},"end":{"line":140,"column":28}},"loc":{"start":{"line":140,"column":37},"end":{"line":140,"column":50}},"line":140},"15":{"name":"(anonymous_15)","decl":{"start":{"line":186,"column":33},"end":{"line":186,"column":38}},"loc":{"start":{"line":187,"column":18},"end":{"line":189,"column":null}},"line":187},"16":{"name":"(anonymous_16)","decl":{"start":{"line":199,"column":108},"end":{"line":199,"column":123}},"loc":{"start":{"line":199,"column":123},"end":{"line":199,"column":null}},"line":199},"17":{"name":"(anonymous_17)","decl":{"start":{"line":206,"column":33},"end":{"line":206,"column":37}},"loc":{"start":{"line":207,"column":22},"end":{"line":213,"column":null}},"line":207},"18":{"name":"(anonymous_18)","decl":{"start":{"line":210,"column":24},"end":{"line":210,"column":39}},"loc":{"start":{"line":210,"column":39},"end":{"line":210,"column":null}},"line":210},"19":{"name":"(anonymous_19)","decl":{"start":{"line":237,"column":83},"end":{"line":237,"column":98}},"loc":{"start":{"line":237,"column":98},"end":{"line":237,"column":120}},"line":237},"20":{"name":"(anonymous_20)","decl":{"start":{"line":243,"column":83},"end":{"line":243,"column":98}},"loc":{"start":{"line":243,"column":98},"end":{"line":243,"column":120}},"line":243}},"branchMap":{"0":{"loc":{"start":{"line":26,"column":29},"end":{"line":26,"column":71}},"type":"default-arg","locations":[{"start":{"line":26,"column":54},"end":{"line":26,"column":71}}],"line":26},"1":{"loc":{"start":{"line":26,"column":71},"end":{"line":26,"column":104}},"type":"default-arg","locations":[{"start":{"line":26,"column":90},"end":{"line":26,"column":104}}],"line":26},"2":{"loc":{"start":{"line":36,"column":4},"end":{"line":48,"column":null}},"type":"if","locations":[{"start":{"line":36,"column":4},"end":{"line":48,"column":null}},{"start":{},"end":{}}],"line":36},"3":{"loc":{"start":{"line":41,"column":8},"end":{"line":45,"column":null}},"type":"if","locations":[{"start":{"line":41,"column":8},"end":{"line":45,"column":null}},{"start":{"line":43,"column":15},"end":{"line":45,"column":null}}],"line":41},"4":{"loc":{"start":{"line":52,"column":4},"end":{"line":52,"column":null}},"type":"if","locations":[{"start":{"line":52,"column":4},"end":{"line":52,"column":null}},{"start":{},"end":{}}],"line":52},"5":{"loc":{"start":{"line":52,"column":8},"end":{"line":52,"column":48}},"type":"binary-expr","locations":[{"start":{"line":52,"column":8},"end":{"line":52,"column":29}},{"start":{"line":52,"column":29},"end":{"line":52,"column":48}}],"line":52},"6":{"loc":{"start":{"line":60,"column":4},"end":{"line":83,"column":null}},"type":"if","locations":[{"start":{"line":60,"column":4},"end":{"line":83,"column":null}},{"start":{},"end":{}}],"line":60},"7":{"loc":{"start":{"line":65,"column":6},"end":{"line":82,"column":null}},"type":"if","locations":[{"start":{"line":65,"column":6},"end":{"line":82,"column":null}},{"start":{"line":78,"column":13},"end":{"line":82,"column":null}}],"line":65},"8":{"loc":{"start":{"line":66,"column":8},"end":{"line":77,"column":null}},"type":"if","locations":[{"start":{"line":66,"column":8},"end":{"line":77,"column":null}},{"start":{"line":73,"column":15},"end":{"line":77,"column":null}}],"line":66},"9":{"loc":{"start":{"line":78,"column":13},"end":{"line":82,"column":null}},"type":"if","locations":[{"start":{"line":78,"column":13},"end":{"line":82,"column":null}},{"start":{},"end":{}}],"line":78},"10":{"loc":{"start":{"line":85,"column":4},"end":{"line":89,"column":null}},"type":"if","locations":[{"start":{"line":85,"column":4},"end":{"line":89,"column":null}},{"start":{},"end":{}}],"line":85},"11":{"loc":{"start":{"line":91,"column":4},"end":{"line":102,"column":null}},"type":"if","locations":[{"start":{"line":91,"column":4},"end":{"line":102,"column":null}},{"start":{},"end":{}}],"line":91},"12":{"loc":{"start":{"line":95,"column":6},"end":{"line":101,"column":null}},"type":"if","locations":[{"start":{"line":95,"column":6},"end":{"line":101,"column":null}},{"start":{"line":98,"column":13},"end":{"line":101,"column":null}}],"line":95},"13":{"loc":{"start":{"line":106,"column":4},"end":{"line":106,"column":null}},"type":"if","locations":[{"start":{"line":106,"column":4},"end":{"line":106,"column":null}},{"start":{},"end":{}}],"line":106},"14":{"loc":{"start":{"line":106,"column":8},"end":{"line":106,"column":34}},"type":"binary-expr","locations":[{"start":{"line":106,"column":8},"end":{"line":106,"column":21}},{"start":{"line":106,"column":21},"end":{"line":106,"column":34}}],"line":106},"15":{"loc":{"start":{"line":107,"column":41},"end":{"line":107,"column":90}},"type":"cond-expr","locations":[{"start":{"line":107,"column":55},"end":{"line":107,"column":89}},{"start":{"line":107,"column":89},"end":{"line":107,"column":90}}],"line":107},"16":{"loc":{"start":{"line":111,"column":4},"end":{"line":115,"column":null}},"type":"if","locations":[{"start":{"line":111,"column":4},"end":{"line":115,"column":null}},{"start":{"line":113,"column":11},"end":{"line":115,"column":null}}],"line":111},"17":{"loc":{"start":{"line":121,"column":18},"end":{"line":122,"column":null}},"type":"binary-expr","locations":[{"start":{"line":121,"column":18},"end":{"line":121,"column":31}},{"start":{"line":121,"column":31},"end":{"line":121,"column":45}},{"start":{"line":121,"column":45},"end":{"line":121,"column":65}},{"start":{"line":121,"column":65},"end":{"line":121,"column":null}},{"start":{"line":122,"column":5},"end":{"line":122,"column":22}},{"start":{"line":122,"column":22},"end":{"line":122,"column":null}}],"line":121},"18":{"loc":{"start":{"line":124,"column":34},"end":{"line":124,"column":null}},"type":"binary-expr","locations":[{"start":{"line":124,"column":34},"end":{"line":124,"column":51}},{"start":{"line":124,"column":51},"end":{"line":124,"column":null}}],"line":124},"19":{"loc":{"start":{"line":127,"column":2},"end":{"line":133,"column":null}},"type":"if","locations":[{"start":{"line":127,"column":2},"end":{"line":133,"column":null}},{"start":{},"end":{}}],"line":127},"20":{"loc":{"start":{"line":127,"column":6},"end":{"line":127,"column":38}},"type":"binary-expr","locations":[{"start":{"line":127,"column":6},"end":{"line":127,"column":23}},{"start":{"line":127,"column":23},"end":{"line":127,"column":38}}],"line":127},"21":{"loc":{"start":{"line":128,"column":4},"end":{"line":132,"column":null}},"type":"if","locations":[{"start":{"line":128,"column":4},"end":{"line":132,"column":null}},{"start":{"line":130,"column":11},"end":{"line":132,"column":null}}],"line":128},"22":{"loc":{"start":{"line":128,"column":8},"end":{"line":128,"column":61}},"type":"binary-expr","locations":[{"start":{"line":128,"column":8},"end":{"line":128,"column":39}},{"start":{"line":128,"column":39},"end":{"line":128,"column":61}}],"line":128},"23":{"loc":{"start":{"line":136,"column":2},"end":{"line":142,"column":null}},"type":"if","locations":[{"start":{"line":136,"column":2},"end":{"line":142,"column":null}},{"start":{},"end":{}}],"line":136},"24":{"loc":{"start":{"line":136,"column":6},"end":{"line":136,"column":63}},"type":"binary-expr","locations":[{"start":{"line":136,"column":6},"end":{"line":136,"column":35}},{"start":{"line":136,"column":35},"end":{"line":136,"column":63}}],"line":136},"25":{"loc":{"start":{"line":137,"column":4},"end":{"line":141,"column":null}},"type":"if","locations":[{"start":{"line":137,"column":4},"end":{"line":141,"column":null}},{"start":{"line":139,"column":11},"end":{"line":141,"column":null}}],"line":137},"26":{"loc":{"start":{"line":148,"column":9},"end":{"line":155,"column":null}},"type":"binary-expr","locations":[{"start":{"line":148,"column":9},"end":{"line":148,"column":null}},{"start":{"line":149,"column":10},"end":{"line":155,"column":null}}],"line":148},"27":{"loc":{"start":{"line":151,"column":13},"end":{"line":152,"column":null}},"type":"binary-expr","locations":[{"start":{"line":151,"column":13},"end":{"line":151,"column":27}},{"start":{"line":151,"column":27},"end":{"line":152,"column":null}}],"line":151},"28":{"loc":{"start":{"line":155,"column":9},"end":{"line":251,"column":null}},"type":"cond-expr","locations":[{"start":{"line":156,"column":10},"end":{"line":170,"column":null}},{"start":{"line":170,"column":10},"end":{"line":251,"column":null}}],"line":155},"29":{"loc":{"start":{"line":157,"column":32},"end":{"line":157,"column":85}},"type":"cond-expr","locations":[{"start":{"line":157,"column":50},"end":{"line":157,"column":69}},{"start":{"line":157,"column":69},"end":{"line":157,"column":85}}],"line":157},"30":{"loc":{"start":{"line":158,"column":15},"end":{"line":158,"column":null}},"type":"cond-expr","locations":[{"start":{"line":158,"column":33},"end":{"line":158,"column":46}},{"start":{"line":158,"column":46},"end":{"line":158,"column":null}}],"line":158},"31":{"loc":{"start":{"line":160,"column":13},"end":{"line":160,"column":null}},"type":"binary-expr","locations":[{"start":{"line":160,"column":13},"end":{"line":160,"column":36}},{"start":{"line":160,"column":36},"end":{"line":160,"column":null}}],"line":160},"32":{"loc":{"start":{"line":161,"column":13},"end":{"line":162,"column":null}},"type":"binary-expr","locations":[{"start":{"line":161,"column":13},"end":{"line":161,"column":32}},{"start":{"line":161,"column":32},"end":{"line":161,"column":null}},{"start":{"line":162,"column":14},"end":{"line":162,"column":null}}],"line":161},"33":{"loc":{"start":{"line":174,"column":30},"end":{"line":174,"column":null}},"type":"cond-expr","locations":[{"start":{"line":174,"column":49},"end":{"line":174,"column":68}},{"start":{"line":174,"column":68},"end":{"line":174,"column":null}}],"line":174},"34":{"loc":{"start":{"line":176,"column":15},"end":{"line":179,"column":null}},"type":"binary-expr","locations":[{"start":{"line":176,"column":15},"end":{"line":176,"column":null}},{"start":{"line":177,"column":16},"end":{"line":179,"column":null}}],"line":176},"35":{"loc":{"start":{"line":191,"column":17},"end":{"line":192,"column":null}},"type":"binary-expr","locations":[{"start":{"line":191,"column":17},"end":{"line":191,"column":49}},{"start":{"line":191,"column":49},"end":{"line":192,"column":null}}],"line":191},"36":{"loc":{"start":{"line":197,"column":15},"end":{"line":232,"column":null}},"type":"cond-expr","locations":[{"start":{"line":198,"column":16},"end":{"line":204,"column":null}},{"start":{"line":204,"column":16},"end":{"line":232,"column":null}}],"line":197},"37":{"loc":{"start":{"line":209,"column":42},"end":{"line":209,"column":71}},"type":"cond-expr","locations":[{"start":{"line":209,"column":55},"end":{"line":209,"column":68}},{"start":{"line":209,"column":68},"end":{"line":209,"column":71}}],"line":209},"38":{"loc":{"start":{"line":209,"column":74},"end":{"line":209,"column":null}},"type":"cond-expr","locations":[{"start":{"line":209,"column":86},"end":{"line":209,"column":95}},{"start":{"line":209,"column":95},"end":{"line":209,"column":null}}],"line":209},"39":{"loc":{"start":{"line":217,"column":19},"end":{"line":220,"column":null}},"type":"binary-expr","locations":[{"start":{"line":217,"column":19},"end":{"line":217,"column":null}},{"start":{"line":218,"column":20},"end":{"line":220,"column":null}}],"line":217},"40":{"loc":{"start":{"line":223,"column":19},"end":{"line":228,"column":null}},"type":"binary-expr","locations":[{"start":{"line":223,"column":19},"end":{"line":223,"column":null}},{"start":{"line":224,"column":20},"end":{"line":228,"column":null}}],"line":223},"41":{"loc":{"start":{"line":225,"column":23},"end":{"line":226,"column":null}},"type":"binary-expr","locations":[{"start":{"line":225,"column":23},"end":{"line":225,"column":44}},{"start":{"line":225,"column":44},"end":{"line":225,"column":null}},{"start":{"line":226,"column":24},"end":{"line":226,"column":null}}],"line":225},"42":{"loc":{"start":{"line":234,"column":13},"end":{"line":247,"column":null}},"type":"binary-expr","locations":[{"start":{"line":234,"column":13},"end":{"line":234,"column":26}},{"start":{"line":234,"column":26},"end":{"line":234,"column":null}},{"start":{"line":235,"column":14},"end":{"line":247,"column":null}}],"line":234},"43":{"loc":{"start":{"line":236,"column":17},"end":{"line":242,"column":null}},"type":"binary-expr","locations":[{"start":{"line":236,"column":17},"end":{"line":236,"column":null}},{"start":{"line":237,"column":18},"end":{"line":242,"column":null}}],"line":236},"44":{"loc":{"start":{"line":242,"column":17},"end":{"line":247,"column":null}},"type":"binary-expr","locations":[{"start":{"line":242,"column":17},"end":{"line":242,"column":null}},{"start":{"line":243,"column":18},"end":{"line":247,"column":null}}],"line":242}},"s":{"0":64,"1":64,"2":64,"3":64,"4":64,"5":64,"6":64,"7":64,"8":64,"9":64,"10":325,"11":64,"12":135,"13":64,"14":64,"15":64,"16":64,"17":12,"18":68,"19":12,"20":12,"21":12,"22":68,"23":3,"24":3,"25":3,"26":3,"27":3,"28":0,"29":3,"30":64,"31":9,"32":0,"33":9,"34":9,"35":9,"36":9,"37":9,"38":6,"39":6,"40":6,"41":6,"42":2,"43":1,"44":1,"45":1,"46":1,"47":1,"48":1,"49":1,"50":1,"51":1,"52":4,"53":2,"54":2,"55":2,"56":5,"57":1,"58":1,"59":1,"60":4,"61":4,"62":4,"63":4,"64":2,"65":2,"66":2,"67":2,"68":64,"69":38,"70":0,"71":38,"72":38,"73":219,"74":64,"75":7,"76":6,"77":1,"78":64,"79":64,"80":64,"81":64,"82":64,"83":64,"84":3,"85":1,"86":2,"87":64,"88":64,"89":0,"90":0,"91":0,"92":0,"93":0,"94":64,"95":13,"96":7,"97":287,"98":38,"99":5,"100":4},"f":{"0":64,"1":325,"2":135,"3":64,"4":12,"5":68,"6":68,"7":3,"8":9,"9":38,"10":38,"11":219,"12":7,"13":0,"14":0,"15":13,"16":7,"17":287,"18":38,"19":5,"20":4},"b":{"0":[12],"1":[12],"2":[3,9],"3":[3,0],"4":[0,9],"5":[9,0],"6":[6,3],"7":[2,4],"8":[1,1],"9":[2,2],"10":[1,4],"11":[4,0],"12":[2,2],"13":[0,38],"14":[38,38],"15":[38,181],"16":[6,1],"17":[64,57,51,34,25,18],"18":[64,9],"19":[3,61],"20":[64,9],"21":[1,2],"22":[3,3],"23":[0,64],"24":[64,0],"25":[0,0],"26":[64,57],"27":[57,7],"28":[7,57],"29":[6,1],"30":[6,1],"31":[7,3],"32":[7,6,5],"33":[30,27],"34":[57,15],"35":[57,52],"36":[7,50],"37":[119,168],"38":[17,270],"39":[50,3],"40":[50,47],"41":[47,17,8],"42":[57,50,47],"43":[47,15],"44":[47,43]},"meta":{"lastBranch":45,"lastFunction":21,"lastStatement":101,"seen":{"f:7:24:7:33":0,"s:8:19:8:Infinity":0,"s:9:22:9:Infinity":1,"s:10:20:10:Infinity":2,"s:11:26:11:Infinity":3,"s:13:20:13:Infinity":4,"s:14:20:14:Infinity":5,"s:15:22:15:Infinity":6,"s:16:22:16:Infinity":7,"s:17:25:17:Infinity":8,"s:19:24:19:Infinity":9,"f:19:36:19:43":1,"s:19:48:19:58":10,"s:20:23:20:Infinity":11,"f:20:37:20:41":2,"s:20:46:20:51":12,"s:22:8:22:Infinity":13,"f:22:21:22:35":3,"s:22:21:22:102":14,"s:24:22:24:Infinity":15,"s:26:8:49:Infinity":16,"f:26:8:26:16":4,"b:26:54:26:71":0,"b:26:90:26:104":1,"s:27:20:31:Infinity":17,"f:27:51:27:55":5,"s:27:65:31:6":18,"s:33:4:33:Infinity":19,"s:34:4:34:Infinity":20,"b:36:4:48:Infinity:undefined:undefined:undefined:undefined":2,"s:36:4:48:Infinity":21,"f:36:23:36:27":6,"s:36:32:36:37":22,"s:37:6:37:Infinity":23,"s:38:6:38:Infinity":24,"s:40:6:47:Infinity":25,"f:40:6:40:23":7,"b:41:8:45:Infinity:43:15:45:Infinity":3,"s:41:8:45:Infinity":26,"s:42:10:42:Infinity":27,"s:44:10:44:Infinity":28,"s:46:8:46:Infinity":29,"s:51:8:103:Infinity":30,"f:51:8:51:24":8,"b:52:4:52:Infinity:undefined:undefined:undefined:undefined":4,"s:52:4:52:Infinity":31,"b:52:8:52:29:52:29:52:48":5,"s:52:48:52:Infinity":32,"s:54:23:54:Infinity":33,"s:55:29:55:Infinity":34,"s:56:22:56:Infinity":35,"s:58:20:58:Infinity":36,"b:60:4:83:Infinity:undefined:undefined:undefined:undefined":6,"s:60:4:83:Infinity":37,"s:61:6:61:Infinity":38,"s:62:6:62:Infinity":39,"s:63:6:63:Infinity":40,"b:65:6:82:Infinity:78:13:82:Infinity":7,"s:65:6:82:Infinity":41,"b:66:8:77:Infinity:73:15:77:Infinity":8,"s:66:8:77:Infinity":42,"s:67:10:67:Infinity":43,"s:68:10:68:Infinity":44,"s:69:10:69:Infinity":45,"s:70:10:70:Infinity":46,"s:71:10:71:Infinity":47,"s:72:10:72:Infinity":48,"s:74:10:74:Infinity":49,"s:75:10:75:Infinity":50,"s:76:10:76:Infinity":51,"b:78:13:82:Infinity:undefined:undefined:undefined:undefined":9,"s:78:13:82:Infinity":52,"s:79:8:79:Infinity":53,"s:80:8:80:Infinity":54,"s:81:8:81:Infinity":55,"b:85:4:89:Infinity:undefined:undefined:undefined:undefined":10,"s:85:4:89:Infinity":56,"s:86:6:86:Infinity":57,"s:87:6:87:Infinity":58,"s:88:6:88:Infinity":59,"b:91:4:102:Infinity:undefined:undefined:undefined:undefined":11,"s:91:4:102:Infinity":60,"s:92:6:92:Infinity":61,"s:93:6:93:Infinity":62,"b:95:6:101:Infinity:98:13:101:Infinity":12,"s:95:6:101:Infinity":63,"s:96:8:96:Infinity":64,"s:97:8:97:Infinity":65,"s:99:8:99:Infinity":66,"s:100:8:100:Infinity":67,"s:105:8:108:Infinity":68,"f:105:8:105:21":9,"b:106:4:106:Infinity:undefined:undefined:undefined:undefined":13,"s:106:4:106:Infinity":69,"b:106:8:106:21:106:21:106:34":14,"s:106:34:106:Infinity":70,"s:107:4:107:Infinity":71,"f:107:4:107:19":10,"s:107:27:107:91":72,"f:107:32:107:36":11,"s:107:41:107:90":73,"b:107:55:107:89:107:89:107:90":15,"s:110:8:116:Infinity":74,"f:110:8:110:27":12,"b:111:4:115:Infinity:113:11:115:Infinity":16,"s:111:4:115:Infinity":75,"s:112:6:112:Infinity":76,"s:114:6:114:Infinity":77,"s:118:24:118:Infinity":78,"s:119:24:119:Infinity":79,"s:121:18:122:Infinity":80,"b:121:18:121:31:121:31:121:45:121:45:121:65:121:65:121:Infinity:122:5:122:22:122:22:122:Infinity":17,"s:124:32:124:Infinity":81,"b:124:34:124:51:124:51:124:Infinity":18,"s:126:23:126:Infinity":82,"b:127:2:133:Infinity:undefined:undefined:undefined:undefined":19,"s:127:2:133:Infinity":83,"b:127:6:127:23:127:23:127:38":20,"b:128:4:132:Infinity:130:11:132:Infinity":21,"s:128:4:132:Infinity":84,"b:128:8:128:39:128:39:128:61":22,"s:129:6:129:Infinity":85,"s:131:6:131:Infinity":86,"s:135:24:135:Infinity":87,"b:136:2:142:Infinity:undefined:undefined:undefined:undefined":23,"s:136:2:142:Infinity":88,"b:136:6:136:35:136:35:136:63":24,"b:137:4:141:Infinity:139:11:141:Infinity":25,"s:137:4:141:Infinity":89,"s:138:6:138:Infinity":90,"f:138:22:138:28":13,"s:138:37:138:50":91,"s:140:6:140:Infinity":92,"f:140:22:140:28":14,"s:140:37:140:50":93,"s:144:2:252:Infinity":94,"b:148:9:148:Infinity:149:10:155:Infinity":26,"b:151:13:151:27:151:27:152:Infinity":27,"b:156:10:170:Infinity:170:10:251:Infinity":28,"b:157:50:157:69:157:69:157:85":29,"b:158:33:158:46:158:46:158:Infinity":30,"b:160:13:160:36:160:36:160:Infinity":31,"b:161:13:161:32:161:32:161:Infinity:162:14:162:Infinity":32,"b:174:49:174:68:174:68:174:Infinity":33,"b:176:15:176:Infinity:177:16:179:Infinity":34,"f:186:33:186:38":15,"s:187:18:189:Infinity":95,"b:191:17:191:49:191:49:192:Infinity":35,"b:198:16:204:Infinity:204:16:232:Infinity":36,"f:199:108:199:123":16,"s:199:123:199:Infinity":96,"f:206:33:206:37":17,"s:207:22:213:Infinity":97,"b:209:55:209:68:209:68:209:71":37,"b:209:86:209:95:209:95:209:Infinity":38,"f:210:24:210:39":18,"s:210:39:210:Infinity":98,"b:217:19:217:Infinity:218:20:220:Infinity":39,"b:223:19:223:Infinity:224:20:228:Infinity":40,"b:225:23:225:44:225:44:225:Infinity:226:24:226:Infinity":41,"b:234:13:234:26:234:26:234:Infinity:235:14:247:Infinity":42,"b:236:17:236:Infinity:237:18:242:Infinity":43,"f:237:83:237:98":19,"s:237:98:237:120":99,"b:242:17:242:Infinity:243:18:247:Infinity":44,"f:243:83:243:98":20,"s:243:98:243:120":100},"fnNames":{}}}
,"C:\\Users\\Administrator\\Documents\\Cursor\\Tutto\\tutto\\src\\components\\Game.jsx": {"path":"C:\\Users\\Administrator\\Documents\\Cursor\\Tutto\\tutto\\src\\components\\Game.jsx","statementMap":{"0":{"start":{"line":7,"column":23},"end":{"line":19,"column":null}},"1":{"start":{"line":40,"column":6},"end":{"line":40,"column":null}},"2":{"start":{"line":42,"column":19},"end":{"line":42,"column":null}},"3":{"start":{"line":43,"column":21},"end":{"line":43,"column":null}},"4":{"start":{"line":44,"column":21},"end":{"line":44,"column":null}},"5":{"start":{"line":45,"column":23},"end":{"line":45,"column":null}},"6":{"start":{"line":46,"column":23},"end":{"line":46,"column":null}},"7":{"start":{"line":48,"column":2},"end":{"line":58,"column":null}},"8":{"start":{"line":50,"column":4},"end":{"line":55,"column":null}},"9":{"start":{"line":51,"column":6},"end":{"line":51,"column":null}},"10":{"start":{"line":52,"column":6},"end":{"line":54,"column":null}},"11":{"start":{"line":53,"column":8},"end":{"line":53,"column":null}},"12":{"start":{"line":56,"column":4},"end":{"line":56,"column":null}},"13":{"start":{"line":56,"column":17},"end":{"line":56,"column":null}},"14":{"start":{"line":60,"column":2},"end":{"line":66,"column":null}},"15":{"start":{"line":61,"column":4},"end":{"line":65,"column":null}},"16":{"start":{"line":62,"column":6},"end":{"line":62,"column":null}},"17":{"start":{"line":63,"column":20},"end":{"line":63,"column":null}},"18":{"start":{"line":63,"column":37},"end":{"line":63,"column":61}},"19":{"start":{"line":64,"column":6},"end":{"line":64,"column":null}},"20":{"start":{"line":64,"column":19},"end":{"line":64,"column":null}},"21":{"start":{"line":68,"column":2},"end":{"line":73,"column":null}},"22":{"start":{"line":69,"column":4},"end":{"line":72,"column":null}},"23":{"start":{"line":70,"column":6},"end":{"line":70,"column":null}},"24":{"start":{"line":71,"column":6},"end":{"line":71,"column":null}},"25":{"start":{"line":75,"column":8},"end":{"line":89,"column":null}},"26":{"start":{"line":76,"column":22},"end":{"line":76,"column":null}},"27":{"start":{"line":78,"column":4},"end":{"line":84,"column":null}},"28":{"start":{"line":79,"column":6},"end":{"line":83,"column":null}},"29":{"start":{"line":80,"column":8},"end":{"line":80,"column":null}},"30":{"start":{"line":81,"column":13},"end":{"line":83,"column":null}},"31":{"start":{"line":82,"column":8},"end":{"line":82,"column":null}},"32":{"start":{"line":86,"column":4},"end":{"line":86,"column":null}},"33":{"start":{"line":87,"column":4},"end":{"line":87,"column":null}},"34":{"start":{"line":88,"column":4},"end":{"line":88,"column":null}},"35":{"start":{"line":91,"column":8},"end":{"line":108,"column":null}},"36":{"start":{"line":92,"column":4},"end":{"line":95,"column":null}},"37":{"start":{"line":93,"column":6},"end":{"line":93,"column":null}},"38":{"start":{"line":94,"column":6},"end":{"line":94,"column":null}},"39":{"start":{"line":97,"column":4},"end":{"line":104,"column":null}},"40":{"start":{"line":98,"column":23},"end":{"line":98,"column":null}},"41":{"start":{"line":98,"column":57},"end":{"line":98,"column":64}},"42":{"start":{"line":99,"column":6},"end":{"line":103,"column":null}},"43":{"start":{"line":100,"column":8},"end":{"line":100,"column":null}},"44":{"start":{"line":102,"column":8},"end":{"line":102,"column":null}},"45":{"start":{"line":106,"column":4},"end":{"line":106,"column":null}},"46":{"start":{"line":107,"column":4},"end":{"line":107,"column":null}},"47":{"start":{"line":110,"column":8},"end":{"line":117,"column":null}},"48":{"start":{"line":111,"column":4},"end":{"line":111,"column":null}},"49":{"start":{"line":112,"column":4},"end":{"line":116,"column":null}},"50":{"start":{"line":113,"column":6},"end":{"line":113,"column":null}},"51":{"start":{"line":115,"column":6},"end":{"line":115,"column":null}},"52":{"start":{"line":119,"column":8},"end":{"line":121,"column":null}},"53":{"start":{"line":120,"column":4},"end":{"line":120,"column":null}},"54":{"start":{"line":120,"column":18},"end":{"line":120,"column":53}},"55":{"start":{"line":123,"column":2},"end":{"line":123,"column":null}},"56":{"start":{"line":123,"column":22},"end":{"line":123,"column":null}},"57":{"start":{"line":125,"column":18},"end":{"line":125,"column":null}},"58":{"start":{"line":126,"column":2},"end":{"line":131,"column":null}},"59":{"start":{"line":127,"column":20},"end":{"line":127,"column":null}},"60":{"start":{"line":127,"column":43},"end":{"line":127,"column":60}},"61":{"start":{"line":128,"column":4},"end":{"line":130,"column":null}},"62":{"start":{"line":129,"column":6},"end":{"line":129,"column":null}},"63":{"start":{"line":133,"column":24},"end":{"line":133,"column":null}},"64":{"start":{"line":135,"column":24},"end":{"line":135,"column":null}},"65":{"start":{"line":135,"column":55},"end":{"line":135,"column":72}},"66":{"start":{"line":136,"column":23},"end":{"line":136,"column":null}},"67":{"start":{"line":137,"column":24},"end":{"line":137,"column":null}},"68":{"start":{"line":139,"column":2},"end":{"line":324,"column":null}},"69":{"start":{"line":182,"column":67},"end":{"line":182,"column":90}},"70":{"start":{"line":194,"column":37},"end":{"line":194,"column":null}},"71":{"start":{"line":203,"column":41},"end":{"line":203,"column":null}},"72":{"start":{"line":212,"column":20},"end":{"line":214,"column":null}},"73":{"start":{"line":212,"column":116},"end":{"line":212,"column":null}},"74":{"start":{"line":233,"column":67},"end":{"line":233,"column":90}},"75":{"start":{"line":242,"column":127},"end":{"line":242,"column":null}},"76":{"start":{"line":245,"column":126},"end":{"line":245,"column":null}},"77":{"start":{"line":267,"column":69},"end":{"line":267,"column":89}},"78":{"start":{"line":289,"column":18},"end":{"line":296,"column":null}},"79":{"start":{"line":321,"column":26},"end":{"line":321,"column":null}}},"fnMap":{"0":{"name":"Game","decl":{"start":{"line":21,"column":24},"end":{"line":21,"column":29}},"loc":{"start":{"line":21,"column":39},"end":{"line":326,"column":null}},"line":21},"1":{"name":"(anonymous_1)","decl":{"start":{"line":48,"column":2},"end":{"line":48,"column":18}},"loc":{"start":{"line":48,"column":18},"end":{"line":58,"column":5}},"line":48},"2":{"name":"(anonymous_2)","decl":{"start":{"line":52,"column":16},"end":{"line":52,"column":33}},"loc":{"start":{"line":52,"column":33},"end":{"line":54,"column":9}},"line":52},"3":{"name":"(anonymous_3)","decl":{"start":{"line":56,"column":4},"end":{"line":56,"column":17}},"loc":{"start":{"line":56,"column":17},"end":{"line":56,"column":null}},"line":56},"4":{"name":"(anonymous_4)","decl":{"start":{"line":60,"column":2},"end":{"line":60,"column":18}},"loc":{"start":{"line":60,"column":18},"end":{"line":66,"column":5}},"line":60},"5":{"name":"(anonymous_5)","decl":{"start":{"line":63,"column":20},"end":{"line":63,"column":37}},"loc":{"start":{"line":63,"column":37},"end":{"line":63,"column":61}},"line":63},"6":{"name":"(anonymous_6)","decl":{"start":{"line":64,"column":6},"end":{"line":64,"column":19}},"loc":{"start":{"line":64,"column":19},"end":{"line":64,"column":null}},"line":64},"7":{"name":"(anonymous_7)","decl":{"start":{"line":68,"column":2},"end":{"line":68,"column":18}},"loc":{"start":{"line":68,"column":18},"end":{"line":73,"column":5}},"line":68},"8":{"name":"(anonymous_8)","decl":{"start":{"line":75,"column":8},"end":{"line":75,"column":31}},"loc":{"start":{"line":75,"column":31},"end":{"line":89,"column":null}},"line":75},"9":{"name":"(anonymous_9)","decl":{"start":{"line":91,"column":8},"end":{"line":91,"column":23}},"loc":{"start":{"line":91,"column":37},"end":{"line":108,"column":null}},"line":91},"10":{"name":"(anonymous_10)","decl":{"start":{"line":98,"column":48},"end":{"line":98,"column":52}},"loc":{"start":{"line":98,"column":57},"end":{"line":98,"column":64}},"line":98},"11":{"name":"(anonymous_11)","decl":{"start":{"line":110,"column":8},"end":{"line":110,"column":30}},"loc":{"start":{"line":110,"column":51},"end":{"line":117,"column":null}},"line":110},"12":{"name":"(anonymous_12)","decl":{"start":{"line":119,"column":8},"end":{"line":119,"column":20}},"loc":{"start":{"line":119,"column":28},"end":{"line":121,"column":null}},"line":119},"13":{"name":"(anonymous_13)","decl":{"start":{"line":120,"column":4},"end":{"line":120,"column":18}},"loc":{"start":{"line":120,"column":18},"end":{"line":120,"column":53}},"line":120},"14":{"name":"(anonymous_14)","decl":{"start":{"line":127,"column":28},"end":{"line":127,"column":38}},"loc":{"start":{"line":127,"column":43},"end":{"line":127,"column":60}},"line":127},"15":{"name":"(anonymous_15)","decl":{"start":{"line":135,"column":45},"end":{"line":135,"column":50}},"loc":{"start":{"line":135,"column":55},"end":{"line":135,"column":72}},"line":135},"16":{"name":"(anonymous_16)","decl":{"start":{"line":182,"column":52},"end":{"line":182,"column":67}},"loc":{"start":{"line":182,"column":67},"end":{"line":182,"column":90}},"line":182},"17":{"name":"(anonymous_17)","decl":{"start":{"line":194,"column":20},"end":{"line":194,"column":31}},"loc":{"start":{"line":194,"column":37},"end":{"line":194,"column":null}},"line":194},"18":{"name":"(anonymous_18)","decl":{"start":{"line":203,"column":24},"end":{"line":203,"column":35}},"loc":{"start":{"line":203,"column":41},"end":{"line":203,"column":null}},"line":203},"19":{"name":"(anonymous_19)","decl":{"start":{"line":211,"column":60},"end":{"line":211,"column":64}},"loc":{"start":{"line":212,"column":20},"end":{"line":214,"column":null}},"line":212},"20":{"name":"(anonymous_20)","decl":{"start":{"line":212,"column":101},"end":{"line":212,"column":116}},"loc":{"start":{"line":212,"column":116},"end":{"line":212,"column":null}},"line":212},"21":{"name":"(anonymous_21)","decl":{"start":{"line":233,"column":52},"end":{"line":233,"column":67}},"loc":{"start":{"line":233,"column":67},"end":{"line":233,"column":90}},"line":233},"22":{"name":"(anonymous_22)","decl":{"start":{"line":242,"column":112},"end":{"line":242,"column":127}},"loc":{"start":{"line":242,"column":127},"end":{"line":242,"column":null}},"line":242},"23":{"name":"(anonymous_23)","decl":{"start":{"line":245,"column":111},"end":{"line":245,"column":126}},"loc":{"start":{"line":245,"column":126},"end":{"line":245,"column":null}},"line":245},"24":{"name":"(anonymous_24)","decl":{"start":{"line":267,"column":54},"end":{"line":267,"column":69}},"loc":{"start":{"line":267,"column":69},"end":{"line":267,"column":89}},"line":267},"25":{"name":"(anonymous_25)","decl":{"start":{"line":288,"column":31},"end":{"line":288,"column":35}},"loc":{"start":{"line":289,"column":18},"end":{"line":296,"column":null}},"line":289},"26":{"name":"(anonymous_26)","decl":{"start":{"line":321,"column":10},"end":{"line":321,"column":26}},"loc":{"start":{"line":321,"column":26},"end":{"line":321,"column":null}},"line":321}},"branchMap":{"0":{"loc":{"start":{"line":42,"column":19},"end":{"line":42,"column":null}},"type":"binary-expr","locations":[{"start":{"line":42,"column":19},"end":{"line":42,"column":33}},{"start":{"line":42,"column":33},"end":{"line":42,"column":50}},{"start":{"line":42,"column":50},"end":{"line":42,"column":null}}],"line":42},"1":{"loc":{"start":{"line":50,"column":4},"end":{"line":55,"column":null}},"type":"if","locations":[{"start":{"line":50,"column":4},"end":{"line":55,"column":null}},{"start":{},"end":{}}],"line":50},"2":{"loc":{"start":{"line":50,"column":8},"end":{"line":50,"column":56}},"type":"binary-expr","locations":[{"start":{"line":50,"column":8},"end":{"line":50,"column":20}},{"start":{"line":50,"column":20},"end":{"line":50,"column":32}},{"start":{"line":50,"column":32},"end":{"line":50,"column":56}}],"line":50},"3":{"loc":{"start":{"line":61,"column":4},"end":{"line":65,"column":null}},"type":"if","locations":[{"start":{"line":61,"column":4},"end":{"line":65,"column":null}},{"start":{},"end":{}}],"line":61},"4":{"loc":{"start":{"line":69,"column":4},"end":{"line":72,"column":null}},"type":"if","locations":[{"start":{"line":69,"column":4},"end":{"line":72,"column":null}},{"start":{},"end":{}}],"line":69},"5":{"loc":{"start":{"line":76,"column":22},"end":{"line":76,"column":null}},"type":"binary-expr","locations":[{"start":{"line":76,"column":22},"end":{"line":76,"column":46}},{"start":{"line":76,"column":46},"end":{"line":76,"column":null}}],"line":76},"6":{"loc":{"start":{"line":78,"column":4},"end":{"line":84,"column":null}},"type":"if","locations":[{"start":{"line":78,"column":4},"end":{"line":84,"column":null}},{"start":{},"end":{}}],"line":78},"7":{"loc":{"start":{"line":79,"column":6},"end":{"line":83,"column":null}},"type":"if","locations":[{"start":{"line":79,"column":6},"end":{"line":83,"column":null}},{"start":{"line":81,"column":13},"end":{"line":83,"column":null}}],"line":79},"8":{"loc":{"start":{"line":81,"column":13},"end":{"line":83,"column":null}},"type":"if","locations":[{"start":{"line":81,"column":13},"end":{"line":83,"column":null}},{"start":{},"end":{}}],"line":81},"9":{"loc":{"start":{"line":82,"column":22},"end":{"line":82,"column":null}},"type":"cond-expr","locations":[{"start":{"line":82,"column":42},"end":{"line":82,"column":46}},{"start":{"line":82,"column":46},"end":{"line":82,"column":null}}],"line":82},"10":{"loc":{"start":{"line":92,"column":4},"end":{"line":95,"column":null}},"type":"if","locations":[{"start":{"line":92,"column":4},"end":{"line":95,"column":null}},{"start":{},"end":{}}],"line":92},"11":{"loc":{"start":{"line":92,"column":8},"end":{"line":92,"column":81}},"type":"binary-expr","locations":[{"start":{"line":92,"column":8},"end":{"line":92,"column":22}},{"start":{"line":92,"column":22},"end":{"line":92,"column":51}},{"start":{"line":92,"column":51},"end":{"line":92,"column":81}}],"line":92},"12":{"loc":{"start":{"line":97,"column":4},"end":{"line":104,"column":null}},"type":"if","locations":[{"start":{"line":97,"column":4},"end":{"line":104,"column":null}},{"start":{},"end":{}}],"line":97},"13":{"loc":{"start":{"line":97,"column":8},"end":{"line":97,"column":51}},"type":"binary-expr","locations":[{"start":{"line":97,"column":8},"end":{"line":97,"column":21}},{"start":{"line":97,"column":21},"end":{"line":97,"column":51}}],"line":97},"14":{"loc":{"start":{"line":99,"column":6},"end":{"line":103,"column":null}},"type":"if","locations":[{"start":{"line":99,"column":6},"end":{"line":103,"column":null}},{"start":{"line":101,"column":13},"end":{"line":103,"column":null}}],"line":99},"15":{"loc":{"start":{"line":112,"column":4},"end":{"line":116,"column":null}},"type":"if","locations":[{"start":{"line":112,"column":4},"end":{"line":116,"column":null}},{"start":{"line":114,"column":11},"end":{"line":116,"column":null}}],"line":112},"16":{"loc":{"start":{"line":120,"column":27},"end":{"line":120,"column":50}},"type":"binary-expr","locations":[{"start":{"line":120,"column":27},"end":{"line":120,"column":45}},{"start":{"line":120,"column":45},"end":{"line":120,"column":50}}],"line":120},"17":{"loc":{"start":{"line":123,"column":2},"end":{"line":123,"column":null}},"type":"if","locations":[{"start":{"line":123,"column":2},"end":{"line":123,"column":null}},{"start":{},"end":{}}],"line":123},"18":{"loc":{"start":{"line":126,"column":2},"end":{"line":131,"column":null}},"type":"if","locations":[{"start":{"line":126,"column":2},"end":{"line":131,"column":null}},{"start":{},"end":{}}],"line":126},"19":{"loc":{"start":{"line":126,"column":6},"end":{"line":126,"column":129}},"type":"binary-expr","locations":[{"start":{"line":126,"column":6},"end":{"line":126,"column":18}},{"start":{"line":126,"column":18},"end":{"line":126,"column":31}},{"start":{"line":126,"column":31},"end":{"line":126,"column":42}},{"start":{"line":126,"column":42},"end":{"line":126,"column":64}},{"start":{"line":126,"column":64},"end":{"line":126,"column":95}},{"start":{"line":126,"column":95},"end":{"line":126,"column":129}}],"line":126},"20":{"loc":{"start":{"line":128,"column":4},"end":{"line":130,"column":null}},"type":"if","locations":[{"start":{"line":128,"column":4},"end":{"line":130,"column":null}},{"start":{},"end":{}}],"line":128},"21":{"loc":{"start":{"line":133,"column":24},"end":{"line":133,"column":null}},"type":"cond-expr","locations":[{"start":{"line":133,"column":43},"end":{"line":133,"column":88}},{"start":{"line":133,"column":88},"end":{"line":133,"column":null}}],"line":133},"22":{"loc":{"start":{"line":135,"column":24},"end":{"line":135,"column":null}},"type":"cond-expr","locations":[{"start":{"line":135,"column":36},"end":{"line":135,"column":94}},{"start":{"line":135,"column":94},"end":{"line":135,"column":null}}],"line":135},"23":{"loc":{"start":{"line":135,"column":36},"end":{"line":135,"column":94}},"type":"binary-expr","locations":[{"start":{"line":135,"column":36},"end":{"line":135,"column":77}},{"start":{"line":135,"column":77},"end":{"line":135,"column":94}}],"line":135},"24":{"loc":{"start":{"line":136,"column":23},"end":{"line":136,"column":null}},"type":"cond-expr","locations":[{"start":{"line":136,"column":39},"end":{"line":136,"column":61}},{"start":{"line":136,"column":61},"end":{"line":136,"column":null}}],"line":136},"25":{"loc":{"start":{"line":137,"column":24},"end":{"line":137,"column":null}},"type":"cond-expr","locations":[{"start":{"line":137,"column":39},"end":{"line":137,"column":92}},{"start":{"line":137,"column":92},"end":{"line":137,"column":null}}],"line":137},"26":{"loc":{"start":{"line":144,"column":49},"end":{"line":144,"column":89}},"type":"binary-expr","locations":[{"start":{"line":144,"column":49},"end":{"line":144,"column":72}},{"start":{"line":144,"column":72},"end":{"line":144,"column":89}}],"line":144},"27":{"loc":{"start":{"line":145,"column":13},"end":{"line":145,"column":null}},"type":"cond-expr","locations":[{"start":{"line":145,"column":36},"end":{"line":145,"column":68}},{"start":{"line":145,"column":68},"end":{"line":145,"column":null}}],"line":145},"28":{"loc":{"start":{"line":145,"column":13},"end":{"line":145,"column":36}},"type":"binary-expr","locations":[{"start":{"line":145,"column":13},"end":{"line":145,"column":25}},{"start":{"line":145,"column":25},"end":{"line":145,"column":36}}],"line":145},"29":{"loc":{"start":{"line":148,"column":36},"end":{"line":148,"column":81}},"type":"cond-expr","locations":[{"start":{"line":148,"column":51},"end":{"line":148,"column":75}},{"start":{"line":148,"column":75},"end":{"line":148,"column":81}}],"line":148},"30":{"loc":{"start":{"line":158,"column":36},"end":{"line":158,"column":75}},"type":"cond-expr","locations":[{"start":{"line":158,"column":47},"end":{"line":158,"column":62}},{"start":{"line":158,"column":62},"end":{"line":158,"column":75}}],"line":158},"31":{"loc":{"start":{"line":172,"column":13},"end":{"line":175,"column":null}},"type":"cond-expr","locations":[{"start":{"line":173,"column":14},"end":{"line":173,"column":null}},{"start":{"line":175,"column":14},"end":{"line":175,"column":null}}],"line":172},"32":{"loc":{"start":{"line":173,"column":42},"end":{"line":173,"column":70}},"type":"cond-expr","locations":[{"start":{"line":173,"column":50},"end":{"line":173,"column":65}},{"start":{"line":173,"column":65},"end":{"line":173,"column":70}}],"line":173},"33":{"loc":{"start":{"line":180,"column":13},"end":{"line":217,"column":null}},"type":"binary-expr","locations":[{"start":{"line":180,"column":13},"end":{"line":180,"column":25}},{"start":{"line":180,"column":25},"end":{"line":180,"column":null}},{"start":{"line":181,"column":14},"end":{"line":217,"column":null}}],"line":180},"34":{"loc":{"start":{"line":198,"column":19},"end":{"line":209,"column":null}},"type":"binary-expr","locations":[{"start":{"line":198,"column":19},"end":{"line":198,"column":null}},{"start":{"line":199,"column":20},"end":{"line":209,"column":null}}],"line":198},"35":{"loc":{"start":{"line":220,"column":13},"end":{"line":228,"column":null}},"type":"binary-expr","locations":[{"start":{"line":220,"column":13},"end":{"line":220,"column":26}},{"start":{"line":220,"column":26},"end":{"line":220,"column":null}},{"start":{"line":221,"column":14},"end":{"line":228,"column":null}}],"line":220},"36":{"loc":{"start":{"line":223,"column":17},"end":{"line":228,"column":null}},"type":"binary-expr","locations":[{"start":{"line":223,"column":17},"end":{"line":223,"column":null}},{"start":{"line":224,"column":18},"end":{"line":228,"column":null}}],"line":223},"37":{"loc":{"start":{"line":225,"column":21},"end":{"line":225,"column":null}},"type":"cond-expr","locations":[{"start":{"line":225,"column":39},"end":{"line":225,"column":82}},{"start":{"line":225,"column":82},"end":{"line":225,"column":null}}],"line":225},"38":{"loc":{"start":{"line":231,"column":13},"end":{"line":249,"column":null}},"type":"binary-expr","locations":[{"start":{"line":231,"column":13},"end":{"line":231,"column":25}},{"start":{"line":231,"column":25},"end":{"line":231,"column":null}},{"start":{"line":232,"column":14},"end":{"line":249,"column":null}}],"line":231},"39":{"loc":{"start":{"line":252,"column":13},"end":{"line":271,"column":null}},"type":"binary-expr","locations":[{"start":{"line":252,"column":13},"end":{"line":252,"column":null}},{"start":{"line":253,"column":14},"end":{"line":271,"column":null}}],"line":252},"40":{"loc":{"start":{"line":254,"column":17},"end":{"line":257,"column":null}},"type":"binary-expr","locations":[{"start":{"line":254,"column":17},"end":{"line":254,"column":33}},{"start":{"line":254,"column":33},"end":{"line":254,"column":null}},{"start":{"line":255,"column":18},"end":{"line":257,"column":null}}],"line":254},"41":{"loc":{"start":{"line":260,"column":17},"end":{"line":263,"column":null}},"type":"binary-expr","locations":[{"start":{"line":260,"column":17},"end":{"line":260,"column":41}},{"start":{"line":260,"column":41},"end":{"line":260,"column":null}},{"start":{"line":261,"column":18},"end":{"line":263,"column":null}}],"line":260},"42":{"loc":{"start":{"line":266,"column":17},"end":{"line":269,"column":null}},"type":"binary-expr","locations":[{"start":{"line":266,"column":17},"end":{"line":266,"column":41}},{"start":{"line":266,"column":41},"end":{"line":266,"column":null}},{"start":{"line":267,"column":18},"end":{"line":269,"column":null}}],"line":266},"43":{"loc":{"start":{"line":289,"column":46},"end":{"line":289,"column":null}},"type":"cond-expr","locations":[{"start":{"line":289,"column":78},"end":{"line":289,"column":96}},{"start":{"line":289,"column":96},"end":{"line":289,"column":null}}],"line":289},"44":{"loc":{"start":{"line":291,"column":57},"end":{"line":291,"column":88}},"type":"binary-expr","locations":[{"start":{"line":291,"column":57},"end":{"line":291,"column":68}},{"start":{"line":291,"column":68},"end":{"line":291,"column":88}}],"line":291},"45":{"loc":{"start":{"line":292,"column":131},"end":{"line":292,"column":153}},"type":"binary-expr","locations":[{"start":{"line":292,"column":131},"end":{"line":292,"column":142}},{"start":{"line":292,"column":142},"end":{"line":292,"column":153}}],"line":292},"46":{"loc":{"start":{"line":301,"column":11},"end":{"line":304,"column":null}},"type":"binary-expr","locations":[{"start":{"line":301,"column":11},"end":{"line":301,"column":null}},{"start":{"line":302,"column":12},"end":{"line":304,"column":null}}],"line":301},"47":{"loc":{"start":{"line":309,"column":8},"end":{"line":314,"column":null}},"type":"binary-expr","locations":[{"start":{"line":309,"column":8},"end":{"line":309,"column":21}},{"start":{"line":309,"column":21},"end":{"line":309,"column":null}},{"start":{"line":310,"column":8},"end":{"line":314,"column":null}}],"line":309},"48":{"loc":{"start":{"line":317,"column":7},"end":{"line":322,"column":null}},"type":"binary-expr","locations":[{"start":{"line":317,"column":7},"end":{"line":317,"column":null}},{"start":{"line":318,"column":8},"end":{"line":322,"column":null}}],"line":317}},"s":{"0":1,"1":22,"2":22,"3":22,"4":22,"5":22,"6":22,"7":22,"8":10,"9":1,"10":1,"11":1,"12":10,"13":10,"14":22,"15":10,"16":0,"17":0,"18":0,"19":0,"20":0,"21":22,"22":10,"23":3,"24":3,"25":22,"26":5,"27":5,"28":2,"29":1,"30":1,"31":1,"32":5,"33":5,"34":5,"35":22,"36":0,"37":0,"38":0,"39":0,"40":0,"41":0,"42":0,"43":0,"44":0,"45":0,"46":0,"47":22,"48":0,"49":0,"50":0,"51":0,"52":22,"53":0,"54":0,"55":22,"56":0,"57":22,"58":22,"59":1,"60":1,"61":1,"62":0,"63":22,"64":22,"65":21,"66":22,"67":22,"68":22,"69":0,"70":5,"71":2,"72":144,"73":0,"74":0,"75":0,"76":0,"77":0,"78":22,"79
[...]
"line":28,"column":15},"end":{"line":28,"column":null}},"26":{"start":{"line":28,"column":37},"end":{"line":28,"column":40}},"27":{"start":{"line":30,"column":10},"end":{"line":30,"column":null}},"28":{"start":{"line":32,"column":2},"end":{"line":55,"column":null}},"29":{"start":{"line":33,"column":4},"end":{"line":42,"column":null}},"30":{"start":{"line":34,"column":17},"end":{"line":34,"column":null}},"31":{"start":{"line":35,"column":20},"end":{"line":35,"column":null}},"32":{"start":{"line":36,"column":15},"end":{"line":36,"column":null}},"33":{"start":{"line":37,"column":6},"end":{"line":40,"column":null}},"34":{"start":{"line":38,"column":8},"end":{"line":39,"column":null}},"35":{"start":{"line":38,"column":29},"end":{"line":38,"column":43}},"36":{"start":{"line":38,"column":43},"end":{"line":38,"column":54}},"37":{"start":{"line":39,"column":15},"end":{"line":39,"column":27}},"38":{"start":{"line":39,"column":27},"end":{"line":39,"column":34}},"39":{"start":{"line":41,"column":6},"end":{"line":41,"column":null}},"40":{"start":{"line":41,"column":14},"end":{"line":41,"column":null}},"41":{"start":{"line":43,"column":21},"end":{"line":43,"column":null}},"42":{"start":{"line":43,"column":43},"end":{"line":43,"column":46}},"43":{"start":{"line":44,"column":4},"end":{"line":53,"column":null}},"44":{"start":{"line":45,"column":17},"end":{"line":45,"column":null}},"45":{"start":{"line":46,"column":20},"end":{"line":46,"column":null}},"46":{"start":{"line":47,"column":15},"end":{"line":47,"column":null}},"47":{"start":{"line":48,"column":6},"end":{"line":51,"column":null}},"48":{"start":{"line":49,"column":8},"end":{"line":50,"column":null}},"49":{"start":{"line":49,"column":29},"end":{"line":49,"column":43}},"50":{"start":{"line":49,"column":43},"end":{"line":49,"column":54}},"51":{"start":{"line":50,"column":15},"end":{"line":50,"column":27}},"52":{"start":{"line":50,"column":27},"end":{"line":50,"column":34}},"53":{"start":{"line":52,"column":6},"end":{"line":52,"column":null}},"54":{"start":{"line":52,"column":14},"end":{"line":52,"column":null}},"55":{"start":{"line":54,"column":4},"end":{"line":54,"column":null}},"56":{"start":{"line":57,"column":2},"end":{"line":74,"column":null}},"57":{"start":{"line":58,"column":18},"end":{"line":58,"column":null}},"58":{"start":{"line":59,"column":13},"end":{"line":59,"column":null}},"59":{"start":{"line":60,"column":4},"end":{"line":63,"column":null}},"60":{"start":{"line":61,"column":6},"end":{"line":62,"column":null}},"61":{"start":{"line":61,"column":27},"end":{"line":61,"column":38}},"62":{"start":{"line":61,"column":38},"end":{"line":61,"column":49}},"63":{"start":{"line":62,"column":13},"end":{"line":62,"column":25}},"64":{"start":{"line":62,"column":25},"end":{"line":62,"column":32}},"65":{"start":{"line":64,"column":4},"end":{"line":64,"column":null}},"66":{"start":{"line":64,"column":12},"end":{"line":64,"column":null}},"67":{"start":{"line":66,"column":21},"end":{"line":66,"column":null}},"68":{"start":{"line":66,"column":43},"end":{"line":66,"column":46}},"69":{"start":{"line":67,"column":18},"end":{"line":67,"column":null}},"70":{"start":{"line":68,"column":13},"end":{"line":68,"column":null}},"71":{"start":{"line":69,"column":4},"end":{"line":72,"column":null}},"72":{"start":{"line":70,"column":6},"end":{"line":71,"column":null}},"73":{"start":{"line":70,"column":27},"end":{"line":70,"column":38}},"74":{"start":{"line":70,"column":38},"end":{"line":70,"column":49}},"75":{"start":{"line":71,"column":13},"end":{"line":71,"column":25}},"76":{"start":{"line":71,"column":25},"end":{"line":71,"column":32}},"77":{"start":{"line":73,"column":4},"end":{"line":73,"column":null}},"78":{"start":{"line":73,"column":12},"end":{"line":73,"column":null}},"79":{"start":{"line":76,"column":2},"end":{"line":76,"column":null}},"80":{"start":{"line":79,"column":13},"end":{"line":104,"column":null}},"81":{"start":{"line":80,"column":2},"end":{"line":80,"column":null}},"82":{"start":{"line":80,"column":25},"end":{"line":80,"column":null}},"83":{"start":{"line":82,"column":2},"end":{"line":103,"column":null}},"84":{"start":{"line":83,"column":17},"end":{"line":83,"column":null}},"85":{"start":{"line":84,"column":4},"end":{"line":84,"column":null}},"86":{"start":{"line":86,"column":19},"end":{"line":86,"column":null}},"87":{"start":{"line":87,"column":4},"end":{"line":87,"column":null}},"88":{"start":{"line":87,"column":22},"end":{"line":87,"column":33}},"89":{"start":{"line":89,"column":16},"end":{"line":89,"column":null}},"90":{"start":{"line":90,"column":4},"end":{"line":97,"column":null}},"91":{"start":{"line":90,"column":17},"end":{"line":90,"column":20}},"92":{"start":{"line":91,"column":6},"end":{"line":91,"column":null}},"93":{"start":{"line":91,"column":19},"end":{"line":91,"column":null}},"94":{"start":{"line":92,"column":6},"end":{"line":92,"column":null}},"95":{"start":{"line":92,"column":42},"end":{"line":92,"column":null}},"96":{"start":{"line":93,"column":6},"end":{"line":96,"column":null}},"97":{"start":{"line":94,"column":8},"end":{"line":94,"column":null}},"98":{"start":{"line":95,"column":8},"end":{"line":95,"column":null}},"99":{"start":{"line":95,"column":33},"end":{"line":95,"column":null}},"100":{"start":{"line":99,"column":4},"end":{"line":99,"column":null}},"101":{"start":{"line":100,"column":4},"end":{"line":100,"column":null}},"102":{"start":{"line":102,"column":4},"end":{"line":102,"column":null}},"103":{"start":{"line":106,"column":13},"end":{"line":114,"column":null}},"104":{"start":{"line":107,"column":17},"end":{"line":107,"column":null}},"105":{"start":{"line":108,"column":2},"end":{"line":112,"column":null}},"106":{"start":{"line":109,"column":4},"end":{"line":109,"column":null}},"107":{"start":{"line":110,"column":9},"end":{"line":112,"column":null}},"108":{"start":{"line":111,"column":4},"end":{"line":111,"column":null}},"109":{"start":{"line":113,"column":2},"end":{"line":113,"column":null}}},"fnMap":{"0":{"name":"(anonymous_0)","decl":{"start":{"line":1,"column":13},"end":{"line":1,"column":29}},"loc":{"start":{"line":1,"column":29},"end":{"line":1,"column":null}},"line":1},"1":{"name":"(anonymous_1)","decl":{"start":{"line":3,"column":13},"end":{"line":3,"column":23}},"loc":{"start":{"line":3,"column":61},"end":{"line":24,"column":null}},"line":3},"2":{"name":"(anonymous_2)","decl":{"start":{"line":13,"column":23},"end":{"line":13,"column":28}},"loc":{"start":{"line":13,"column":33},"end":{"line":13,"column":55}},"line":13},"3":{"name":"(anonymous_3)","decl":{"start":{"line":19,"column":13},"end":{"line":19,"column":21}},"loc":{"start":{"line":19,"column":26},"end":{"line":19,"column":37}},"line":19},"4":{"name":"(anonymous_4)","decl":{"start":{"line":26,"column":13},"end":{"line":26,"column":29}},"loc":{"start":{"line":26,"column":48},"end":{"line":77,"column":null}},"line":26},"5":{"name":"(anonymous_5)","decl":{"start":{"line":28,"column":25},"end":{"line":28,"column":31}},"loc":{"start":{"line":28,"column":37},"end":{"line":28,"column":40}},"line":28},"6":{"name":"(anonymous_6)","decl":{"start":{"line":43,"column":31},"end":{"line":43,"column":37}},"loc":{"start":{"line":43,"column":43},"end":{"line":43,"column":46}},"line":43},"7":{"name":"(anonymous_7)","decl":{"start":{"line":66,"column":31},"end":{"line":66,"column":37}},"loc":{"start":{"line":66,"column":43},"end":{"line":66,"column":46}},"line":66},"8":{"name":"(anonymous_8)","decl":{"start":{"line":79,"column":13},"end":{"line":79,"column":38}},"loc":{"start":{"line":79,"column":70},"end":{"line":104,"column":null}},"line":79},"9":{"name":"(anonymous_9)","decl":{"start":{"line":87,"column":9},"end":{"line":87,"column":17}},"loc":{"start":{"line":87,"column":22},"end":{"line":87,"column":33}},"line":87},"10":{"name":"(anonymous_10)","decl":{"start":{"line":106,"column":13},"end":{"line":106,"column":32}},"loc":{"start":{"line":106,"column":60},"end":{"line":114,"column":null}},"line":106}},"branchMap":{"0":{"loc":{"start":{"line":4,"column":2},"end":{"line":14,"column":null}},"type":"if","locations":[{"start":{"line":4,"column":2},"end":{"line":14,"column":null}},{"start":{},"end":{}}],"line":4},"1":{"loc":{"start":{"line":6,"column":4},"end":{"line":12,"column":null}},"type":"if","locations":[{"start":{"line":6,"column":4},"end":{"line":12,"column":null}},{"start":{"line":8,"column":11},"end":{"line":12,"column":null}}],"line":6},"2":{"loc":{"start":{"line":8,"column":11},"end":{"line":12,"column":null}},"type":"if","locations":[{"start":{"line":8,"column":11},"end":{"line":12,"column":null}},{"start":{"line":10,"column":11},"end":{"line":12,"column":null}}],"line":8},"3":{"loc":{"start":{"line":16,"column":2},"end":{"line":16,"column":null}},"type":"if","locations":[{"start":{"line":16,"column":2},"end":{"line":16,"column":null}},{"start":{},"end":{}}],"line":16},"4":{"loc":{"start":{"line":16,"column":6},"end":{"line":16,"column":56}},"type":"binary-expr","locations":[{"start":{"line":16,"column":6},"end":{"line":16,"column":32}},{"start":{"line":16,"column":32},"end":{"line":16,"column":56}}],"line":16},"5":{"loc":{"start":{"line":21,"column":4},"end":{"line":21,"column":null}},"type":"if","locations":[{"start":{"line":21,"column":4},"end":{"line":21,"column":null}},{"start":{},"end":{}}],"line":21},"6":{"loc":{"start":{"line":27,"column":2},"end":{"line":27,"column":null}},"type":"if","locations":[{"start":{"line":27,"column":2},"end":{"line":27,"column":null}},{"start":{},"end":{}}],"line":27},"7":{"loc":{"start":{"line":32,"column":2},"end":{"line":55,"column":null}},"type":"if","locations":[{"start":{"line":32,"column":2},"end":{"line":55,"column":null}},{"start":{},"end":{}}],"line":32},"8":{"loc":{"start":{"line":33,"column":4},"end":{"line":42,"column":null}},"type":"if","locations":[{"start":{"line":33,"column":4},"end":{"line":42,"column":null}},{"start":{},"end":{}}],"line":33},"9":{"loc":{"start":{"line":38,"column":8},"end":{"line":39,"column":null}},"type":"if","locations":[{"start":{"line":38,"column":8},"end":{"line":39,"column":null}},{"start":{"line":39,"column":13},"end":{"line":39,"column":null}}],"line":38},"10":{"loc":{"start":{"line":41,"column":6},"end":{"line":41,"column":null}},"type":"if","locations":[{"start":{"line":41,"column":6},"end":{"line":41,"column":null}},{"start":{},"end":{}}],"line":41},"11":{"loc":{"start":{"line":44,"column":4},"end":{"line":53,"column":null}},"type":"if","locations":[{"start":{"line":44,"column":4},"end":{"line":53,"column":null}},{"start":{},"end":{}}],"line":44},"12":{"loc":{"start":{"line":49,"column":8},"end":{"line":50,"column":null}},"type":"if","locations":[{"start":{"line":49,"column":8},"end":{"line":50,"column":null}},{"start":{"line":50,"column":13},"end":{"line":50,"column":null}}],"line":49},"13":{"loc":{"start":{"line":52,"column":6},"end":{"line":52,"column":null}},"type":"if","locations":[{"start":{"line":52,"column":6},"end":{"line":52,"column":null}},{"start":{},"end":{}}],"line":52},"14":{"loc":{"start":{"line":57,"column":2},"end":{"line":74,"column":null}},"type":"if","locations":[{"start":{"line":57,"column":2},"end":{"line":74,"column":null}},{"start":{"line":65,"column":9},"end":{"line":74,"column":null}}],"line":57},"15":{"loc":{"start":{"line":61,"column":6},"end":{"line":62,"column":null}},"type":"if","locations":[{"start":{"line":61,"column":6},"end":{"line":62,"column":null}},{"start":{"line":62,"column":11},"end":{"line":62,"column":null}}],"line":61},"16":{"loc":{"start":{"line":64,"column":4},"end":{"line":64,"column":null}},"type":"if","locations":[{"start":{"line":64,"column":4},"end":{"line":64,"column":null}},{"start":{},"end":{}}],"line":64},"17":{"loc":{"start":{"line":70,"column":6},"end":{"line":71,"column":null}},"type":"if","locations":[{"start":{"line":70,"column":6},"end":{"line":71,"column":null}},{"start":{"line":71,"column":11},"end":{"line":71,"column":null}}],"line":70},"18":{"loc":{"start":{"line":73,"column":4},"end":{"line":73,"column":null}},"type":"if","locations":[{"start":{"line":73,"column":4},"end":{"line":73,"column":null}},{"start":{},"end":{}}],"line":73},"19":{"loc":{"start":{"line":80,"column":2},"end":{"line":80,"column":null}},"type":"if","locations":[{"start":{"line":80,"column":2},"end":{"line":80,"column":null}},{"start":{},"end":{}}],"line":80},"20":{"loc":{"start":{"line":82,"column":2},"end":{"line":103,"column":null}},"type":"if","locations":[{"start":{"line":82,"column":2},"end":{"line":103,"column":null}},{"start":{"line":85,"column":9},"end":{"line":103,"column":null}}],"line":82},"21":{"loc":{"start":{"line":91,"column":6},"end":{"line":91,"column":null}},"type":"if","locations":[{"start":{"line":91,"column":6},"end":{"line":91,"column":null}},{"start":{},"end":{}}],"line":91},"22":{"loc":{"start":{"line":92,"column":6},"end":{"line":92,"column":null}},"type":"if","locations":[{"start":{"line":92,"column":6},"end":{"line":92,"column":null}},{"start":{},"end":{}}],"line":92},"23":{"loc":{"start":{"line":92,"column":10},"end":{"line":92,"column":42}},"type":"binary-expr","locations":[{"start":{"line":92,"column":10},"end":{"line":92,"column":27}},{"start":{"line":92,"column":27},"end":{"line":92,"column":42}}],"line":92},"24":{"loc":{"start":{"line":93,"column":6},"end":{"line":96,"column":null}},"type":"if","locations":[{"start":{"line":93,"column":6},"end":{"line":96,"column":null}},{"start":{},"end":{}}],"line":93},"25":{"loc":{"start":{"line":95,"column":8},"end":{"line":95,"column":null}},"type":"if","locations":[{"start":{"line":95,"column":8},"end":{"line":95,"column":null}},{"start":{},"end":{}}],"line":95},"26":{"loc":{"start":{"line":108,"column":2},"end":{"line":112,"column":null}},"type":"if","locations":[{"start":{"line":108,"column":2},"end":{"line":112,"column":null}},{"start":{"line":110,"column":9},"end":{"line":112,"column":null}}],"line":108},"27":{"loc":{"start":{"line":110,"column":9},"end":{"line":112,"column":null}},"type":"if","locations":[{"start":{"line":110,"column":9},"end":{"line":112,"column":null}},{"start":{},"end":{}}],"line":110},"28":{"loc":{"start":{"line":111,"column":15},"end":{"line":111,"column":null}},"type":"cond-expr","locations":[{"start":{"line":111,"column":32},"end":{"line":111,"column":36}},{"start":{"line":111,"column":36},"end":{"line":111,"column":null}}],"line":111}},"s":{"0":2,"1":68,"2":2,"3":26,"4":8,"5":8,"6":3,"7":5,"8":3,"9":2,"10":8,"11":17,"12":18,"13":10,"14":8,"15":8,"16":43,"17":8,"18":8,"19":29,"20":3,"21":5,"22":2,"23":13,"24":0,"25":13,"26":16,"27":13,"28":13,"29":9,"30":4,"31":4,"32":4,"33":4,"34":9,"35":8,"36":8,"37":1,"38":1,"39":4,"40":3,"41":6,"42":9,"43":6,"44":3,"45":3,"46":3,"47":3,"48":7,"49":6,"50":6,"51":1,"52":1,"53":3,"54":2,"55":4,"56":4,"57":2,"58":2,"59":2,"60":3,"61":2,"62":2,"63":1,"64":1,"65":2,"66":1,"67":2,"68":1,"69":2,"70":2,"71":2,"72":3,"73":2,"74":2,"75":1,"76":1,"77":2,"78":1,"79":2,"80":2,"81":82,"82":23,"83":59,"84":2,"85":2,"86":57,"87":57,"88":177,"89":57,"90":57,"91":57,"92":243,"93":45,"94":198,"95":12,"96":186,"97":15,"98":15,"99":0,"100":45,"101":45,"102":45,"103":2,"104":12,"105":12,"106":3,"107":9,"108":3,"109":12},"f":{"0":68,"1":26,"2":17,"3":43,"4":13,"5":16,"6":9,"7":1,"8":82,"9":177,"10":12},"b":{"0":[8,18],"1":[3,5],"2":[3,2],"3":[10,8],"4":[18,13],"5":[3,26],"6":[0,13],"7":[9,4],"8":[4,5],"9":[8,1],"10":[3,1],"11":[3,3],"12":[6,1],"13":[2,1],"14":[2,2],"15":[2,1],"16":[1,1],"17":[2,1],"18":[1,1],"19":[23,59],"20":[2,57],"21":[45,198],"22":[12,186],"23":[198,27],"24":[15,171],"25":[0,15],"26":[3,9],"27":[3,6],"28":[1,2]},"meta":{"lastBranch":29,"lastFunction":11,"lastStatement":110,"seen":{"s:1:13:1:Infinity":0,"f:1:13:1:29":0,"s:1:29:1:Infinity":1,"s:3:13:24:Infinity":2,"f:3:13:3:23":1,"b:4:2:14:Infinity:undefined:undefined:undefined:undefined":0,"s:4:2:14:Infinity":3,"s:5:21:5:Infinity":4,"b:6:4:12:Infinity:8:11:12:Infinity":1,"s:6:4:12:Infinity":5,"s:7:6:7:Infinity":6,"b:8:11:12:Infinity:10:11:12:Infinity":2,"s:8:11:12:Infinity":7,"s:9:6:9:Infinity":8,"s:11:6:11:Infinity":9,"s:13:4:13:Infinity":10,"f:13:23:13:28":2,"s:13:33:13:55":11,"b:16:2:16:Infinity:undefined:undefined:undefined:undefined":3,"s:16:2:16:Infinity":12,"b:16:6:16:32:16:32:16:56":4,"s:16:56:16:Infinity":13,"s:18:17:18:Infinity":14,"s:19:2:19:Infinity":15,"f:19:13:19:21":3,"s:19:26:19:37":16,"s:20:2:22:Infinity":17,"s:20:15:20:18":18,"b:21:4:21:Infinity:undefined:undefined:undefined:undefined":5,"s:21:4:21:Infinity":19,"s:21:24:21:Infinity":20,"s:23:2:23:Infinity":21,"s:26:13:77:Infinity":22,"f:26:13:26:29":4,"b:27:2:27:Infinity:undefined:undefined:undefined:undefined":6,"s:27:2:27:Infinity":23,"s:27:25:27:Infinity":24,"s:28:15:28:Infinity":25,"f:28:25:28:31":5,"s:28:37:28:40":26,"s:30:10:30:Infinity":27,"b:32:2:55:Infinity:undefined:undefined:undefined:undefined":7,"s:32:2:55:Infinity":28,"b:33:4:42:Infinity:undefined:undefined:undefined:undefined":8,"s:33:4:42:Infinity":29,"s:34:17:34:Infinity":30,"s:35:20:35:Infinity":31,"s:36:15:36:Infinity":32,"s:37:6:40:Infinity":33,"b:38:8:39:Infinity:39:13:39:Infinity":9,"s:38:8:39:Infinity":34,"s:38:29:38:43":35,"s:38:43:38:54":36,"s:39:15:39:27":37,"s:39:27:39:34":38,"b:41:6:41:Infinity:undefined:undefined:undefined:undefined":10,"s:41:6:41:Infinity":39,"s:41:14:41:Infinity":40,"s:43:21:43:Infinity":41,"f:43:31:43:37":6,"s:43:43:43:46":42,"b:44:4:53:Infinity:undefined:undefined:undefined:undefined":11,"s:44:4:53:Infinity":43,"s:45:17:45:Infinity":44,"s:46:20:46:Infinity":45,"s:47:15:47:Infinity":46,"s:48:6:51:Infinity":47,"b:49:8:50:Infinity:50:13:50:Infinity":12,"s:49:8:50:Infinity":48,"s:49:29:49:43":49,"s:49:43:49:54":50,"s:50:15:50:27":51,"s:50:27:50:34":52,"b:52:6:52:Infinity:undefined:undefined:undefined:undefined":13,"s:52:6:52:Infinity":53,"s:52:14:52:Infinity":54,"s:54:4:54:Infinity":55,"b:57:2:74:Infinity:65:9:74:Infinity":14,"s:57:2:74:Infinity":56,"s:58:18:58:Infinity":57,"s:59:13:59:Infinity":58,"s:60:4:63:Infinity":59,"b:61:6:62:Infinity:62:11:62:Infinity":15,"s:61:6:62:Infinity":60,"s:61:27:61:38":61,"s:61:38:61:49":62,"s:62:13:62:25":63,"s:62:25:62:32":64,"b:64:4:64:Infinity:undefined:undefined:undefined:undefined":16,"s:64:4:64:Infinity":65,"s:64:12:64:Infinity":66,"s:66:21:66:Infinity":67,"f:66:31:66:37":7,"s:66:43:66:46":68,"s:67:18:67:Infinity":69,"s:68:13:68:Infinity":70,"s:69:4:72:Infinity":71,"b:70:6:71:Infinity:71:11:71:Infinity":17,"s:70:6:71:Infinity":72,"s:70:27:70:38":73,"s:70:38:70:49":74,"s:71:13:71:25":75,"s:71:25:71:32":76,"b:73:4:73:Infinity:undefined:undefined:undefined:undefined":18,"s:73:4:73:Infinity":77,"s:73:12:73:Infinity":78,"s:76:2:76:Infinity":79,"s:79:13:104:Infinity":80,"f:79:13:79:38":8,"b:80:2:80:Infinity:undefined:undefined:undefined:undefined":19,"s:80:2:80:Infinity":81,"s:80:25:80:Infinity":82,"b:82:2:103:Infinity:85:9:103:Infinity":20,"s:82:2:103:Infinity":83,"s:83:17:83:Infinity":84,"s:84:4:84:Infinity":85,"s:86:19:86:Infinity":86,"s:87:4:87:Infinity":87,"f:87:9:87:17":9,"s:87:22:87:33":88,"s:89:16:89:Infinity":89,"s:90:4:97:Infinity":90,"s:90:17:90:20":91,"b:91:6:91:Infinity:undefined:undefined:undefined:undefined":21,"s:91:6:91:Infinity":92,"s:91:19:91:Infinity":93,"b:92:6:92:Infinity:undefined:undefined:undefined:undefined":22,"s:92:6:92:Infinity":94,"b:92:10:92:27:92:27:92:42":23,"s:92:42:92:Infinity":95,"b:93:6:96:Infinity:undefined:undefined:undefined:undefined":24,"s:93:6:96:Infinity":96,"s:94:8:94:Infinity":97,"b:95:8:95:Infinity:undefined:undefined:undefined:undefined":25,"s:95:8:95:Infinity":98,"s:95:33:95:Infinity":99,"s:99:4:99:Infinity":100,"s:100:4:100:Infinity":101,"s:102:4:102:Infinity":102,"s:106:13:114:Infinity":103,"f:106:13:106:32":10,"s:107:17:107:Infinity":104,"b:108:2:112:Infinity:110:9:112:Infinity":26,"s:108:2:112:Infinity":105,"s:109:4:109:Infinity":106,"b:110:9:112:Infinity:undefined:undefined:undefined:undefined":27,"s:110:9:112:Infinity":107,"s:111:4:111:Infinity":108,"b:111:32:111:36:111:36:111:Infinity":28,"s:113:2:113:Infinity":109},"fnNames":{}}}
}
