{"C:\\Users\\Administrator\\Documents\\Cursor\\Tutto\\tutto\\src\\hooks\\useGameLogic.js": {"path":"C:\\Users\\Administrator\\Documents\\Cursor\\Tutto\\tutto\\src\\hooks\\useGameLogic.js","statementMap":{"0":{"start":{"line":3,"column":29},"end":{"line":6,"column":null}},"1":{"start":{"line":8,"column":22},"end":{"line":20,"column":null}},"2":{"start":{"line":22,"column":6},"end":{"line":42,"column":null}},"3":{"start":{"line":22,"column":39},"end":{"line":42,"column":null}},"4":{"start":{"line":45,"column":18},"end":{"line":47,"column":null}},"5":{"start":{"line":46,"column":4},"end":{"line":46,"column":null}},"6":{"start":{"line":46,"column":10},"end":{"line":46,"column":68}},"7":{"start":{"line":46,"column":78},"end":{"line":46,"column":89}},"8":{"start":{"line":48,"column":23},"end":{"line":50,"column":null}},"9":{"start":{"line":49,"column":4},"end":{"line":49,"column":null}},"10":{"start":{"line":49,"column":10},"end":{"line":49,"column":84}},"11":{"start":{"line":49,"column":94},"end":{"line":49,"column":116}},"12":{"start":{"line":51,"column":16},"end":{"line":53,"column":null}},"13":{"start":{"line":52,"column":4},"end":{"line":52,"column":null}},"14":{"start":{"line":52,"column":10},"end":{"line":52,"column":66}},"15":{"start":{"line":52,"column":76},"end":{"line":52,"column":87}},"16":{"start":{"line":54,"column":29},"end":{"line":56,"column":null}},"17":{"start":{"line":55,"column":4},"end":{"line":55,"column":null}},"18":{"start":{"line":55,"column":22},"end":{"line":55,"column":66}},"19":{"start":{"line":55,"column":66},"end":{"line":55,"column":132}},"20":{"start":{"line":55,"column":142},"end":{"line":55,"column":155}},"21":{"start":{"line":57,"column":22},"end":{"line":57,"column":null}},"22":{"start":{"line":57,"column":55},"end":{"line":57,"column":98}},"23":{"start":{"line":58,"column":16},"end":{"line":60,"column":null}},"24":{"start":{"line":59,"column":4},"end":{"line":59,"column":null}},"25":{"start":{"line":59,"column":10},"end":{"line":59,"column":72}},"26":{"start":{"line":59,"column":82},"end":{"line":59,"column":92}},"27":{"start":{"line":61,"column":23},"end":{"line":63,"column":null}},"28":{"start":{"line":62,"column":4},"end":{"line":62,"column":null}},"29":{"start":{"line":62,"column":10},"end":{"line":62,"column":75}},"30":{"start":{"line":62,"column":85},"end":{"line":62,"column":98}},"31":{"start":{"line":64,"column":19},"end":{"line":66,"column":null}},"32":{"start":{"line":65,"column":4},"end":{"line":65,"column":null}},"33":{"start":{"line":65,"column":10},"end":{"line":65,"column":72}},"34":{"start":{"line":65,"column":82},"end":{"line":65,"column":96}},"35":{"start":{"line":67,"column":22},"end":{"line":69,"column":null}},"36":{"start":{"line":68,"column":4},"end":{"line":68,"column":null}},"37":{"start":{"line":68,"column":22},"end":{"line":68,"column":59}},"38":{"start":{"line":68,"column":59},"end":{"line":68,"column":105}},"39":{"start":{"line":68,"column":115},"end":{"line":68,"column":128}},"40":{"start":{"line":72,"column":28},"end":{"line":74,"column":null}},"41":{"start":{"line":73,"column":4},"end":{"line":73,"column":null}},"42":{"start":{"line":73,"column":10},"end":{"line":73,"column":77}},"43":{"start":{"line":73,"column":87},"end":{"line":73,"column":97}},"44":{"start":{"line":77,"column":24},"end":{"line":77,"column":null}},"45":{"start":{"line":78,"column":23},"end":{"line":78,"column":null}},"46":{"start":{"line":79,"column":26},"end":{"line":79,"column":null}},"47":{"start":{"line":82,"column":22},"end":{"line":84,"column":null}},"48":{"start":{"line":83,"column":4},"end":{"line":83,"column":null}},"49":{"start":{"line":83,"column":10},"end":{"line":83,"column":72}},"50":{"start":{"line":83,"column":82},"end":{"line":83,"column":93}},"51":{"start":{"line":85,"column":21},"end":{"line":87,"column":null}},"52":{"start":{"line":86,"column":4},"end":{"line":86,"column":null}},"53":{"start":{"line":86,"column":10},"end":{"line":86,"column":71}},"54":{"start":{"line":86,"column":81},"end":{"line":86,"column":92}},"55":{"start":{"line":88,"column":22},"end":{"line":90,"column":null}},"56":{"start":{"line":89,"column":4},"end":{"line":89,"column":null}},"57":{"start":{"line":89,"column":10},"end":{"line":89,"column":72}},"58":{"start":{"line":89,"column":82},"end":{"line":89,"column":93}},"59":{"start":{"line":93,"column":2},"end":{"line":101,"column":null}},"60":{"start":{"line":94,"column":19},"end":{"line":94,"column":null}},"61":{"start":{"line":95,"column":4},"end":{"line":99,"column":null}},"62":{"start":{"line":96,"column":6},"end":{"line":98,"column":null}},"63":{"start":{"line":97,"column":8},"end":{"line":97,"column":null}},"64":{"start":{"line":97,"column":39},"end":{"line":97,"column":47}},"65":{"start":{"line":100,"column":4},"end":{"line":100,"column":null}},"66":{"start":{"line":100,"column":17},"end":{"line":100,"column":null}},"67":{"start":{"line":104,"column":2},"end":{"line":119,"column":null}},"68":{"start":{"line":105,"column":4},"end":{"line":105,"column":null}},"69":{"start":{"line":106,"column":4},"end":{"line":106,"column":null}},"70":{"start":{"line":107,"column":4},"end":{"line":107,"column":null}},"71":{"start":{"line":108,"column":4},"end":{"line":109,"column":null}},"72":{"start":{"line":108,"column":21},"end":{"line":108,"column":null}},"73":{"start":{"line":109,"column":9},"end":{"line":109,"column":null}},"74":{"start":{"line":110,"column":4},"end":{"line":110,"column":null}},"75":{"start":{"line":111,"column":4},"end":{"line":111,"column":null}},"76":{"start":{"line":112,"column":4},"end":{"line":112,"column":null}},"77":{"start":{"line":113,"column":4},"end":{"line":113,"column":null}},"78":{"start":{"line":114,"column":4},"end":{"line":114,"column":null}},"79":{"start":{"line":115,"column":4},"end":{"line":115,"column":null}},"80":{"start":{"line":116,"column":4},"end":{"line":116,"column":null}},"81":{"start":{"line":117,"column":4},"end":{"line":117,"column":null}},"82":{"start":{"line":118,"column":4},"end":{"line":118,"column":null}},"83":{"start":{"line":121,"column":8},"end":{"line":131,"column":null}},"84":{"start":{"line":122,"column":4},"end":{"line":130,"column":null}},"85":{"start":{"line":123,"column":25},"end":{"line":123,"column":null}},"86":{"start":{"line":123,"column":39},"end":{"line":123,"column":46}},"87":{"start":{"line":124,"column":18},"end":{"line":124,"column":null}},"88":{"start":{"line":124,"column":42},"end":{"line":124,"column":65}},"89":{"start":{"line":125,"column":6},"end":{"line":125,"column":null}},"90":{"start":{"line":125,"column":18},"end":{"line":125,"column":null}},"91":{"start":{"line":127,"column":24},"end":{"line":127,"column":null}},"92":{"start":{"line":128,"column":6},"end":{"line":128,"column":null}},"93":{"start":{"line":129,"column":6},"end":{"line":129,"column":null}},"94":{"start":{"line":133,"column":8},"end":{"line":135,"column":null}},"95":{"start":{"line":134,"column":4},"end":{"line":134,"column":null}},"96":{"start":{"line":134,"column":25},"end":{"line":134,"column":77}},"97":{"start":{"line":134,"column":39},"end":{"line":134,"column":76}},"98":{"start":{"line":137,"column":8},"end":{"line":139,"column":null}},"99":{"start":{"line":138,"column":4},"end":{"line":138,"column":null}},"100":{"start":{"line":138,"column":25},"end":{"line":138,"column":58}},"101":{"start":{"line":138,"column":42},"end":{"line":138,"column":57}},"102":{"start":{"line":141,"column":8},"end":{"line":144,"column":null}},"103":{"start":{"line":142,"column":4},"end":{"line":142,"column":null}},"104":{"start":{"line":143,"column":4},"end":{"line":143,"column":null}},"105":{"start":{"line":146,"column":8},"end":{"line":153,"column":null}},"106":{"start":{"line":147,"column":21},"end":{"line":147,"column":null}},"107":{"start":{"line":148,"column":4},"end":{"line":151,"column":null}},"108":{"start":{"line":148,"column":17},"end":{"line":148,"column":38}},"109":{"start":{"line":149,"column":16},"end":{"line":149,"column":null}},"110":{"start":{"line":150,"column":6},"end":{"line":150,"column":null}},"111":{"start":{"line":152,"column":4},"end":{"line":152,"column":null}},"112":{"start":{"line":155,"column":8},"end":{"line":163,"column":null}},"113":{"start":{"line":156,"column":21},"end":{"line":156,"column":null}},"114":{"start":{"line":157,"column":4},"end":{"line":161,"column":null}},"115":{"start":{"line":158,"column":6},"end":{"line":160,"column":null}},"116":{"start":{"line":158,"column":19},"end":{"line":158,"column":22}},"117":{"start":{"line":159,"column":8},"end":{"line":159,"column":null}},"118":{"start":{"line":162,"column":4},"end":{"line":162,"column":null}},"119":{"start":{"line":165,"column":8},"end":{"line":173,"column":null}},"120":{"start":{"line":166,"column":4},"end":{"line":168,"column":null}},"121":{"start":{"line":167,"column":6},"end":{"line":167,"column":null}},"122":{"start":{"line":169,"column":22},"end":{"line":169,"column":null}},"123":{"start":{"line":170,"column":4},"end":{"line":170,"column":null}},"124":{"start":{"line":171,"column":4},"end":{"line":171,"column":null}},"125":{"start":{"line":172,"column":4},"end":{"line":172,"column":null}},"126":{"start":{"line":175,"column":8},"end":{"line":178,"column":null}},"127":{"start":{"line":176,"column":4},"end":{"line":176,"column":null}},"128":{"start":{"line":176,"column":38},"end":{"line":176,"column":44}},"129":{"start":{"line":177,"column":4},"end":{"line":177,"column":null}},"130":{"start":{"line":177,"column":40},"end":{"line":177,"column":42}},"131":{"start":{"line":180,"column":8},"end":{"line":189,"column":null}},"132":{"start":{"line":181,"column":4},"end":{"line":187,"column":null}},"133":{"start":{"line":182,"column":22},"end":{"line":182,"column":null}},"134":{"start":{"line":183,"column":6},"end":{"line":185,"column":null}},"135":{"start":{"line":184,"column":8},"end":{"line":184,"column":null}},"136":{"start":{"line":184,"column":23},"end":{"line":184,"column":null}},"137":{"start":{"line":186,"column":6},"end":{"line":186,"column":null}},"138":{"start":{"line":188,"column":4},"end":{"line":188,"column":null}},"139":{"start":{"line":188,"column":27},"end":{"line":188,"column":43}},"140":{"start":{"line":191,"column":8},"end":{"line":214,"column":null}},"141":{"start":{"line":192,"column":25},"end":{"line":192,"column":null}},"142":{"start":{"line":192,"column":43},"end":{"line":192,"column":94}},"143":{"start":{"line":193,"column":22},"end":{"line":193,"column":null}},"144":{"start":{"line":194,"column":4},"end":{"line":196,"column":null}},"145":{"start":{"line":195,"column":6},"end":{"line":195,"column":null}},"146":{"start":{"line":198,"column":4},"end":{"line":198,"column":null}},"147":{"start":{"line":199,"column":4},"end":{"line":199,"column":null}},"148":{"start":{"line":200,"column":4},"end":{"line":200,"column":null}},"149":{"start":{"line":201,"column":4},"end":{"line":201,"column":null}},"150":{"start":{"line":202,"column":4},"end":{"line":202,"column":null}},"151":{"start":{"line":203,"column":4},"end":{"line":203,"column":null}},"152":{"start":{"line":204,"column":4},"end":{"line":204,"column":null}},"153":{"start":{"line":205,"column":4},"end":{"line":205,"column":null}},"154":{"start":{"line":206,"column":4},"end":{"line":206,"column":null}},"155":{"start":{"line":207,"column":4},"end":{"line":207,"column":null}},"156":{"start":{"line":209,"column":4},"end":{"line":209,"column":null}},"157":{"start":{"line":211,"column":24},"end":{"line":211,"column":null}},"158":{"start":{"line":212,"column":4},"end":{"line":212,"column":null}},"159":{"start":{"line":213,"column":4},"end":{"line":213,"column":null}},"160":{"start":{"line":216,"column":8},"end":{"line":223,"column":null}},"161":{"start":{"line":217,"column":4},"end":{"line":217,"column":null}},"162":{"start":{"line":218,"column":4},"end":{"line":218,"column":null}},"163":{"start":{"line":219,"column":4},"end":{"line":219,"column":null}},"164":{"start":{"line":220,"column":4},"end":{"line":220,"column":null}},"165":{"start":{"line":221,"column":4},"end":{"line":221,"column":null}},"166":{"start":{"line":225,"column":24},"end":{"line":225,"column":null}},"167":{"start":{"line":225,"column":52},"end":{"line":225,"column":69}},"168":{"start":{"line":226,"column":2},"end":{"line":232,"column":null}},"169":{"start":{"line":227,"column":4},"end":{"line":231,"column":null}},"170":{"start":{"line":228,"column":6},"end":{"line":228,"column":null}},"171":{"start":{"line":230,"column":6},"end":{"line":230,"column":null}},"172":{"start":{"line":234,"column":8},"end":{"line":239,"column":null}},"173":{"start":{"line":235,"column":19},"end":{"line":235,"column":null}},"174":{"start":{"line":235,"column":54},"end":{"line":235,"column":71}},"175":{"start":{"line":236,"column":4},"end":{"line":236,"column":null}},"176":{"start":{"line":236,"column":24},"end":{"line":236,"column":null}},"177":{"start":{"line":237,"column":21},"end":{"line":237,"column":null}},"178":{"start":{"line":238,"column":4},"end":{"line":238,"column":null}},"179":{"start":{"line":238,"column":30},"end":{"line":238,"column":50}},"180":{"start":{"line":241,"column":8},"end":{"line":288,"column":null}},"181":{"start":{"line":242,"column":25},"end":{"line":242,"column":28}},"182":{"start":{"line":242,"column":43},"end":{"line":242,"column":46}},"183":{"start":{"line":242,"column":58},"end":{"line":242,"column":61}},"184":{"start":{"line":242,"column":78},"end":{"line":242,"column":81}},"185":{"start":{"line":242,"column":98},"end":{"line":242,"column":101}},"186":{"start":{"line":242,"column":127},"end":{"line":242,"column":130}},"187":{"start":{"line":242,"column":140},"end":{"line":242,"column":null}},"188":{"start":{"line":243,"column":21},"end":{"line":243,"column":24}},"189":{"start":{"line":243,"column":37},"end":{"line":243,"column":null}},"190":{"start":{"line":244,"column":34},"end":{"line":244,"column":37}},"191":{"start":{"line":244,"column":61},"end":{"line":244,"column":null}},"192":{"start":{"line":245,"column":31},"end":{"line":245,"column":34}},"193":{"start":{"line":245,"column":50},"end":{"line":245,"column":null}},"194":{"start":{"line":246,"column":30},"end":{"line":246,"column":33}},"195":{"start":{"line":246,"column":48},"end":{"line":246,"column":null}},"196":{"start":{"line":247,"column":4},"end":{"line":263,"column":null}},"197":{"start":{"line":248,"column":6},"end":{"line":248,"column":null}},"198":{"start":{"line":249,"column":6},"end":{"line":249,"column":null}},"199":{"start":{"line":250,"column":6},"end":{"line":250,"column":null}},"200":{"start":{"line":251,"column":6},"end":{"line":251,"column":null}},"201":{"start":{"line":252,"column":6},"end":{"line":252,"column":null}},"202":{"start":{"line":253,"column":6},"end":{"line":253,"column":null}},"203":{"start":{"line":254,"column":6},"end":{"line":254,"column":null}},"204":{"start":{"line":255,"column":6},"end":{"line":255,"column":null}},"205":{"start":{"line":256,"column":6},"end":{"line":256,"column":null}},"206":{"start":{"line":257,"column":6},"end":{"line":257,"column":null}},"207":{"start":{"line":258,"column":6},"end":{"line":258,"column":null}},"208":{"start":{"line":259,"column":6},"end":{"line":259,"column":null}},"209":{"start":{"line":260,"column":6},"end":{"line":260,"column":null}},"210":{"start":{"line":261,"column":6},"end":{"line":261,"column":null}},"211":{"start":{"line":262,"column":6},"end":{"line":262,"column":null}},"212":{"start":{"line":265,"column":10},"end":{"line":274,"column":null}},"213":{"start":{"line":266,"column":6},"end":{"line":266,"column":null}},"214":{"start":{"line":266,"column":33},"end":{"line":266,"column":null}},"215":{"start":{"line":267,"column":6},"end":{"line":269,"column":null}},"216":{"start":{"line":268,"column":8},"end":{"line":268,"column":null}},"217":{"start":{"line":268,"column":54},"end":{"line":268,"column":null}},"218":{"start":{"line":270,"column":6},"end":{"line":272,"column":null}},"219":{"start":{"line":271,"column":8},"end":{"line":271,"column":null}},"220":{"start":{"line":271,"column":54},"end":{"line":271,"column":null}},"221":{"start":{"line":273,"column":6},"end":{"line":273,"column":null}},"222":{"start":{"line":276,"column":4},"end":{"line":287,"column":null}},"223":{"start":{"line":290,"column":8},"end":{"line":397,"column":null}},"224":{"start":{"line":291,"column":20},"end":{"line":291,"column":null}},"225":{"start":{"line":292,"column":21},"end":{"line":292,"column":null}},"226":{"start":{"line":293,"column":24},"end":{"line":293,"column":null}},"227":{"start":{"line":294,"column":26},"end":{"line":294,"column":null}},"228":{"start":{"line":297,"column":4},"end":{"line":297,"column":null}},"229":{"start":{"line":298,"column":4},"end":{"line":302,"column":null}},"230":{"start":{"line":299,"column":6},"end":{"line":299,"column":null}},"231":{"start":{"line":300,"column":6},"end":{"line":300,"column":null}},"232":{"start":{"line":300,"column":39},"end":{"line":300,"column":null}},"233":{"start":{"line":301,"column":6},"end":{"line":301,"column":null}},"234":{"start":{"line":301,"column":32},"end":{"line":301,"column":null}},"235":{"start":{"line":304,"column":4},"end":{"line":320,"column":null}},"236":{"start":{"line":305,"column":6},"end":{"line":305,"column":null}},"237":{"start":{"line":306,"column":22},"end":{"line":306,"column":null}},"238":{"start":{"line":307,"column":23},"end":{"line":307,"column":null}},"239":{"start":{"line":307,"column":41},"end":{"line":307,"column":70}},"240":{"start":{"line":309,"column":6},"end":{"line":316,"column":null}},"241":{"start":{"line":310,"column":8},"end":{"line":310,"column":null}},"242":{"start":{"line":310,"column":44},"end":{"line":310,"column":51}},"243":{"start":{"line":311,"column":8},"end":{"line":315,"column":null}},"244":{"start":{"line":312,"column":20},"end":{"line":312,"column":null}},"245":{"start":{"line":312,"column":42},"end":{"line":312,"column":60}},"246":{"start":{"line":313,"column":10},"end":{"line":313,"column":null}},"247":{"start":{"line":314,"column":10},"end":{"line":314,"column":null}},"248":{"start":{"line":317,"column":6},"end":{"line":317,"column":null}},"249":{"start":{"line":318,"column":11},"end":{"line":320,"column":null}},"250":{"start":{"line":319,"column":6},"end":{"line":319,"column":null}},"251":{"start":{"line":322,"column":4},"end":{"line":325,"column":null}},"252":{"start":{"line":323,"column":6},"end":{"line":323,"column":null}},"253":{"start":{"line":324,"column":6},"end":{"line":324,"column":null}},"254":{"start":{"line":326,"column":4},"end":{"line":329,"column":null}},"255":{"start":{"line":327,"column":6},"end":{"line":327,"column":null}},"256":{"start":{"line":328,"column":6},"end":{"line":328,"column":null}},"257":{"start":{"line":330,"column":4},"end":{"line":330,"column":null}},"258":{"start":{"line":330,"column":32},"end":{"line":330,"column":null}},"259":{"start":{"line":332,"column":4},"end":{"line":337,"column":null}},"260":{"start":{"line":333,"column":6},"end":{"line":333,"column":null}},"261":{"start":{"line":334,"column":6},"end":{"line":334,"column":null}},"262":{"start":{"line":335,"column":11},"end":{"line":337,"column":null}},"263":{"start":{"line":336,"column":6},"end":{"line":336,"column":null}},"264":{"start":{"line":339,"column":4},"end":{"line":348,"column":null}},"265":{"start":{"line":340,"column":6},"end":{"line":340,"column":null}},"266":{"start":{"line":341,"column":6},"end":{"line":341,"column":null}},"267":{"start":{"line":342,"column":6},"end":{"line":342,"column":null}},"268":{"start":{"line":343,"column":6},"end":{"line":343,"column":null}},"269":{"start":{"line":344,"column":6},"end":{"line":344,"column":null}},"270":{"start":{"line":345,"column":6},"end":{"line":345,"column":null}},"271":{"start":{"line":346,"column":11},"end":{"line":348,"column":null}},"272":{"start":{"line":347,"column":6},"end":{"line":347,"column":null}},"273":{"start":{"line":350,"column":4},"end":{"line":350,"column":null}},"274":{"start":{"line":352,"column":4},"end":{"line":352,"column":null}},"275":{"start":{"line":353,"column":4},"end":{"line":353,"column":null}},"276":{"start":{"line":354,"column":4},"end":{"line":354,"column":null}},"277":{"start":{"line":357,"column":21},"end":{"line":357,"column":null}},"278":{"start":{"line":358,"column":20},"end":{"line":358,"column":null}},"279":{"start":{"line":359,"column":20},"end":{"line":359,"column":null}},"280":{"start":{"line":361,"column":4},"end":{"line":377,"column":null}},"281":{"start":{"line":363,"column":29},"end":{"line":363,"column":null}},"282":{"start":{"line":364,"column":6},"end":{"line":371,"column":null}},"283":{"start":{"line":367,"column":8},"end":{"line":370,"column":null}},"284":{"start":{"line":368,"column":10},"end":{"line":368,"column":null}},"285":{"start":{"line":369,"column":10},"end":{"line":369,"column":null}},"286":{"start":{"line":372,"column":6},"end":{"line":376,"column":null}},"287":{"start":{"line":373,"column":8},"end":{"line":373,"column":null}},"288":{"start":{"line":374,"column":8},"end":{"line":374,"column":null}},"289":{"start":{"line":375,"column":8},"end":{"line":375,"column":null}},"290":{"start":{"line":379,"column":4},"end":{"line":379,"column":null}},"291":{"start":{"line":381,"column":4},"end":{"line":396,"column":null}},"292":{"start":{"line":382,"column":6},"end":{"line":382,"column":null}},"293":{"start":{"line":383,"column":6},"end":{"line":383,"column":null}},"294":{"start":{"line":384,"column":6},"end":{"line":384,"column":null}},"295":{"start":{"line":386,"column":6},"end":{"line":386,"column":null}},"296":{"start":{"line":387,"column":6},"end":{"line":387,"column":null}},"297":{"start":{"line":389,"column":24},"end":{"line":389,"column":null}},"298":{"start":{"line":390,"column":6},"end":{"line":392,"column":null}},"299":{"start":{"line":391,"column":8},"end":{"line":391,"column":null}},"300":{"start":{"line":393,"column":24},"end":{"line":393,"column":null}},"301":{"start":{"line":394,"column":6},"end":{"line":394,"column":null}},"302":{"start":{"line":395,"column":6},"end":{"line":395,"column":null}},"303":{"start":{"line":399,"column":8},"end":{"line":450,"column":null}},"304":{"start":{"line":400,"column":4},"end":{"line":400,"column":null}},"305":{"start":{"line":400,"column":50},"end":{"line":400,"column":null}},"306":{"start":{"line":402,"column":21},"end":{"line":402,"column":null}},"307":{"start":{"line":403,"column":20},"end":{"line":403,"column":null}},"308":{"start":{"line":404,"column":19},"end":{"line":404,"column":null}},"309":{"start":{"line":406,"column":4},"end":{"line":412,"column":null}},"310":{"start":{"line":407,"column":6},"end":{"line":407,"column":null}},"311":{"start":{"line":408,"column":6},"end":{"line":408,"column":null}},"312":{"start":{"line":410,"column":6},"end":{"line":410,"column":null}},"313":{"start":{"line":410,"column":29},"end":{"line":410,"column":64}},"314":{"start":{"line":410,"column":46},"end":{"line":410,"column":63}},"315":{"start":{"line":411,"column":6},"end":{"line":411,"column":null}},"316":{"start":{"line":411,"column":29},"end":{"line":411,"column":46}},"317":{"start":{"line":414,"column":12},"end":{"line":414,"column":null}},"318":{"start":{"line":416,"column":4},"end":{"line":416,"column":null}},"319":{"start":{"line":416,"column":37},"end":{"line":416,"column":null}},"320":{"start":{"line":418,"column":4},"end":{"line":424,"column":null}},"321":{"start":{"line":419,"column":6},"end":{"line":423,"column":null}},"322":{"start":{"line":420,"column":21},"end":{"line":420,"column":null}},"323":{"start":{"line":420,"column":43},"end":{"line":420,"column":62}},"324":{"start":{"line":421,"column":8},"end":{"line":421,"column":null}},"325":{"start":{"line":422,"column":8},"end":{"line":422,"column":null}},"326":{"start":{"line":426,"column":4},"end":{"line":429,"column":null}},"327":{"start":{"line":427,"column":6},"end":{"line":428,"column":null}},"328":{"start":{"line":427,"column":34},"end":{"line":427,"column":null}},"329":{"start":{"line":428,"column":11},"end":{"line":428,"column":null}},"330":{"start":{"line":431,"column":4},"end":{"line":431,"column":null}},"331":{"start":{"line":431,"column":31},"end":{"line":431,"column":null}},"332":{"start":{"line":433,"column":4},"end":{"line":436,"column":null}},"333":{"start":{"line":434,"column":6},"end":{"line":435,"column":null}},"334":{"start":{"line":434,"column":34},"end":{"line":434,"column":null}},"335":{"start":{"line":435,"column":11},"end":{"line":435,"column":null}},"336":{"start":{"line":438,"column":4},"end":{"line":438,"column":null}},"337":{"start":{"line":440,"column":4},"end":{"line":440,"column":null}},"338":{"start":{"line":441,"column":4},"end":{"line":441,"column":null}},"339":{"start":{"line":442,"column":4},"end":{"line":442,"column":null}},"340":{"start":{"line":444,"column":4},"end":{"line":444,"column":null}},"341":{"start":{"line":444,"column":21},"end":{"line":444,"column":43}},"342":{"start":{"line":445,"column":4},"end":{"line":445,"column":null}},"343":{"start":{"line":447,"column":4},"end":{"line":447,"column":null}},"344":{"start":{"line":448,"column":4},"end":{"line":448,"column":null}},"345":{"start":{"line":449,"column":4},"end":{"line":449,"column":null}},"346":{"start":{"line":452,"column":30},"end":{"line":452,"column":null}},"347":{"start":{"line":453,"column":30},"end":{"line":453,"column":null}},"348":{"start":{"line":455,"column":8},"end":{"line":461,"column":null}},"349":{"start":{"line":456,"column":14},"end":{"line":456,"column":null}},"350":{"start":{"line":457,"column":14},"end":{"line":457,"column":null}},"351":{"start":{"line":458,"column":14},"end":{"line":458,"column":null}},"352":{"start":{"line":459,"column":4},"end":{"line":459,"column":null}},"353":{"start":{"line":459,"column":15},"end":{"line":459,"column":null}},"354":{"start":{"line":460,"column":4},"end":{"line":460,"column":null}},"355":{"start":{"line":463,"column":2},"end":{"line":495,"column":null}}},"fnMap":{"0":{"name":"(anonymous_0)","decl":{"start":{"line":22,"column":6},"end":{"line":22,"column":29}},"loc":{"start":{"line":22,"column":39},"end":{"line":42,"column":null}},"line":22},"1":{"name":"useGameLogic","decl":{"start":{"line":44,"column":16},"end":{"line":44,"column":31}},"loc":{"start":{"line":44,"column":31},"end":{"line":496,"column":null}},"line":44},"2":{"name":"(anonymous_2)","decl":{"start":{"line":45,"column":32},"end":{"line":45,"column":47}},"loc":{"start":{"line":45,"column":47},"end":{"line":47,"column":3}},"line":45},"3":{"name":"(anonymous_3)","decl":{"start":{"line":48,"column":42},"end":{"line":48,"column":57}},"loc":{"start":{"line":48,"column":57},"end":{"line":50,"column":3}},"line":48},"4":{"name":"(anonymous_4)","decl":{"start":{"line":51,"column":28},"end":{"line":51,"column":43}},"loc":{"start":{"line":51,"column":43},"end":{"line":53,"column":3}},"line":51},"5":{"name":"(anonymous_5)","decl":{"start":{"line":54,"column":54},"end":{"line":54,"column":69}},"loc":{"start":{"line":54,"column":69},"end":{"line":56,"column":3}},"line":54},"6":{"name":"(anonymous_6)","decl":{"start":{"line":57,"column":40},"end":{"line":57,"column":55}},"loc":{"start":{"line":57,"column":55},"end":{"line":57,"column":98}},"line":57},"7":{"name":"(anonymous_7)","decl":{"start":{"line":58,"column":28},"end":{"line":58,"column":43}},"loc":{"start":{"line":58,"column":43},"end":{"line":60,"column":3}},"line":58},"8":{"name":"(anonymous_8)","decl":{"start":{"line":61,"column":42},"end":{"line":61,"column":57}},"loc":{"start":{"line":61,"column":57},"end":{"line":63,"column":3}},"line":61},"9":{"name":"(anonymous_9)","decl":{"start":{"line":64,"column":34},"end":{"line":64,"column":49}},"loc":{"start":{"line":64,"column":49},"end":{"line":66,"column":3}},"line":64},"10":{"name":"(anonymous_10)","decl":{"start":{"line":67,"column":40},"end":{"line":67,"column":55}},"loc":{"start":{"line":67,"column":55},"end":{"line":69,"column":3}},"line":67},"11":{"name":"(anonymous_11)","decl":{"start":{"line":72,"column":52},"end":{"line":72,"column":67}},"loc":{"start":{"line":72,"column":67},"end":{"line":74,"column":3}},"line":72},"12":{"name":"(anonymous_12)","decl":{"start":{"line":82,"column":40},"end":{"line":82,"column":55}},"loc":{"start":{"line":82,"column":55},"end":{"line":84,"column":3}},"line":82},"13":{"name":"(anonymous_13)","decl":{"start":{"line":85,"column":38},"end":{"line":85,"column":53}},"loc":{"start":{"line":85,"column":53},"end":{"line":87,"column":3}},"line":85},"14":{"name":"(anonymous_14)","decl":{"start":{"line":88,"column":40},"end":{"line":88,"column":55}},"loc":{"start":{"line":88,"column":55},"end":{"line":90,"column":3}},"line":88},"15":{"name":"(anonymous_15)","decl":{"start":{"line":93,"column":2},"end":{"line":93,"column":18}},"loc":{"start":{"line":93,"column":18},"end":{"line":101,"column":5}},"line":93},"16":{"name":"(anonymous_16)","decl":{"start":{"line":96,"column":17},"end":{"line":96,"column":35}},"loc":{"start":{"line":96,"column":35},"end":{"line":98,"column":9}},"line":96},"17":{"name":"(anonymous_17)","decl":{"start":{"line":97,"column":8},"end":{"line":97,"column":30}},"loc":{"start":{"line":97,"column":39},"end":{"line":97,"column":47}},"line":97},"18":{"name":"(anonymous_18)","decl":{"start":{"line":100,"column":4},"end":{"line":100,"column":17}},"loc":{"start":{"line":100,"column":17},"end":{"line":100,"column":null}},"line":100},"19":{"name":"(anonymous_19)","decl":{"start":{"line":104,"column":2},"end":{"line":104,"column":18}},"loc":{"start":{"line":104,"column":18},"end":{"line":119,"column":5}},"line":104},"20":{"name":"(anonymous_20)","decl":{"start":{"line":121,"column":8},"end":{"line":121,"column":21}},"loc":{"start":{"line":121,"column":30},"end":{"line":131,"column":null}},"line":121},"21":{"name":"(anonymous_21)","decl":{"start":{"line":122,"column":4},"end":{"line":122,"column":16}},"loc":{"start":{"line":122,"column":25},"end":{"line":130,"column":5}},"line":122},"22":{"name":"(anonymous_22)","decl":{"start":{"line":123,"column":30},"end":{"line":123,"column":34}},"loc":{"start":{"line":123,"column":39},"end":{"line":123,"column":46}},"line":123},"23":{"name":"(anonymous_23)","decl":{"start":{"line":124,"column":32},"end":{"line":124,"column":37}},"loc":{"start":{"line":124,"column":42},"end":{"line":124,"column":65}},"line":124},"24":{"name":"(anonymous_24)","decl":{"start":{"line":133,"column":8},"end":{"line":133,"column":29}},"loc":{"start":{"line":133,"column":45},"end":{"line":135,"column":null}},"line":133},"25":{"name":"(anonymous_25)","decl":{"start":{"line":134,"column":4},"end":{"line":134,"column":16}},"loc":{"start":{"line":134,"column":25},"end":{"line":134,"column":77}},"line":134},"26":{"name":"(anonymous_26)","decl":{"start":{"line":134,"column":30},"end":{"line":134,"column":34}},"loc":{"start":{"line":134,"column":39},"end":{"line":134,"column":76}},"line":134},"27":{"name":"(anonymous_27)","decl":{"start":{"line":137,"column":8},"end":{"line":137,"column":24}},"loc":{"start":{"line":137,"column":33},"end":{"line":139,"column":null}},"line":137},"28":{"name":"(anonymous_28)","decl":{"start":{"line":138,"column":4},"end":{"line":138,"column":16}},"loc":{"start":{"line":138,"column":25},"end":{"line":138,"column":58}},"line":138},"29":{"name":"(anonymous_29)","decl":{"start":{"line":138,"column":30},"end":{"line":138,"column":37}},"loc":{"start":{"line":138,"column":42},"end":{"line":138,"column":57}},"line":138},"30":{"name":"(anonymous_30)","decl":{"start":{"line":141,"column":8},"end":{"line":141,"column":26}},"loc":{"start":{"line":141,"column":41},"end":{"line":144,"column":null}},"line":141},"31":{"name":"(anonymous_31)","decl":{"start":{"line":146,"column":8},"end":{"line":146,"column":24}},"loc":{"start":{"line":146,"column":34},"end":{"line":153,"column":null}},"line":146},"32":{"name":"(anonymous_32)","decl":{"start":{"line":155,"column":23},"end":{"line":155,"column":36}},"loc":{"start":{"line":155,"column":66},"end":{"line":163,"column":5}},"line":155},"33":{"name":"(anonymous_33)","decl":{"start":{"line":157,"column":28},"end":{"line":157,"column":36}},"loc":{"start":{"line":157,"column":48},"end":{"line":161,"column":5}},"line":157},"34":{"name":"(anonymous_34)","decl":{"start":{"line":165,"column":8},"end":{"line":165,"column":20}},"loc":{"start":{"line":165,"column":29},"end":{"line":173,"column":null}},"line":165},"35":{"name":"(anonymous_35)","decl":{"start":{"line":175,"column":8},"end":{"line":175,"column":29}},"loc":{"start":{"line":175,"column":44},"end":{"line":178,"column":null}},"line":175},"36":{"name":"(anonymous_36)","decl":{"start":{"line":176,"column":29},"end":{"line":176,"column":33}},"loc":{"start":{"line":176,"column":38},"end":{"line":176,"column":44}},"line":176},"37":{"name":"(anonymous_37)","decl":{"start":{"line":177,"column":30},"end":{"line":177,"column":40}},"loc":{"start":{"line":177,"column":40},"end":{"line":177,"column":42}},"line":177},"38":{"name":"(anonymous_38)","decl":{"start":{"line":180,"column":8},"end":{"line":180,"column":27}},"loc":{"start":{"line":180,"column":46},"end":{"line":189,"column":null}},"line":180},"39":{"name":"(anonymous_39)","decl":{"start":{"line":181,"column":4},"end":{"line":181,"column":19}},"loc":{"start":{"line":181,"column":27},"end":{"line":187,"column":5}},"line":181},"40":{"name":"(anonymous_40)","decl":{"start":{"line":183,"column":21},"end":{"line":183,"column":30}},"loc":{"start":{"line":183,"column":39},"end":{"line":185,"column":7}},"line":183},"41":{"name":"(anonymous_41)","decl":{"start":{"line":188,"column":4},"end":{"line":188,"column":19}},"loc":{"start":{"line":188,"column":27},"end":{"line":188,"column":43}},"line":188},"42":{"name":"(anonymous_42)","decl":{"start":{"line":191,"column":8},"end":{"line":191,"column":26}},"loc":{"start":{"line":191,"column":26},"end":{"line":214,"column":null}},"line":191},"43":{"name":"(anonymous_43)","decl":{"start":{"line":192,"column":33},"end":{"line":192,"column":37}},"loc":{"start":{"line":192,"column":43},"end":{"line":192,"column":94}},"line":192},"44":{"name":"(anonymous_44)","decl":{"start":{"line":216,"column":8},"end":{"line":216,"column":24}},"loc":{"start":{"line":216,"column":24},"end":{"line":223,"column":null}},"line":216},"45":{"name":"(anonymous_45)","decl":{"start":{"line":225,"column":37},"end":{"line":225,"column":43}},"loc":{"start":{"line":225,"column":52},"end":{"line":225,"column":69}},"line":225},"46":{"name":"(anonymous_46)","decl":{"start":{"line":226,"column":16},"end":{"line":226,"column":25}},"loc":{"start":{"line":226,"column":34},"end":{"line":232,"column":3}},"line":226},"47":{"name":"(anonymous_47)","decl":{"start":{"line":234,"column":8},"end":{"line":234,"column":22}},"loc":{"start":{"line":234,"column":41},"end":{"line":239,"column":null}},"line":234},"48":{"name":"(anonymous_48)","decl":{"start":{"line":235,"column":39},"end":{"line":235,"column":45}},"loc":{"start":{"line":235,"column":54},"end":{"line":235,"column":71}},"line":235},"49":{"name":"(anonymous_49)","decl":{"start":{"line":238,"column":18},"end":{"line":238,"column":25}},"loc":{"start":{"line":238,"column":30},"end":{"line":238,"column":50}},"line":238},"50":{"name":"(anonymous_50)","decl":{"start":{"line":241,"column":8},"end":{"line":241,"column":27}},"loc":{"start":{"line":241,"column":66},"end":{"line":288,"column":null}},"line":241},"51":{"name":"(anonymous_51)","decl":{"start":{"line":247,"column":17},"end":{"line":247,"column":25}},"loc":{"start":{"line":247,"column":30},"end":{"line":263,"column":5}},"line":247},"52":{"name":"(anonymous_52)","decl":{"start":{"line":265,"column":10},"end":{"line":265,"column":33}},"loc":{"start":{"line":265,"column":33},"end":{"line":274,"column":7}},"line":265},"53":{"name":"(anonymous_53)","decl":{"start":{"line":290,"column":8},"end":{"line":290,"column":20}},"loc":{"start":{"line":290,"column":54},"end":{"line":397,"column":null}},"line":290},"54":{"name":"(anonymous_54)","decl":{"start":{"line":307,"column":31},"end":{"line":307,"column":36}},"loc":{"start":{"line":307,"column":41},"end":{"line":307,"column":70}},"line":307},"55":{"name":"(anonymous_55)","decl":{"start":{"line":310,"column":34},"end":{"line":310,"column":38}},"loc":{"start":{"line":310,"column":44},"end":{"line":310,"column":51}},"line":310},"56":{"name":"(anonymous_56)","decl":{"start":{"line":311,"column":16},"end":{"line":311,"column":24}},"loc":{"start":{"line":311,"column":29},"end":{"line":315,"column":9}},"line":311},"57":{"name":"(anonymous_57)","decl":{"start":{"line":312,"column":31},"end":{"line":312,"column":36}},"loc":{"start":{"line":312,"column":42},"end":{"line":312,"column":60}},"line":312},"58":{"name":"(anonymous_58)","decl":{"start":{"line":399,"column":8},"end":{"line":399,"column":21}},"loc":{"start":{"line":399,"column":21},"end":{"line":450,"column":null}},"line":399},"59":{"name":"(anonymous_59)","decl":{"start":{"line":410,"column":6},"end":{"line":410,"column":21}},"loc":{"start":{"line":410,"column":29},"end":{"line":410,"column":64}},"line":410},"60":{"name":"(anonymous_60)","decl":{"start":{"line":410,"column":34},"end":{"line":410,"column":38}},"loc":{"start":{"line":410,"column":46},"end":{"line":410,"column":63}},"line":410},"61":{"name":"(anonymous_61)","decl":{"start":{"line":411,"column":6},"end":{"line":411,"column":21}},"loc":{"start":{"line":411,"column":29},"end":{"line":411,"column":46}},"line":411},"62":{"name":"(anonymous_62)","decl":{"start":{"line":419,"column":22},"end":{"line":419,"column":30}},"loc":{"start":{"line":419,"column":36},"end":{"line":423,"column":7}},"line":419},"63":{"name":"(anonymous_63)","decl":{"start":{"line":420,"column":32},"end":{"line":420,"column":37}},"loc":{"start":{"line":420,"column":43},"end":{"line":420,"column":62}},"line":420},"64":{"name":"(anonymous_64)","decl":{"start":{"line":444,"column":4},"end":{"line":444,"column":13}},"loc":{"start":{"line":444,"column":21},"end":{"line":444,"column":43}},"line":444},"65":{"name":"(anonymous_65)","decl":{"start":{"line":455,"column":8},"end":{"line":455,"column":22}},"loc":{"start":{"line":455,"column":39},"end":{"line":461,"column":null}},"line":455}},"branchMap":{"0":{"loc":{"start":{"line":46,"column":17},"end":{"line":46,"column":68}},"type":"binary-expr","locations":[{"start":{"line":46,"column":17},"end":{"line":46,"column":64}},{"start":{"line":46,"column":64},"end":{"line":46,"column":68}}],"line":46},"1":{"loc":{"start":{"line":49,"column":17},"end":{"line":49,"column":84}},"type":"binary-expr","locations":[{"start":{"line":49,"column":17},"end":{"line":49,"column":69}},{"start":{"line":49,"column":69},"end":{"line":49,"column":84}}],"line":49},"2":{"loc":{"start":{"line":52,"column":17},"end":{"line":52,"column":66}},"type":"binary-expr","locations":[{"start":{"line":52,"column":17},"end":{"line":52,"column":62}},{"start":{"line":52,"column":62},"end":{"line":52,"column":66}}],"line":52},"3":{"loc":{"start":{"line":55,"column":74},"end":{"line":55,"column":132}},"type":"cond-expr","locations":[{"start":{"line":55,"column":108},"end":{"line":55,"column":126}},{"start":{"line":55,"column":126},"end":{"line":55,"column":132}}],"line":55},"4":{"loc":{"start":{"line":55,"column":74},"end":{"line":55,"column":108}},"type":"binary-expr","locations":[{"start":{"line":55,"column":74},"end":{"line":55,"column":92}},{"start":{"line":55,"column":92},"end":{"line":55,"column":108}}],"line":55},"5":{"loc":{"start":{"line":57,"column":55},"end":{"line":57,"column":98}},"type":"binary-expr","locations":[{"start":{"line":57,"column":55},"end":{"line":57,"column":94}},{"start":{"line":57,"column":94},"end":{"line":57,"column":98}}],"line":57},"6":{"loc":{"start":{"line":59,"column":17},"end":{"line":59,"column":72}},"type":"binary-expr","locations":[{"start":{"line":59,"column":17},"end":{"line":59,"column":69}},{"start":{"line":59,"column":69},"end":{"line":59,"column":72}}],"line":59},"7":{"loc":{"start":{"line":62,"column":17},"end":{"line":62,"column":75}},"type":"binary-expr","locations":[{"start":{"line":62,"column":17},"end":{"line":62,"column":69}},{"start":{"line":62,"column":69},"end":{"line":62,"column":75}}],"line":62},"8":{"loc":{"start":{"line":65,"column":17},"end":{"line":65,"column":72}},"type":"binary-expr","locations":[{"start":{"line":65,"column":17},"end":{"line":65,"column":65}},{"start":{"line":65,"column":65},"end":{"line":65,"column":72}}],"line":65},"9":{"loc":{"start":{"line":68,"column":66},"end":{"line":68,"column":105}},"type":"cond-expr","locations":[{"start":{"line":68,"column":81},"end":{"line":68,"column":99}},{"start":{"line":68,"column":99},"end":{"line":68,"column":105}}],"line":68},"10":{"loc":{"start":{"line":73,"column":17},"end":{"line":73,"column":77}},"type":"binary-expr","locations":[{"start":{"line":73,"column":17},"end":{"line":73,"column":74}},{"start":{"line":73,"column":74},"end":{"line":73,"column":77}}],"line":73},"11":{"loc":{"start":{"line":83,"column":17},"end":{"line":83,"column":72}},"type":"binary-expr","locations":[{"start":{"line":83,"column":17},"end":{"line":83,"column":68}},{"start":{"line":83,"column":68},"end":{"line":83,"column":72}}],"line":83},"12":{"loc":{"start":{"line":86,"column":17},"end":{"line":86,"column":71}},"type":"binary-expr","locations":[{"start":{"line":86,"column":17},"end":{"line":86,"column":67}},{"start":{"line":86,"column":67},"end":{"line":86,"column":71}}],"line":86},"13":{"loc":{"start":{"line":89,"column":17},"end":{"line":89,"column":72}},"type":"binary-expr","locations":[{"start":{"line":89,"column":17},"end":{"line":89,"column":68}},{"start":{"line":89,"column":68},"end":{"line":89,"column":72}}],"line":89},"14":{"loc":{"start":{"line":95,"column":4},"end":{"line":99,"column":null}},"type":"if","locations":[{"start":{"line":95,"column":4},"end":{"line":99,"column":null}},{"start":{},"end":{}}],"line":95},"15":{"loc":{"start":{"line":95,"column":8},"end":{"line":95,"column":50}},"type":"binary-expr","locations":[{"start":{"line":95,"column":8},"end":{"line":95,"column":39}},{"start":{"line":95,"column":39},"end":{"line":95,"column":50}}],"line":95},"16":{"loc":{"start":{"line":108,"column":4},"end":{"line":109,"column":null}},"type":"if","locations":[{"start":{"line":108,"column":4},"end":{"line":109,"column":null}},{"start":{"line":109,"column":9},"end":{"line":109,"column":null}}],"line":108},"17":{"loc":{"start":{"line":125,"column":6},"end":{"line":125,"column":null}},"type":"if","locations":[{"start":{"line":125,"column":6},"end":{"line":125,"column":null}},{"start":{},"end":{}}],"line":125},"18":{"loc":{"start":{"line":134,"column":39},"end":{"line":134,"column":76}},"type":"cond-expr","locations":[{"start":{"line":134,"column":57},"end":{"line":134,"column":75}},{"start":{"line":134,"column":75},"end":{"line":134,"column":76}}],"line":134},"19":{"loc":{"start":{"line":155,"column":36},"end":{"line":155,"column":66}},"type":"default-arg","locations":[{"start":{"line":155,"column":49},"end":{"line":155,"column":66}}],"line":155},"20":{"loc":{"start":{"line":166,"column":4},"end":{"line":168,"column":null}},"type":"if","locations":[{"start":{"line":166,"column":4},"end":{"line":168,"column":null}},{"start":{},"end":{}}],"line":166},"21":{"loc":{"start":{"line":184,"column":8},"end":{"line":184,"column":null}},"type":"if","locations":[{"start":{"line":184,"column":8},"end":{"line":184,"column":null}},{"start":{},"end":{}}],"line":184},"22":{"loc":{"start":{"line":194,"column":4},"end":{"line":196,"column":null}},"type":"if","locations":[{"start":{"line":194,"column":4},"end":{"line":196,"column":null}},{"start":{},"end":{}}],"line":194},"23":{"loc":{"start":{"line":227,"column":4},"end":{"line":231,"column":null}},"type":"if","locations":[{"start":{"line":227,"column":4},"end":{"line":231,"column":null}},{"start":{"line":229,"column":11},"end":{"line":231,"column":null}}],"line":227},"24":{"loc":{"start":{"line":227,"column":8},"end":{"line":227,"column":57}},"type":"binary-expr","locations":[{"start":{"line":227,"column":8},"end":{"line":227,"column":17}},{"start":{"line":227,"column":17},"end":{"line":227,"column":57}}],"line":227},"25":{"loc":{"start":{"line":230,"column":19},"end":{"line":230,"column":null}},"type":"cond-expr","locations":[{"start":{"line":230,"column":29},"end":{"line":230,"column":33}},{"start":{"line":230,"column":33},"end":{"line":230,"column":null}}],"line":230},"26":{"loc":{"start":{"line":236,"column":4},"end":{"line":236,"column":null}},"type":"if","locations":[{"start":{"line":236,"column":4},"end":{"line":236,"column":null}},{"start":{},"end":{}}],"line":236},"27":{"loc":{"start":{"line":252,"column":51},"end":{"line":252,"column":null}},"type":"binary-expr","locations":[{"start":{"line":252,"column":51},"end":{"line":252,"column":80}},{"start":{"line":252,"column":80},"end":{"line":252,"column":null}}],"line":252},"28":{"loc":{"start":{"line":253,"column":34},"end":{"line":253,"column":null}},"type":"binary-expr","locations":[{"start":{"line":253,"column":34},"end":{"line":253,"column":63}},{"start":{"line":253,"column":63},"end":{"line":253,"column":null}}],"line":253},"29":{"loc":{"start":{"line":255,"column":21},"end":{"line":255,"column":null}},"type":"binary-expr","locations":[{"start":{"line":255,"column":21},"end":{"line":255,"column":37}},{"start":{"line":255,"column":37},"end":{"line":255,"column":null}}],"line":255},"30":{"loc":{"start":{"line":259,"column":31},"end":{"line":259,"column":null}},"type":"binary-expr","locations":[{"start":{"line":259,"column":31},"end":{"line":259,"column":58}},{"start":{"line":259,"column":58},"end":{"line":259,"column":null}}],"line":259},"31":{"loc":{"start":{"line":260,"column":24},"end":{"line":260,"column":null}},"type":"binary-expr","locations":[{"start":{"line":260,"column":24},"end":{"line":260,"column":44}},{"start":{"line":260,"column":44},"end":{"line":260,"column":null}}],"line":260},"32":{"loc":{"start":{"line":261,"column":30},"end":{"line":261,"column":null}},"type":"binary-expr","locations":[{"start":{"line":261,"column":30},"end":{"line":261,"column":50}},{"start":{"line":261,"column":50},"end":{"line":261,"column":null}}],"line":261},"33":{"loc":{"start":{"line":262,"column":23},"end":{"line":262,"column":null}},"type":"binary-expr","locations":[{"start":{"line":262,"column":23},"end":{"line":262,"column":36}},{"start":{"line":262,"column":36},"end":{"line":262,"column":null}}],"line":262},"34":{"loc":{"start":{"line":266,"column":6},"end":{"line":266,"column":null}},"type":"if","locations":[{"start":{"line":266,"column":6},"end":{"line":266,"column":null}},{"start":{},"end":{}}],"line":266},"35":{"loc":{"start":{"line":268,"column":8},"end":{"line":268,"column":null}},"type":"if","locations":[{"start":{"line":268,"column":8},"end":{"line":268,"column":null}},{"start":{},"end":{}}],"line":268},"36":{"loc":{"start":{"line":271,"column":8},"end":{"line":271,"column":null}},"type":"if","locations":[{"start":{"line":271,"column":8},"end":{"line":271,"column":null}},{"start":{},"end":{}}],"line":271},"37":{"loc":{"start":{"line":290,"column":32},"end":{"line":290,"column":54}},"type":"default-arg","locations":[{"start":{"line":290,"column":44},"end":{"line":290,"column":54}}],"line":290},"38":{"loc":{"start":{"line":291,"column":20},"end":{"line":291,"column":null}},"type":"binary-expr","locations":[{"start":{"line":291,"column":20},"end":{"line":291,"column":34}},{"start":{"line":291,"column":34},"end":{"line":291,"column":null}}],"line":291},"39":{"loc":{"start":{"line":298,"column":4},"end":{"line":302,"column":null}},"type":"if","locations":[{"start":{"line":298,"column":4},"end":{"line":302,"column":null}},{"start":{},"end":{}}],"line":298},"40":{"loc":{"start":{"line":298,"column":8},"end":{"line":298,"column":65}},"type":"binary-expr","locations":[{"start":{"line":298,"column":8},"end":{"line":298,"column":27}},{"start":{"line":298,"column":27},"end":{"line":298,"column":53}},{"start":{"line":298,"column":53},"end":{"line":298,"column":65}}],"line":298},"41":{"loc":{"start":{"line":300,"column":6},"end":{"line":300,"column":null}},"type":"if","locations":[{"start":{"line":300,"column":6},"end":{"line":300,"column":null}},{"start":{},"end":{}}],"line":300},"42":{"loc":{"start":{"line":300,"column":71},"end":{"line":300,"column":108}},"type":"binary-expr","locations":[{"start":{"line":300,"column":71},"end":{"line":300,"column":103}},{"start":{"line":300,"column":103},"end":{"line":300,"column":108}}],"line":300},"43":{"loc":{"start":{"line":301,"column":6},"end":{"line":301,"column":null}},"type":"if","locations":[{"start":{"line":301,"column":6},"end":{"line":301,"column":null}},{"start":{},"end":{}}],"line":301},"44":{"loc":{"start":{"line":301,"column":57},"end":{"line":301,"column":87}},"type":"binary-expr","locations":[{"start":{"line":301,"column":57},"end":{"line":301,"column":82}},{"start":{"line":301,"column":82},"end":{"line":301,"column":87}}],"line":301},"45":{"loc":{"start":{"line":304,"column":4},"end":{"line":320,"column":null}},"type":"if","locations":[{"start":{"line":304,"column":4},"end":{"line":320,"column":null}},{"start":{"line":318,"column":11},"end":{"line":320,"column":null}}],"line":304},"46":{"loc":{"start":{"line":304,"column":8},"end":{"line":304,"column":51}},"type":"binary-expr","locations":[{"start":{"line":304,"column":8},"end":{"line":304,"column":40}},{"start":{"line":304,"column":40},"end":{"line":304,"column":51}}],"line":304},"47":{"loc":{"start":{"line":309,"column":6},"end":{"line":316,"column":null}},"type":"if","locations":[{"start":{"line":309,"column":6},"end":{"line":316,"column":null}},{"start":{},"end":{}}],"line":309},"48":{"loc":{"start":{"line":318,"column":11},"end":{"line":320,"column":null}},"type":"if","locations":[{"start":{"line":318,"column":11},"end":{"line":320,"column":null}},{"start":{},"end":{}}],"line":318},"49":{"loc":{"start":{"line":322,"column":4},"end":{"line":325,"column":null}},"type":"if","locations":[{"start":{"line":322,"column":4},"end":{"line":325,"column":null}},{"start":{},"end":{}}],"line":322},"50":{"loc":{"start":{"line":324,"column":38},"end":{"line":324,"column":75}},"type":"binary-expr","locations":[{"start":{"line":324,"column":38},"end":{"line":324,"column":70}},{"start":{"line":324,"column":70},"end":{"line":324,"column":75}}],"line":324},"51":{"loc":{"start":{"line":326,"column":4},"end":{"line":329,"column":null}},"type":"if","locations":[{"start":{"line":326,"column":4},"end":{"line":329,"column":null}},{"start":{},"end":{}}],"line":326},"52":{"loc":{"start":{"line":328,"column":45},"end":{"line":328,"column":89}},"type":"binary-expr","locations":[{"start":{"line":328,"column":45},"end":{"line":328,"column":84}},{"start":{"line":328,"column":84},"end":{"line":328,"column":89}}],"line":328},"53":{"loc":{"start":{"line":330,"column":4},"end":{"line":330,"column":null}},"type":"if","locations":[{"start":{"line":330,"column":4},"end":{"line":330,"column":null}},{"start":{},"end":{}}],"line":330},"54":{"loc":{"start":{"line":332,"column":4},"end":{"line":337,"column":null}},"type":"if","locations":[{"start":{"line":332,"column":4},"end":{"line":337,"column":null}},{"start":{"line":335,"column":11},"end":{"line":337,"column":null}}],"line":332},"55":{"loc":{"start":{"line":332,"column":8},"end":{"line":332,"column":48}},"type":"binary-expr","locations":[{"start":{"line":332,"column":8},"end":{"line":332,"column":37}},{"start":{"line":332,"column":37},"end":{"line":332,"column":48}}],"line":332},"56":{"loc":{"start":{"line":335,"column":11},"end":{"line":337,"column":null}},"type":"if","locations":[{"start":{"line":335,"column":11},"end":{"line":337,"column":null}},{"start":{},"end":{}}],"line":335},"57":{"loc":{"start":{"line":339,"column":4},"end":{"line":348,"column":null}},"type":"if","locations":[{"start":{"line":339,"column":4},"end":{"line":348,"column":null}},{"start":{"line":346,"column":11},"end":{"line":348,"column":null}}],"line":339},"58":{"loc":{"start":{"line":339,"column":8},"end":{"line":339,"column":50}},"type":"binary-expr","locations":[{"start":{"line":339,"column":8},"end":{"line":339,"column":39}},{"start":{"line":339,"column":39},"end":{"line":339,"column":50}}],"line":339},"59":{"loc":{"start":{"line":340,"column":47},"end":{"line":340,"column":93}},"type":"binary-expr","locations":[{"start":{"line":340,"column":47},"end":{"line":340,"column":88}},{"start":{"line":340,"column":88},"end":{"line":340,"column":93}}],"line":340},"60":{"loc":{"start":{"line":346,"column":11},"end":{"line":348,"column":null}},"type":"if","locations":[{"start":{"line":346,"column":11},"end":{"line":348,"column":null}},{"start":{},"end":{}}],"line":346},"61":{"loc":{"start":{"line":361,"column":4},"end":{"line":377,"column":null}},"type":"if","locations":[{"start":{"line":361,"column":4},"end":{"line":377,"column":null}},{"start":{},"end":{}}],"line":361},"62":{"loc":{"start":{"line":364,"column":6},"end":{"line":371,"column":null}},"type":"if","locations":[{"start":{"line":364,"column":6},"end":{"line":371,"column":null}},{"start":{},"end":{}}],"line":364},"63":{"loc":{"start":{"line":367,"column":8},"end":{"line":370,"column":null}},"type":"if","locations":[{"start":{"line":367,"column":8},"end":{"line":370,"column":null}},{"start":{},"end":{}}],"line":367},"64":{"loc":{"start":{"line":372,"column":6},"end":{"line":376,"column":null}},"type":"if","locations":[{"start":{"line":372,"column":6},"end":{"line":376,"column":null}},{"start":{},"end":{}}],"line":372},"65":{"loc":{"start":{"line":381,"column":4},"end":{"line":396,"column":null}},"type":"if","locations":[{"start":{"line":381,"column":4},"end":{"line":396,"column":null}},{"start":{"line":385,"column":11},"end":{"line":396,"column":null}}],"line":381},"66":{"loc":{"start":{"line":390,"column":6},"end":{"line":392,"column":null}},"type":"if","locations":[{"start":{"line":390,"column":6},"end":{"line":392,"column":null}},{"start":{},"end":{}}],"line":390},"67":{"loc":{"start":{"line":400,"column":4},"end":{"line":400,"column":null}},"type":"if","locations":[{"start":{"line":400,"column":4},"end":{"line":400,"column":null}},{"start":{},"end":{}}],"line":400},"68":{"loc":{"start":{"line":400,"column":8},"end":{"line":400,"column":50}},"type":"binary-expr","locations":[{"start":{"line":400,"column":8},"end":{"line":400,"column":35}},{"start":{"line":400,"column":35},"end":{"line":400,"column":50}}],"line":400},"69":{"loc":{"start":{"line":406,"column":4},"end":{"line":412,"column":null}},"type":"if","locations":[{"start":{"line":406,"column":4},"end":{"line":412,"column":null}},{"start":{},"end":{}}],"line":406},"70":{"loc":{"start":{"line":416,"column":4},"end":{"line":416,"column":null}},"type":"if","locations":[{"start":{"line":416,"column":4},"end":{"line":416,"column":null}},{"start":{},"end":{}}],"line":416},"71":{"loc":{"start":{"line":418,"column":4},"end":{"line":424,"column":null}},"type":"if","locations":[{"start":{"line":418,"column":4},"end":{"line":424,"column":null}},{"start":{},"end":{}}],"line":418},"72":{"loc":{"start":{"line":418,"column":8},"end":{"line":418,"column":58}},"type":"binary-expr","locations":[{"start":{"line":418,"column":8},"end":{"line":418,"column":41}},{"start":{"line":418,"column":41},"end":{"line":418,"column":58}}],"line":418},"73":{"loc":{"start":{"line":426,"column":4},"end":{"line":429,"column":null}},"type":"if","locations":[{"start":{"line":426,"column":4},"end":{"line":429,"column":null}},{"start":{},"end":{}}],"line":426},"74":{"loc":{"start":{"line":427,"column":6},"end":{"line":428,"column":null}},"type":"if","locations":[{"start":{"line":427,"column":6},"end":{"line":428,"column":null}},{"start":{"line":428,"column":11},"end":{"line":428,"column":null}}],"line":427},"75":{"loc":{"start":{"line":431,"column":4},"end":{"line":431,"column":null}},"type":"if","locations":[{"start":{"line":431,"column":4},"end":{"line":431,"column":null}},{"start":{},"end":{}}],"line":431},"76":{"loc":{"start":{"line":433,"column":4},"end":{"line":436,"column":null}},"type":"if","locations":[{"start":{"line":433,"column":4},"end":{"line":436,"column":null}},{"start":{},"end":{}}],"line":433},"77":{"loc":{"start":{"line":434,"column":6},"end":{"line":435,"column":null}},"type":"if","locations":[{"start":{"line":434,"column":6},"end":{"line":435,"column":null}},{"start":{"line":435,"column":11},"end":{"line":435,"column":null}}],"line":434},"78":{"loc":{"start":{"line":459,"column":4},"end":{"line":459,"column":null}},"type":"if","locations":[{"start":{"line":459,"column":4},"end":{"line":459,"column":null}},{"start":{},"end":{}}],"line":459},"79":{"loc":{"start":{"line":467,"column":19},"end":{"line":467,"column":null}},"type":"cond-expr","locations":[{"start":{"line":467,"column":49},"end":{"line":467,"column":79}},{"start":{"line":467,"column":79},"end":{"line":467,"column":null}}],"line":467},"80":{"loc":{"start":{"line":494,"column":12},"end":{"line":494,"column":null}},"type":"cond-expr","locations":[{"start":{"line":494,"column":23},"end":{"line":494,"column":42}},{"start":{"line":494,"column":42},"end":{"line":494,"column":null}}],"line":494}},"s":{"0":1,"1":1,"2":1,"3":39,"4":65,"5":14,"6":14,"7":0,"8":65,"9":14,"10":14,"11":0,"12":65,"13":14,"14":14,"15":0,"16":65,"17":14,"18":14,"19":14,"20":0,"21":65,"22":14,"23":65,"24":14,"25":14,"26":0,"27":65,"28":14,"29":14,"30":0,"31":65,"32":14,"33":14,"34":0,"35":65,"36":14,"37":14,"38":14,"39":0,"40":65,"41":14,"42":14,"43":0,"44":65,"45":65,"46":65,"47":65,"48":14,"49":14,"50":0,"51":65,"52":14,"53":14,"54":0,"55":65,"56":14,"57":14,"58":0,"59":65,"60":38,"61":38,"62":20,"63":0,"64":0,"65":38,"66":38,"67":65,"68":65,"69":65,"70":65,"71":65,"72":35,"73":30,"74":65,"75":65,"76":65,"77":65,"78":65,"79":65,"80":65,"81":65,"82":65,"83":65,"84":21,"85":21,"86":8,"87":21,"88":29,"89":21,"90":0,"91":21,"92":21,"93":21,"94":65,"95":0,"96":0,"97":0,"98":65,"99":1,"100":1,"101":2,"102":65,"103":1,"104":1,"105":65,"106":24,"107":24,"108":24,"109":313,"110":313,"111":24,"112":65,"113":18,"114":18,"115":54,"116":54,"117":331,"118":18,"119":65,"120":14,"121":0,"122":14,"123":14,"124":14,"125":14,"126":65,"127":14,"128":18,"129":14,"130":18,"131":65,"132":14,"133":14,"134":14,"135":17,"136":17,"137":14,"138":14,"139":14,"140":65,"141":14,"142":18,"143":14,"144":14,"145":6,"146":14,"147":14,"148":14,"149":14,"150":14,"151":14,"152":14,"153":14,"154":14,"155":14,"156":14,"157":14,"158":14,"159":14,"160":65,"161":0,"162":0,"163":0,"164":0,"165":0,"166":65,"167":21,"168":65,"169":71,"170":15,"171":56,"172":65,"173":15,"174":4,"175":15,"176":0,"177":15,"178":15,"179":19,"180":65,"181":4,"182":4,"183":4,"184":4,"185":4,"186":4,"187":4,"188":4,"189":4,"190":4,"191":4,"192":4,"193":4,"194":4,"195":4,"196":4,"197":5,"198":5,"199":5,"200":5,"201":5,"202":5,"203":5,"204":5,"205":5,"206":5,"207":5,"208":5,"209":5,"210":5,"211":5,"212":4,"213":4,"214":0,"215":4,"216":15,"217":3,"218":1,"219":11,"220":0,"221":1,"222":4,"223":65,"224":20,"225":20,"226":20,"227":20,"228":20,"229":20,"230":9,"231":9,"232":1,"233":9,"234":1,"235":20,"236":1,"237":1,"238":1,"239":1,"240":1,"241":0,"242":0,"243":0,"244":0,"245":0,"246":0,"247":0,"248":1,"249":19,"250":1,"251":20,"252":1,"253":1,"254":20,"255":2,"256":2,"257":20,"258":1,"259":20,"260":1,"261":1,"262":19,"263":1,"264":20,"265":2,"266":2,"267":2,"268":2,"269":2,"270":2,"271":18,"272":1,"273":18,"274":18,"275":18,"276":18,"277":18,"278":18,"279":18,"280":18,"281":14,"282":14,"283":2,"284":2,"285":2,"286":14,"287":12,"288":12,"289":12,"290":18,"291":18,"292":2,"293":2,"294":2,"295":16,"296":16,"297":16,"298":16,"299":4,"300":16,"301":16,"302":16,"303":65,"304":1,"305":0,"306":1,"307":1,"308":1,"309":1,"310":0,"311":0,"312":0,"313":0,"314":0,"315":0,"316":0,"317":1,"318":1,"319":0,"320":1,"321":0,"322":0,"323":0,"324":0,"325":0,"326":1,"327":0,"328":0,"329":0,"330":1,"331":0,"332":1,"333":0,"334":0,"335":0,"336":1,"337":1,"338":1,"339":1,"340":1,"341":1,"342":1,"343":1,"344":1,"345":1,"346":65,"347":65,"348":65,"349":65,"350":65,"351":65,"352":65,"353":0,"354":65,"355":65},"f":{"0":39,"1":65,"2":14,"3":14,"4":14,"5":14,"6":14,"7":14,"8":14,"9":14,"10":14,"11":14,"12":14,"13":14,"14":14,"15":38,"16":0,"17":0,"18":38,"19":65,"20":21,"21":21,"22":8,"23":29,"24":0,"25":0,"26":0,"27":1,"28":1,"29":2,"30":1,"31":24,"32":18,"33":54,"34":14,"35":14,"36":18,"37":18,"38":14,"39":14,"40":17,"41":14,"42":14,"43":18,"44":0,"45":21,"46":71,"47":15,"48":4,"49":19,"50":4,"51":5,"52":4,"53":20,"54":1,"55":0,"56":0,"57":0,"58":1,"59":0,"60":0,"61":0,"62":0,"63":0,"64":1,"65":65},"b":{"0":[14,14],"1":[14,14],"2":[14,14],"3":[0,14],"4":[14,14],"5":[14,14],"6":[14,14],"7":[14,14],"8":[14,14],"9":[0,14],"10":[14,14],"11":[14,14],"12":[14,14],"13":[14,14],"14":[20,18],"15":[38,22],"16":[35,30],"17":[0,21],"18":[0,0],"19":[18],"20":[0,14],"21":[17,0],"22":[6,8],"23":[15,56],"24":[71,21],"25":[50,6],"26":[0,15],"27":[5,3],"28":[5,3],"29":[5,0],"30":[5,4],"31":[5,5],"32":[5,5],"33":[5,5],"34":[0,4],"35":[3,12],"36":[0,11],"37":[20],"38":[20,13],"39":[9,11],"40":[20,13,12],"41":[1,8],"42":[1,1],"43":[1,8],"44":[1,1],"45":[1,19],"46":[20,2],"47":[0,1],"48":[1,18],"49":[1,19],"50":[1,1],"51":[2,18],"52":[2,2],"53":[1,19],"54":[1,19],"55":[20,2],"56":[1,18],"57":[2,18],"58":[20,3],"59":[2,2],"60":[1,17],"61":[14,4],"62":[2,12],"63":[2,0],"64":[12,2],"65":[2,16],"66":[4,12],"67":[0,1],"68":[1,1],"69":[0,1],"70":[0,1],"71":[0,1],"72":[1,0],"73":[0,1],"74":[0,0],"75":[0,1],"76":[0,1],"77":[0,0],"78":[0,65],"79":[33,32],"80":[4,61]},"meta":{"lastBranch":81,"lastFunction":66,"lastStatement":356,"seen":{"s:3:29:6:Infinity":0,"s:8:22:20:Infinity":1,"s:22:6:42:Infinity":2,"f:22:6:22:29":0,"s:22:39:42:Infinity":3,"f:44:16:44:31":1,"s:45:18:47:Infinity":4,"f:45:32:45:47":2,"s:46:4:46:Infinity":5,"s:46:10:46:68":6,"b:46:17:46:64:46:64:46:68":0,"s:46:78:46:89":7,"s:48:23:50:Infinity":8,"f:48:42:48:57":3,"s:49:4:49:Infinity":9,"s:49:10:49:84":10,"b:49:17:49:69:49:69:49:84":1,"s:49:94:49:116":11,"s:51:16:53:Infinity":12,"f:51:28:51:43":4,"s:52:4:52:Infinity":13,"s:52:10:52:66":14,"b:52:17:52:62:52:62:52:66":2,"s:52:76:52:87":15,"s:54:29:56:Infinity":16,"f:54:54:54:69":5,"s:55:4:55:Infinity":17,"s:55:22:55:66":18,"s:55:66:55:132":19,"b:55:108:55:126:55:126:55:132":3,"b:55:74:55:92:55:92:55:108":4,"s:55:142:55:155":20,"s:57:22:57:Infinity":21,"f:57:40:57:55":6,"s:57:55:57:98":22,"b:57:55:57:94:57:94:57:98":5,"s:58:16:60:Infinity":23,"f:58:28:58:43":7,"s:59:4:59:Infinity":24,"s:59:10:59:72":25,"b:59:17:59:69:59:69:59:72":6,"s:59:82:59:92":26,"s:61:23:63:Infinity":27,"f:61:42:61:57":8,"s:62:4:62:Infinity":28,"s:62:10:62:75":29,"b:62:17:62:69:62:69:62:75":7,"s:62:85:62:98":30,"s:64:19:66:Infinity":31,"f:64:34:64:49":9,"s:65:4:65:Infinity":32,"s:65:10:65:72":33,"b:65:17:65:65:65:65:65:72":8,"s:65:82:65:96":34,"s:67:22:69:Infinity":35,"f:67:40:67:55":10,"s:68:4:68:Infinity":36,"s:68:22:68:59":37,"s:68:59:68:105":38,"b:68:81:68:99:68:99:68:105":9,"s:68:115:68:128":39,"s:72:28:74:Infinity":40,"f:72:52:72:67":11,"s:73:4:73:Infinity":41,"s:73:10:73:77":42,"b:73:17:73:74:73:74:73:77":10,"s:73:87:73:97":43,"s:77:24:77:Infinity":44,"s:78:23:78:Infinity":45,"s:79:26:79:Infinity":46,"s:82:22:84:Infinity":47,"f:82:40:82:55":12,"s:83:4:83:Infinity":48,"s:83:10:83:72":49,"b:83:17:83:68:83:68:83:72":11,"s:83:82:83:93":50,"s:85:21:87:Infinity":51,"f:85:38:85:53":13,"s:86:4:86:Infinity":52,"s:86:10:86:71":53,"b:86:17:86:67:86:67:86:71":12,"s:86:81:86:92":54,"s:88:22:90:Infinity":55,"f:88:40:88:55":14,"s:89:4:89:Infinity":56,"s:89:10:89:72":57,"b:89:17:89:68:89:68:89:72":13,"s:89:82:89:93":58,"s:93:2:101:Infinity":59,"f:93:2:93:18":15,"s:94:19:94:Infinity":60,"b:95:4:99:Infinity:undefined:undefined:undefined:undefined":14,"s:95:4:99:Infinity":61,"b:95:8:95:39:95:39:95:50":15,"s:96:6:98:Infinity":62,"f:96:17:96:35":16,"s:97:8:97:Infinity":63,"f:97:8:97:30":17,"s:97:39:97:47":64,"s:100:4:100:Infinity":65,"f:100:4:100:17":18,"s:100:17:100:Infinity":66,"s:104:2:119:Infinity":67,"f:104:2:104:18":19,"s:105:4:105:Infinity":68,"s:106:4:106:Infinity":69,"s:107:4:107:Infinity":70,"b:108:4:109:Infinity:109:9:109:Infinity":16,"s:108:4:109:Infinity":71,"s:108:21:108:Infinity":72,"s:109:9:109:Infinity":73,"s:110:4:110:Infinity":74,"s:111:4:111:Infinity":75,"s:112:4:112:Infinity":76,"s:113:4:113:Infinity":77,"s:114:4:114:Infinity":78,"s:115:4:115:Infinity":79,"s:116:4:116:Infinity":80,"s:117:4:117:Infinity":81,"s:118:4:118:Infinity":82,"s:121:8:131:Infinity":83,"f:121:8:121:21":20,"s:122:4:130:Infinity":84,"f:122:4:122:16":21,"s:123:25:123:Infinity":85,"f:123:30:123:34":22,"s:123:39:123:46":86,"s:124:18:124:Infinity":87,"f:124:32:124:37":23,"s:124:42:124:65":88,"b:125:6:125:Infinity:undefined:undefined:undefined:undefined":17,"s:125:6:125:Infinity":89,"s:125:18:125:Infinity":90,"s:127:24:127:Infinity":91,"s:128:6:128:Infinity":92,"s:129:6:129:Infinity":93,"s:133:8:135:Infinity":94,"f:133:8:133:29":24,"s:134:4:134:Infinity":95,"f:134:4:134:16":25,"s:134:25:134:77":96,"f:134:30:134:34":26,"s:134:39:134:76":97,"b:134:57:134:75:134:75:134:76":18,"s:137:8:139:Infinity":98,"f:137:8:137:24":27,"s:138:4:138:Infinity":99,"f:138:4:138:16":28,"s:138:25:138:58":100,"f:138:30:138:37":29,"s:138:42:138:57":101,"s:141:8:144:Infinity":102,"f:141:8:141:26":30,"s:142:4:142:Infinity":103,"s:143:4:143:Infinity":104,"s:146:8:153:Infinity":105,"f:146:8:146:24":31,"s:147:21:147:Infinity":106,"s:148:4:151:Infinity":107,"s:148:17:148:38":108,"s:149:16:149:Infinity":109,"s:150:6:150:Infinity":110,"s:152:4:152:Infinity":111,"s:155:8:163:Infinity":112,"f:155:23:155:36":32,"b:155:49:155:66":19,"s:156:21:156:Infinity":113,"s:157:4:161:Infinity":114,"f:157:28:157:36":33,"s:158:6:160:Infinity":115,"s:158:19:158:22":116,"s:159:8:159:Infinity":117,"s:162:4:162:Infinity":118,"s:165:8:173:Infinity":119,"f:165:8:165:20":34,"b:166:4:168:Infinity:undefined:undefined:undefined:undefined":20,"s:166:4:168:Infinity":120,"s:167:6:167:Infinity":121,"s:169:22:169:Infinity":122,"s:170:4:170:Infinity":123,"s:171:4:171:Infinity":124,"s:172:4:172:Infinity":125,"s:175:8:178:Infinity":126,"f:175:8:175:29":35,"s:176:4:176:Infinity":127,"f:176:29:176:33":36,"s:176:38:176:44":128,"s:177:4:177:Infinity":129,"f:177:30:177:40":37,"s:177:40:177:42":130,"s:180:8:189:Infinity":131,"f:180:8:180:27":38,"s:181:4:187:Infinity":132,"f:181:4:181:19":39,"s:182:22:182:Infinity":133,"s:183:6:185:Infinity":134,"f:183:21:183:30":40,"b:184:8:184:Infinity:undefined:undefined:undefined:undefined":21,"s:184:8:184:Infinity":135,"s:184:23:184:Infinity":136,"s:186:6:186:Infinity":137,"s:188:4:188:Infinity":138,"f:188:4:188:19":41,"s:188:27:188:43":139,"s:191:8:214:Infinity":140,"f:191:8:191:26":42,"s:192:25:192:Infinity":141,"f:192:33:192:37":43,"s:192:43:192:94":142,"s:193:22:193:Infinity":143,"b:194:4:196:Infinity:undefined:undefined:undefined:undefined":22,"s:194:4:196:Infinity":144,"s:195:6:195:Infinity":145,"s:198:4:198:Infinity":146,"s:199:4:199:Infinity":147,"s:200:4:200:Infinity":148,"s:201:4:201:Infinity":149,"s:202:4:202:Infinity":150,"s:203:4:203:Infinity":151,"s:204:4:204:Infinity":152,"s:205:4:205:Infinity":153,"s:206:4:206:Infinity":154,"s:207:4:207:Infinity":155,"s:209:4:209:Infinity":156,"s:211:24:211:Infinity":157,"s:212:4:212:Infinity":158,"s:213:4:213:Infinity":159,"s:216:8:223:Infinity":160,"f:216:8:216:24":44,"s:217:4:217:Infinity":161,"s:218:4:218:Infinity":162,"s:219:4:219:Infinity":163,"s:220:4:220:Infinity":164,"s:221:4:221:Infinity":165,"s:225:24:225:Infinity":166,"f:225:37:225:43":45,"s:225:52:225:69":167,"s:226:2:232:Infinity":168,"f:226:16:226:25":46,"b:227:4:231:Infinity:229:11:231:Infinity":23,"s:227:4:231:Infinity":169,"b:227:8:227:17:227:17:227:57":24,"s:228:6:228:Infinity":170,"s:230:6:230:Infinity":171,"b:230:29:230:33:230:33:230:Infinity":25,"s:234:8:239:Infinity":172,"f:234:8:234:22":47,"s:235:19:235:Infinity":173,"f:235:39:235:45":48,"s:235:54:235:71":174,"b:236:4:236:Infinity:undefined:undefined:undefined:undefined":26,"s:236:4:236:Infinity":175,"s:236:24:236:Infinity":176,"s:237:21:237:Infinity":177,"s:238:4:238:Infinity":178,"f:238:18:238:25":49,"s:238:30:238:50":179,"s:241:8:288:Infinity":180,"f:241:8:241:27":50,"s:242:25:242:28":181,"s:242:43:242:46":182,"s:242:58:242:61":183,"s:242:78:242:81":184,"s:242:98:242:101":185,"s:242:127:242:130":186,"s:242:140:242:Infinity":187,"s:243:21:243:24":188,"s:243:37:243:Infinity":189,"s:244:34:244:37":190,"s:244:61:244:Infinity":191,"s:245:31:245:34":192,"s:245:50:245:Infinity":193,"s:246:30:246:33":194,"s:246:48:246:Infinity":195,"s:247:4:263:Infinity":196,"f:247:17:247:25":51,"s:248:6:248:Infinity":197,"s:249:6:249:Infinity":198,"s:250:6:250:Infinity":199,"s:251:6:251:Infinity":200,"s:252:6:252:Infinity":201,"b:252:51:252:80:252:80:252:Infinity":27,"s:253:6:253:Infinity":202,"b:253:34:253:63:253:63:253:Infinity":28,"s:254:6:254:Infinity":203,"s:255:6:255:Infinity":204,"b:255:21:255:37:255:37:255:Infinity":29,"s:256:6:256:Infinity":205,"s:257:6:257:Infinity":206,"s:258:6:258:Infinity":207,"s:259:6:259:Infinity":208,"b:259:31:259:58:259:58:259:Infinity":30,"s:260:6:260:Infinity":209,"b:260:24:260:44:260:44:260:Infinity":31,"s:261:6:261:Infinity":210,"b:261:30:261:50:261:50:261:Infinity":32,"s:262:6:262:Infinity":211,"b:262:23:262:36:262:36:262:Infinity":33,"s:265:10:274:Infinity":212,"f:265:10:265:33":52,"b:266:6:266:Infinity:undefined:undefined:undefined:undefined":34,"s:266:6:266:Infinity":213,"s:266:33:266:Infinity":214,"s:267:6:269:Infinity":215,"b:268:8:268:Infinity:undefined:undefined:undefined:undefined":35,"s:268:8:268:Infinity":216,"s:268:54:268:Infinity":217,"s:270:6:272:Infinity":218,"b:271:8:271:Infinity:undefined:undefined:undefined:undefined":36,"s:271:8:271:Infinity":219,"s:271:54:271:Infinity":220,"s:273:6:273:Infinity":221,"s:276:4:287:Infinity":222,"s:290:8:397:Infinity":223,"f:290:8:290:20":53,"b:290:44:290:54":37,"s:291:20:291:Infinity":224,"b:291:20:291:34:291:34:291:Infinity":38,"s:292:21:292:Infinity":225,"s:293:24:293:Infinity":226,"s:294:26:294:Infinity":227,"s:297:4:297:Infinity":228,"b:298:4:302:Infinity:undefined:undefined:undefined:undefined":39,"s:298:4:302:Infinity":229,"b:298:8:298:27:298:27:298:53:298:53:298:65":40,"s:299:6:299:Infinity":230,"b:300:6:300:Infinity:undefined:undefined:undefined:undefined":41,"s:300:6:300:Infinity":231,"s:300:39:300:Infinity":232,"b:300:71:300:103:300:103:300:108":42,"b:301:6:301:Infinity:undefined:undefined:undefined:undefined":43,"s:301:6:301:Infinity":233,"s:301:32:301:Infinity":234,"b:301:57:301:82:301:82:301:87":44,"b:304:4:320:Infinity:318:11:320:Infinity":45,"s:304:4:320:Infinity":235,"b:304:8:304:40:304:40:304:51":46,"s:305:6:305:Infinity":236,"s:306:22:306:Infinity":237,"s:307:23:307:Infinity":238,"f:307:31:307:36":54,"s:307:41:307:70":239,"b:309:6:316:Infinity:undefined:undefined:undefined:undefined":47,"s:309:6:316:Infinity":240,"s:310:8:310:Infinity":241,"f:310:34:310:38":55,"s:310:44:310:51":242,"s:311:8:315:Infinity":243,"f:311:16:311:24":56,"s:312:20:312:Infinity":244,"f:312:31:312:36":57,"s:312:42:312:60":245,"s:313:10:313:Infinity":246,"s:314:10:314:Infinity":247,"s:317:6:317:Infinity":248,"b:318:11:320:Infinity:undefined:undefined:undefined:undefined":48,"s:318:11:320:Infinity":249,"s:319:6:319:Infinity":250,"b:322:4:325:Infinity:undefined:undefined:undefined:undefined":49,"s:322:4:325:Infinity":251,"s:323:6:323:Infinity":252,"s:324:6:324:Infinity":253,"b:324:38:324:70:324:70:324:75":50,"b:326:4:329:Infinity:undefined:undefined:undefined:undefined":51,"s:326:4:329:Infinity":254,"s:327:6:327:Infinity":255,"s:328:6:328:Infinity":256,"b:328:45:328:84:328:84:328:89":52,"b:330:4:330:Infinity:undefined:undefined:undefined:undefined":53,"s:330:4:330:Infinity":257,"s:330:32:330:Infinity":258,"b:332:4:337:Infinity:335:11:337:Infinity":54,"s:332:4:337:Infinity":259,"b:332:8:332:37:332:37:332:48":55,"s:333:6:333:Infinity":260,"s:334:6:334:Infinity":261,"b:335:11:337:Infinity:undefined:undefined:undefined:undefined":56,"s:335:11:337:Infinity":262,"s:336:6:336:Infinity":263,"b:339:4:348:Infinity:346:11:348:Infinity":57,"s:339:4:348:Infinity":264,"b:339:8:339:39:339:39:339:50":58,"s:340:6:340:Infinity":265,"b:340:47:340:88:340:88:340:93":59,"s:341:6:341:Infinity":266,"s:342:6:342:Infinity":267,"s:343:6:343:Infinity":268,"s:344:6:344:Infinity":269,"s:345:6:345:Infinity":270,"b:346:11:348:Infinity:undefined:undefined:undefined:undefined":60,"s:346:11:348:Infinity":271,"s:347:6:347:Infinity":272,"s:350:4:350:Infinity":273,"s:352:4:352:Infinity":274,"s:353:4:353:Infinity":275,"s:354:4:354:Infinity":276,"s:357:21:357:Infinity":277,"s:358:20:358:Infinity":278,"s:359:20:359:Infinity":279,"b:361:4:377:Infinity:undefined:undefined:undefined:undefined":61,"s:361:4:377:Infinity":280,"s:363:29:363:Infinity":281,"b:364:6:371:Infinity:undefined:undefined:undefined:undefined":62,"s:364:6:371:Infinity":282,"b:367:8:370:Infinity:undefined:undefined:undefined:undefined":63,"s:367:8:370:Infinity":283,"s:368:10:368:Infinity":284,"s:369:10:369:Infinity":285,"b:372:6:376:Infinity:undefined:undefined:undefined:undefined":64,"s:372:6:376:Infinity":286,"s:373:8:373:Infinity":287,"s:374:8:374:Infinity":288,"s:375:8:375:Infinity":289,"s:379:4:379:Infinity":290,"b:381:4:396:Infinity:385:11:396:Infinity":65,"s:381:4:396:Infinity":291,"s:382:6:382:Infinity":292,"s:383:6:383:Infinity":293,"s:384:6:384:Infinity":294,"s:386:6:386:Infinity":295,"s:387:6:387:Infinity":296,"s:389:24:389:Infinity":297,"b:390:6:392:Infinity:undefined:undefined:undefined:undefined":66,"s:390:6:392:Infinity":298,"s:391:8:391:Infinity":299,"s:393:24:393:Infinity":300,"s:394:6:394:Infinity":301,"s:395:6:395:Infinity":302,"s:399:8:450:Infinity":303,"f:399:8:399:21":58,"b:400:4:400:Infinity:undefined:undefined:undefined:undefined":67,"s:400:4:400:Infinity":304,"b:400:8:400:35:400:35:400:50":68,"s:400:50:400:Infinity":305,"s:402:21:402:Infinity":306,"s:403:20:403:Infinity":307,"s:404:19:404:Infinity":308,"b:406:4:412:Infinity:undefined:undefined:undefined:undefined":69,"s:406:4:412:Infinity":309,"s:407:6:407:Infinity":310,"s:408:6:408:Infinity":311,"s:410:6:410:Infinity":312,"f:410:6:410:21":59,"s:410:29:410:64":313,"f:410:34:410:38":60,"s:410:46:410:63":314,"s:411:6:411:Infinity":315,"f:411:6:411:21":61,"s:411:29:411:46":316,"s:414:12:414:Infinity":317,"b:416:4:416:Infinity:undefined:undefined:undefined:undefined":70,"s:416:4:416:Infinity":318,"s:416:37:416:Infinity":319,"b:418:4:424:Infinity:undefined:undefined:undefined:undefined":71,"s:418:4:424:Infinity":320,"b:418:8:418:41:418:41:418:58":72,"s:419:6:423:Infinity":321,"f:419:22:419:30":62,"s:420:21:420:Infinity":322,"f:420:32:420:37":63,"s:420:43:420:62":323,"s:421:8:421:Infinity":324,"s:422:8:422:Infinity":325,"b:426:4:429:Infinity:undefined:undefined:undefined:undefined":73,"s:426:4:429:Infinity":326,"b:427:6:428:Infinity:428:11:428:Infinity":74,"s:427:6:428:Infinity":327,"s:427:34:427:Infinity":328,"s:428:11:428:Infinity":329,"b:431:4:431:Infinity:undefined:undefined:undefined:undefined":75,"s:431:4:431:Infinity":330,"s:431:31:431:Infinity":331,"b:433:4:436:Infinity:undefined:undefined:undefined:undefined":76,"s:433:4:436:Infinity":332,"b:434:6:435:Infinity:435:11:435:Infinity":77,"s:434:6:435:Infinity":333,"s:434:34:434:Infinity":334,"s:435:11:435:Infinity":335,"s:438:4:438:Infinity":336,"s:440:4:440:Infinity":337,"s:441:4:441:Infinity":338,"s:442:4:442:Infinity":339,"s:444:4:444:Infinity":340,"f:444:4:444:13":64,"s:444:21:444:43":341,"s:445:4:445:Infinity":342,"s:447:4:447:Infinity":343,"s:448:4:448:Infinity":344,"s:449:4:449:Infinity":345,"s:452:30:452:Infinity":346,"s:453:30:453:Infinity":347,"s:455:8:461:Infinity":348,"f:455:8:455:22":65,"s:456:14:456:Infinity":349,"s:457:14:457:Infinity":350,"s:458:14:458:Infinity":351,"b:459:4:459:Infinity:undefined:undefined:undefined:undefined":78,"s:459:4:459:Infinity":352,"s:459:15:459:Infinity":353,"s:460:4:460:Infinity":354,"s:463:2:495:Infinity":355,"b:467:49:467:79:467:79:467:Infinity":79,"b:494:23:494:42:494:42:494:Infinity":80},"fnNames":{}}}
,"C:\\Users\\Administrator\\Documents\\Cursor\\Tutto\\tutto\\src\\hooks\\useOnlineGame.js": {"path":"C:\\Users\\Administrator\\Documents\\Cursor\\Tutto\\tutto\\src\\hooks\\useOnlineGame.js","statementMap":{"0":{"start":{"line":7,"column":20},"end":{"line":7,"column":null}},"1":{"start":{"line":8,"column":17},"end":{"line":8,"column":null}},"2":{"start":{"line":9,"column":17},"end":{"line":9,"column":null}},"3":{"start":{"line":10,"column":17},"end":{"line":10,"column":null}},"4":{"start":{"line":11,"column":17},"end":{"line":11,"column":null}},"5":{"start":{"line":12,"column":19},"end":{"line":12,"column":null}},"6":{"start":{"line":14,"column":2},"end":{"line":48,"column":null}},"7":{"start":{"line":15,"column":4},"end":{"line":18,"column":null}},"8":{"start":{"line":17,"column":6},"end":{"line":17,"column":null}},"9":{"start":{"line":20,"column":4},"end":{"line":22,"column":null}},"10":{"start":{"line":21,"column":6},"end":{"line":21,"column":null}},"11":{"start":{"line":24,"column":4},"end":{"line":27,"column":null}},"12":{"start":{"line":25,"column":6},"end":{"line":25,"column":null}},"13":{"start":{"line":26,"column":6},"end":{"line":26,"column":null}},"14":{"start":{"line":29,"column":4},"end":{"line":36,"column":null}},"15":{"start":{"line":30,"column":6},"end":{"line":30,"column":null}},"16":{"start":{"line":31,"column":6},"end":{"line":31,"column":null}},"17":{"start":{"line":32,"column":6},"end":{"line":32,"column":null}},"18":{"start":{"line":33,"column":6},"end":{"line":33,"column":null}},"19":{"start":{"line":34,"column":6},"end":{"line":34,"column":null}},"20":{"start":{"line":35,"column":6},"end":{"line":35,"column":null}},"21":{"start":{"line":38,"column":4},"end":{"line":40,"column":null}},"22":{"start":{"line":39,"column":6},"end":{"line":39,"column":null}},"23":{"start":{"line":42,"column":4},"end":{"line":47,"column":null}},"24":{"start":{"line":43,"column":6},"end":{"line":43,"column":null}},"25":{"start":{"line":44,"column":6},"end":{"line":44,"column":null}},"26":{"start":{"line":45,"column":6},"end":{"line":45,"column":null}},"27":{"start":{"line":46,"column":6},"end":{"line":46,"column":null}},"28":{"start":{"line":50,"column":8},"end":{"line":53,"column":null}},"29":{"start":{"line":51,"column":4},"end":{"line":51,"column":null}},"30":{"start":{"line":52,"column":4},"end":{"line":52,"column":null}},"31":{"start":{"line":55,"column":8},"end":{"line":66,"column":null}},"32":{"start":{"line":56,"column":4},"end":{"line":65,"column":null}},"33":{"start":{"line":57,"column":6},"end":{"line":64,"column":null}},"34":{"start":{"line":58,"column":8},"end":{"line":62,"column":null}},"35":{"start":{"line":59,"column":10},"end":{"line":59,"column":null}},"36":{"start":{"line":60,"column":10},"end":{"line":60,"column":null}},"37":{"start":{"line":61,"column":10},"end":{"line":61,"column":null}},"38":{"start":{"line":63,"column":8},"end":{"line":63,"column":null}},"39":{"start":{"line":68,"column":8},"end":{"line":74,"column":null}},"40":{"start":{"line":69,"column":4},"end":{"line":69,"column":null}},"41":{"start":{"line":70,"column":4},"end":{"line":70,"column":null}},"42":{"start":{"line":71,"column":4},"end":{"line":71,"column":null}},"43":{"start":{"line":72,"column":4},"end":{"line":72,"column":null}},"44":{"start":{"line":73,"column":4},"end":{"line":73,"column":null}},"45":{"start":{"line":76,"column":8},"end":{"line":78,"column":null}},"46":{"start":{"line":77,"column":4},"end":{"line":77,"column":null}},"47":{"start":{"line":80,"column":8},"end":{"line":84,"column":null}},"48":{"start":{"line":81,"column":4},"end":{"line":83,"column":null}},"49":{"start":{"line":82,"column":6},"end":{"line":82,"column":null}},"50":{"start":{"line":86,"column":8},"end":{"line":90,"column":null}},"51":{"start":{"line":87,"column":4},"end":{"line":89,"column":null}},"52":{"start":{"line":88,"column":6},"end":{"line":88,"column":null}},"53":{"st
[...]
olumn":null}},"25":{"start":{"line":28,"column":15},"end":{"line":28,"column":null}},"26":{"start":{"line":28,"column":37},"end":{"line":28,"column":40}},"27":{"start":{"line":30,"column":10},"end":{"line":30,"column":null}},"28":{"start":{"line":32,"column":2},"end":{"line":55,"column":null}},"29":{"start":{"line":33,"column":4},"end":{"line":42,"column":null}},"30":{"start":{"line":34,"column":17},"end":{"line":34,"column":null}},"31":{"start":{"line":35,"column":20},"end":{"line":35,"column":null}},"32":{"start":{"line":36,"column":15},"end":{"line":36,"column":null}},"33":{"start":{"line":37,"column":6},"end":{"line":40,"column":null}},"34":{"start":{"line":38,"column":8},"end":{"line":39,"column":null}},"35":{"start":{"line":38,"column":29},"end":{"line":38,"column":43}},"36":{"start":{"line":38,"column":43},"end":{"line":38,"column":54}},"37":{"start":{"line":39,"column":15},"end":{"line":39,"column":27}},"38":{"start":{"line":39,"column":27},"end":{"line":39,"column":34}},"39":{"start":{"line":41,"column":6},"end":{"line":41,"column":null}},"40":{"start":{"line":41,"column":14},"end":{"line":41,"column":null}},"41":{"start":{"line":43,"column":21},"end":{"line":43,"column":null}},"42":{"start":{"line":43,"column":43},"end":{"line":43,"column":46}},"43":{"start":{"line":44,"column":4},"end":{"line":53,"column":null}},"44":{"start":{"line":45,"column":17},"end":{"line":45,"column":null}},"45":{"start":{"line":46,"column":20},"end":{"line":46,"column":null}},"46":{"start":{"line":47,"column":15},"end":{"line":47,"column":null}},"47":{"start":{"line":48,"column":6},"end":{"line":51,"column":null}},"48":{"start":{"line":49,"column":8},"end":{"line":50,"column":null}},"49":{"start":{"line":49,"column":29},"end":{"line":49,"column":43}},"50":{"start":{"line":49,"column":43},"end":{"line":49,"column":54}},"51":{"start":{"line":50,"column":15},"end":{"line":50,"column":27}},"52":{"start":{"line":50,"column":27},"end":{"line":50,"column":34}},"53":{"start":{"line":52,"column":6},"end":{"line":52,"column":null}},"54":{"start":{"line":52,"column":14},"end":{"line":52,"column":null}},"55":{"start":{"line":54,"column":4},"end":{"line":54,"column":null}},"56":{"start":{"line":57,"column":2},"end":{"line":74,"column":null}},"57":{"start":{"line":58,"column":18},"end":{"line":58,"column":null}},"58":{"start":{"line":59,"column":13},"end":{"line":59,"column":null}},"59":{"start":{"line":60,"column":4},"end":{"line":63,"column":null}},"60":{"start":{"line":61,"column":6},"end":{"line":62,"column":null}},"61":{"start":{"line":61,"column":27},"end":{"line":61,"column":38}},"62":{"start":{"line":61,"column":38},"end":{"line":61,"column":49}},"63":{"start":{"line":62,"column":13},"end":{"line":62,"column":25}},"64":{"start":{"line":62,"column":25},"end":{"line":62,"column":32}},"65":{"start":{"line":64,"column":4},"end":{"line":64,"column":null}},"66":{"start":{"line":64,"column":12},"end":{"line":64,"column":null}},"67":{"start":{"line":66,"column":21},"end":{"line":66,"column":null}},"68":{"start":{"line":66,"column":43},"end":{"line":66,"column":46}},"69":{"start":{"line":67,"column":18},"end":{"line":67,"column":null}},"70":{"start":{"line":68,"column":13},"end":{"line":68,"column":null}},"71":{"start":{"line":69,"column":4},"end":{"line":72,"column":null}},"72":{"start":{"line":70,"column":6},"end":{"line":71,"column":null}},"73":{"start":{"line":70,"column":27},"end":{"line":70,"column":38}},"74":{"start":{"line":70,"column":38},"end":{"line":70,"column":49}},"75":{"start":{"line":71,"column":13},"end":{"line":71,"column":25}},"76":{"start":{"line":71,"column":25},"end":{"line":71,"column":32}},"77":{"start":{"line":73,"column":4},"end":{"line":73,"column":null}},"78":{"start":{"line":73,"column":12},"end":{"line":73,"column":null}},"79":{"start":{"line":76,"column":2},"end":{"line":76,"column":null}},"80":{"start":{"line":79,"column":13},"end":{"line":104,"column":null}},"81":{"start":{"line":80,"column":2},"end":{"line":80,"column":null}},"82":{"start":{"line":80,"column":25},"end":{"line":80,"column":null}},"83":{"start":{"line":82,"column":2},"end":{"line":103,"column":null}},"84":{"start":{"line":83,"column":17},"end":{"line":83,"column":null}},"85":{"start":{"line":84,"column":4},"end":{"line":84,"column":null}},"86":{"start":{"line":86,"column":19},"end":{"line":86,"column":null}},"87":{"start":{"line":87,"column":4},"end":{"line":87,"column":null}},"88":{"start":{"line":87,"column":22},"end":{"line":87,"column":33}},"89":{"start":{"line":89,"column":16},"end":{"line":89,"column":null}},"90":{"start":{"line":90,"column":4},"end":{"line":97,"column":null}},"91":{"start":{"line":90,"column":17},"end":{"line":90,"column":20}},"92":{"start":{"line":91,"column":6},"end":{"line":91,"column":null}},"93":{"start":{"line":91,"column":19},"end":{"line":91,"column":null}},"94":{"start":{"line":92,"column":6},"end":{"line":92,"column":null}},"95":{"start":{"line":92,"column":42},"end":{"line":92,"column":null}},"96":{"start":{"line":93,"column":6},"end":{"line":96,"column":null}},"97":{"start":{"line":94,"column":8},"end":{"line":94,"column":null}},"98":{"start":{"line":95,"column":8},"end":{"line":95,"column":null}},"99":{"start":{"line":95,"column":33},"end":{"line":95,"column":null}},"100":{"start":{"line":99,"column":4},"end":{"line":99,"column":null}},"101":{"start":{"line":100,"column":4},"end":{"line":100,"column":null}},"102":{"start":{"line":102,"column":4},"end":{"line":102,"column":null}},"103":{"start":{"line":106,"column":13},"end":{"line":114,"column":null}},"104":{"start":{"line":107,"column":17},"end":{"line":107,"column":null}},"105":{"start":{"line":108,"column":2},"end":{"line":112,"column":null}},"106":{"start":{"line":109,"column":4},"end":{"line":109,"column":null}},"107":{"start":{"line":110,"column":9},"end":{"line":112,"column":null}},"108":{"start":{"line":111,"column":4},"end":{"line":111,"column":null}},"109":{"start":{"line":113,"column":2},"end":{"line":113,"column":null}}},"fnMap":{"0":{"name":"(anonymous_0)","decl":{"start":{"line":1,"column":13},"end":{"line":1,"column":29}},"loc":{"start":{"line":1,"column":29},"end":{"line":1,"column":null}},"line":1},"1":{"name":"(anonymous_1)","decl":{"start":{"line":3,"column":13},"end":{"line":3,"column":23}},"loc":{"start":{"line":3,"column":61},"end":{"line":24,"column":null}},"line":3},"2":{"name":"(anonymous_2)","decl":{"start":{"line":13,"column":23},"end":{"line":13,"column":28}},"loc":{"start":{"line":13,"column":33},"end":{"line":13,"column":55}},"line":13},"3":{"name":"(anonymous_3)","decl":{"start":{"line":19,"column":13},"end":{"line":19,"column":21}},"loc":{"start":{"line":19,"column":26},"end":{"line":19,"column":37}},"line":19},"4":{"name":"(anonymous_4)","decl":{"start":{"line":26,"column":13},"end":{"line":26,"column":29}},"loc":{"start":{"line":26,"column":48},"end":{"line":77,"column":null}},"line":26},"5":{"name":"(anonymous_5)","decl":{"start":{"line":28,"column":25},"end":{"line":28,"column":31}},"loc":{"start":{"line":28,"column":37},"end":{"line":28,"column":40}},"line":28},"6":{"name":"(anonymous_6)","decl":{"start":{"line":43,"column":31},"end":{"line":43,"column":37}},"loc":{"start":{"line":43,"column":43},"end":{"line":43,"column":46}},"line":43},"7":{"name":"(anonymous_7)","decl":{"start":{"line":66,"column":31},"end":{"line":66,"column":37}},"loc":{"start":{"line":66,"column":43},"end":{"line":66,"column":46}},"line":66},"8":{"name":"(anonymous_8)","decl":{"start":{"line":79,"column":13},"end":{"line":79,"column":38}},"loc":{"start":{"line":79,"column":70},"end":{"line":104,"column":null}},"line":79},"9":{"name":"(anonymous_9)","decl":{"start":{"line":87,"column":9},"end":{"line":87,"column":17}},"loc":{"start":{"line":87,"column":22},"end":{"line":87,"column":33}},"line":87},"10":{"name":"(anonymous_10)","decl":{"start":{"line":106,"column":13},"end":{"line":106,"column":32}},"loc":{"start":{"line":106,"column":60},"end":{"line":114,"column":null}},"line":106}},"branchMap":{"0":{"loc":{"start":{"line":4,"column":2},"end":{"line":14,"column":null}},"type":"if","locations":[{"start":{"line":4,"column":2},"end":{"line":14,"column":null}},{"start":{},"end":{}}],"line":4},"1":{"loc":{"start":{"line":6,"column":4},"end":{"line":12,"column":null}},"type":"if","locations":[{"start":{"line":6,"column":4},"end":{"line":12,"column":null}},{"start":{"line":8,"column":11},"end":{"line":12,"column":null}}],"line":6},"2":{"loc":{"start":{"line":8,"column":11},"end":{"line":12,"column":null}},"type":"if","locations":[{"start":{"line":8,"column":11},"end":{"line":12,"column":null}},{"start":{"line":10,"column":11},"end":{"line":12,"column":null}}],"line":8},"3":{"loc":{"start":{"line":16,"column":2},"end":{"line":16,"column":null}},"type":"if","locations":[{"start":{"line":16,"column":2},"end":{"line":16,"column":null}},{"start":{},"end":{}}],"line":16},"4":{"loc":{"start":{"line":16,"column":6},"end":{"line":16,"column":56}},"type":"binary-expr","locations":[{"start":{"line":16,"column":6},"end":{"line":16,"column":32}},{"start":{"line":16,"column":32},"end":{"line":16,"column":56}}],"line":16},"5":{"loc":{"start":{"line":21,"column":4},"end":{"line":21,"column":null}},"type":"if","locations":[{"start":{"line":21,"column":4},"end":{"line":21,"column":null}},{"start":{},"end":{}}],"line":21},"6":{"loc":{"start":{"line":27,"column":2},"end":{"line":27,"column":null}},"type":"if","locations":[{"start":{"line":27,"column":2},"end":{"line":27,"column":null}},{"start":{},"end":{}}],"line":27},"7":{"loc":{"start":{"line":32,"column":2},"end":{"line":55,"column":null}},"type":"if","locations":[{"start":{"line":32,"column":2},"end":{"line":55,"column":null}},{"start":{},"end":{}}],"line":32},"8":{"loc":{"start":{"line":33,"column":4},"end":{"line":42,"column":null}},"type":"if","locations":[{"start":{"line":33,"column":4},"end":{"line":42,"column":null}},{"start":{},"end":{}}],"line":33},"9":{"loc":{"start":{"line":38,"column":8},"end":{"line":39,"column":null}},"type":"if","locations":[{"start":{"line":38,"column":8},"end":{"line":39,"column":null}},{"start":{"line":39,"column":13},"end":{"line":39,"column":null}}],"line":38},"10":{"loc":{"start":{"line":41,"column":6},"end":{"line":41,"column":null}},"type":"if","locations":[{"start":{"line":41,"column":6},"end":{"line":41,"column":null}},{"start":{},"end":{}}],"line":41},"11":{"loc":{"start":{"line":44,"column":4},"end":{"line":53,"column":null}},"type":"if","locations":[{"start":{"line":44,"column":4},"end":{"line":53,"column":null}},{"start":{},"end":{}}],"line":44},"12":{"loc":{"start":{"line":49,"column":8},"end":{"line":50,"column":null}},"type":"if","locations":[{"start":{"line":49,"column":8},"end":{"line":50,"column":null}},{"start":{"line":50,"column":13},"end":{"line":50,"column":null}}],"line":49},"13":{"loc":{"start":{"line":52,"column":6},"end":{"line":52,"column":null}},"type":"if","locations":[{"start":{"line":52,"column":6},"end":{"line":52,"column":null}},{"start":{},"end":{}}],"line":52},"14":{"loc":{"start":{"line":57,"column":2},"end":{"line":74,"column":null}},"type":"if","locations":[{"start":{"line":57,"column":2},"end":{"line":74,"column":null}},{"start":{"line":65,"column":9},"end":{"line":74,"column":null}}],"line":57},"15":{"loc":{"start":{"line":61,"column":6},"end":{"line":62,"column":null}},"type":"if","locations":[{"start":{"line":61,"column":6},"end":{"line":62,"column":null}},{"start":{"line":62,"column":11},"end":{"line":62,"column":null}}],"line":61},"16":{"loc":{"start":{"line":64,"column":4},"end":{"line":64,"column":null}},"type":"if","locations":[{"start":{"line":64,"column":4},"end":{"line":64,"column":null}},{"start":{},"end":{}}],"line":64},"17":{"loc":{"start":{"line":70,"column":6},"end":{"line":71,"column":null}},"type":"if","locations":[{"start":{"line":70,"column":6},"end":{"line":71,"column":null}},{"start":{"line":71,"column":11},"end":{"line":71,"column":null}}],"line":70},"18":{"loc":{"start":{"line":73,"column":4},"end":{"line":73,"column":null}},"type":"if","locations":[{"start":{"line":73,"column":4},"end":{"line":73,"column":null}},{"start":{},"end":{}}],"line":73},"19":{"loc":{"start":{"line":80,"column":2},"end":{"line":80,"column":null}},"type":"if","locations":[{"start":{"line":80,"column":2},"end":{"line":80,"column":null}},{"start":{},"end":{}}],"line":80},"20":{"loc":{"start":{"line":82,"column":2},"end":{"line":103,"column":null}},"type":"if","locations":[{"start":{"line":82,"column":2},"end":{"line":103,"column":null}},{"start":{"line":85,"column":9},"end":{"line":103,"column":null}}],"line":82},"21":{"loc":{"start":{"line":91,"column":6},"end":{"line":91,"column":null}},"type":"if","locations":[{"start":{"line":91,"column":6},"end":{"line":91,"column":null}},{"start":{},"end":{}}],"line":91},"22":{"loc":{"start":{"line":92,"column":6},"end":{"line":92,"column":null}},"type":"if","locations":[{"start":{"line":92,"column":6},"end":{"line":92,"column":null}},{"start":{},"end":{}}],"line":92},"23":{"loc":{"start":{"line":92,"column":10},"end":{"line":92,"column":42}},"type":"binary-expr","locations":[{"start":{"line":92,"column":10},"end":{"line":92,"column":27}},{"start":{"line":92,"column":27},"end":{"line":92,"column":42}}],"line":92},"24":{"loc":{"start":{"line":93,"column":6},"end":{"line":96,"column":null}},"type":"if","locations":[{"start":{"line":93,"column":6},"end":{"line":96,"column":null}},{"start":{},"end":{}}],"line":93},"25":{"loc":{"start":{"line":95,"column":8},"end":{"line":95,"column":null}},"type":"if","locations":[{"start":{"line":95,"column":8},"end":{"line":95,"column":null}},{"start":{},"end":{}}],"line":95},"26":{"loc":{"start":{"line":108,"column":2},"end":{"line":112,"column":null}},"type":"if","locations":[{"start":{"line":108,"column":2},"end":{"line":112,"column":null}},{"start":{"line":110,"column":9},"end":{"line":112,"column":null}}],"line":108},"27":{"loc":{"start":{"line":110,"column":9},"end":{"line":112,"column":null}},"type":"if","locations":[{"start":{"line":110,"column":9},"end":{"line":112,"column":null}},{"start":{},"end":{}}],"line":110},"28":{"loc":{"start":{"line":111,"column":15},"end":{"line":111,"column":null}},"type":"cond-expr","locations":[{"start":{"line":111,"column":32},"end":{"line":111,"column":36}},{"start":{"line":111,"column":36},"end":{"line":111,"column":null}}],"line":111}},"s":{"0":1,"1":0,"2":1,"3":14,"4":8,"5":8,"6":3,"7":5,"8":3,"9":2,"10":8,"11":17,"12":6,"13":2,"14":4,"15":4,"16":20,"17":4,"18":4,"19":13,"20":2,"21":2,"22":1,"23":11,"24":0,"25":11,"26":15,"27":11,"28":11,"29":8,"30":4,"31":4,"32":4,"33":4,"34":9,"35":8,"36":8,"37":1,"38":1,"39":4,"40":3,"41":5,"42":8,"43":5,"44":2,"45":2,"46":2,"47":2,"48":5,"49":5,"50":5,"51":0,"52":0,"53":2,"54":2,"55":3,"56":3,"57":2,"58":2,"59":2,"60":3,"61":2,"62":2,"63":1,"64":1,"65":2,"66":1,"67":1,"68":1,"69":1,"70":1,"71":1,"72":2,"73":2,"74":2,"75":0,"76":0,"77":1,"78":1,"79":1,"80":1,"81":18,"82":1,"83":17,"84":2,"85":2,"86":15,"87":15,"88":42,"89":15,"90":15,"91":15,"92":61,"93":11,"94":50,"95":4,"96":46,"97":6,"98":6,"99":0,"100":11,"101":11,"102":11,"103":1,"104":6,"105":6,"106":2,"107":4,"108":2,"109":6},"f":{"0":0,"1":14,"2":17,"3":20,"4":11,"5":15,"6":8,"7":1,"8":18,"9":42,"10":6},"b":{"0":[8,6],"1":[3,5],"2":[3,2],"3":[2,4],"4":[6,5],"5":[2,11],"6":[0,11],"7":[8,3],"8":[4,4],"9":[8,1],"10":[3,1],"11":[2,3],"12":[5,0],"13":[2,0],"14":[2,1],"15":[2,1],"16":[1,1],"17":[2,0],"18":[1,0],"19":[1,17],"20":[2,15],"21":[11,50],"22":[4,46],"23":[50,10],"24":[6,40],"25":[0,6],"26":[2,4],"27":[2,2],"28":[1,1]},"meta":{"lastBranch":29,"lastFunction":11,"lastStatement":110,"seen":{"s:1:13:1:Infinity":0,"f:1:13:1:29":0,"s:1:29:1:Infinity":1,"s:3:13:24:Infinity":2,"f:3:13:3:23":1,"b:4:2:14:Infinity:undefined:undefined:undefined:undefined":0,"s:4:2:14:Infinity":3,"s:5:21:5:Infinity":4,"b:6:4:12:Infinity:8:11:12:Infinity":1,"s:6:4:12:Infinity":5,"s:7:6:7:Infinity":6,"b:8:11:12:Infinity:10:11:12:Infinity":2,"s:8:11:12:Infinity":7,"s:9:6:9:Infinity":8,"s:11:6:11:Infinity":9,"s:13:4:13:Infinity":10,"f:13:23:13:28":2,"s:13:33:13:55":11,"b:16:2:16:Infinity:undefined:undefined:undefined:undefined":3,"s:16:2:16:Infinity":12,"b:16:6:16:32:16:32:16:56":4,"s:16:56:16:Infinity":13,"s:18:17:18:Infinity":14,"s:19:2:19:Infinity":15,"f:19:13:19:21":3,"s:19:26:19:37":16,"s:20:2:22:Infinity":17,"s:20:15:20:18":18,"b:21:4:21:Infinity:undefined:undefined:undefined:undefined":5,"s:21:4:21:Infinity":19,"s:21:24:21:Infinity":20,"s:23:2:23:Infinity":21,"s:26:13:77:Infinity":22,"f:26:13:26:29":4,"b:27:2:27:Infinity:undefined:undefined:undefined:undefined":6,"s:27:2:27:Infinity":23,"s:27:25:27:Infinity":24,"s:28:15:28:Infinity":25,"f:28:25:28:31":5,"s:28:37:28:40":26,"s:30:10:30:Infinity":27,"b:32:2:55:Infinity:undefined:undefined:undefined:undefined":7,"s:32:2:55:Infinity":28,"b:33:4:42:Infinity:undefined:undefined:undefined:undefined":8,"s:33:4:42:Infinity":29,"s:34:17:34:Infinity":30,"s:35:20:35:Infinity":31,"s:36:15:36:Infinity":32,"s:37:6:40:Infinity":33,"b:38:8:39:Infinity:39:13:39:Infinity":9,"s:38:8:39:Infinity":34,"s:38:29:38:43":35,"s:38:43:38:54":36,"s:39:15:39:27":37,"s:39:27:39:34":38,"b:41:6:41:Infinity:undefined:undefined:undefined:undefined":10,"s:41:6:41:Infinity":39,"s:41:14:41:Infinity":40,"s:43:21:43:Infinity":41,"f:43:31:43:37":6,"s:43:43:43:46":42,"b:44:4:53:Infinity:undefined:undefined:undefined:undefined":11,"s:44:4:53:Infinity":43,"s:45:17:45:Infinity":44,"s:46:20:46:Infinity":45,"s:47:15:47:Infinity":46,"s:48:6:51:Infinity":47,"b:49:8:50:Infinity:50:13:50:Infinity":12,"s:49:8:50:Infinity":48,"s:49:29:49:43":49,"s:49:43:49:54":50,"s:50:15:50:27":51,"s:50:27:50:34":52,"b:52:6:52:Infinity:undefined:undefined:undefined:undefined":13,"s:52:6:52:Infinity":53,"s:52:14:52:Infinity":54,"s:54:4:54:Infinity":55,"b:57:2:74:Infinity:65:9:74:Infinity":14,"s:57:2:74:Infinity":56,"s:58:18:58:Infinity":57,"s:59:13:59:Infinity":58,"s:60:4:63:Infinity":59,"b:61:6:62:Infinity:62:11:62:Infinity":15,"s:61:6:62:Infinity":60,"s:61:27:61:38":61,"s:61:38:61:49":62,"s:62:13:62:25":63,"s:62:25:62:32":64,"b:64:4:64:Infinity:undefined:undefined:undefined:undefined":16,"s:64:4:64:Infinity":65,"s:64:12:64:Infinity":66,"s:66:21:66:Infinity":67,"f:66:31:66:37":7,"s:66:43:66:46":68,"s:67:18:67:Infinity":69,"s:68:13:68:Infinity":70,"s:69:4:72:Infinity":71,"b:70:6:71:Infinity:71:11:71:Infinity":17,"s:70:6:71:Infinity":72,"s:70:27:70:38":73,"s:70:38:70:49":74,"s:71:13:71:25":75,"s:71:25:71:32":76,"b:73:4:73:Infinity:undefined:undefined:undefined:undefined":18,"s:73:4:73:Infinity":77,"s:73:12:73:Infinity":78,"s:76:2:76:Infinity":79,"s:79:13:104:Infinity":80,"f:79:13:79:38":8,"b:80:2:80:Infinity:undefined:undefined:undefined:undefined":19,"s:80:2:80:Infinity":81,"s:80:25:80:Infinity":82,"b:82:2:103:Infinity:85:9:103:Infinity":20,"s:82:2:103:Infinity":83,"s:83:17:83:Infinity":84,"s:84:4:84:Infinity":85,"s:86:19:86:Infinity":86,"s:87:4:87:Infinity":87,"f:87:9:87:17":9,"s:87:22:87:33":88,"s:89:16:89:Infinity":89,"s:90:4:97:Infinity":90,"s:90:17:90:20":91,"b:91:6:91:Infinity:undefined:undefined:undefined:undefined":21,"s:91:6:91:Infinity":92,"s:91:19:91:Infinity":93,"b:92:6:92:Infinity:undefined:undefined:undefined:undefined":22,"s:92:6:92:Infinity":94,"b:92:10:92:27:92:27:92:42":23,"s:92:42:92:Infinity":95,"b:93:6:96:Infinity:undefined:undefined:undefined:undefined":24,"s:93:6:96:Infinity":96,"s:94:8:94:Infinity":97,"b:95:8:95:Infinity:undefined:undefined:undefined:undefined":25,"s:95:8:95:Infinity":98,"s:95:33:95:Infinity":99,"s:99:4:99:Infinity":100,"s:100:4:100:Infinity":101,"s:102:4:102:Infinity":102,"s:106:13:114:Infinity":103,"f:106:13:106:32":10,"s:107:17:107:Infinity":104,"b:108:2:112:Infinity:110:9:112:Infinity":26,"s:108:2:112:Infinity":105,"s:109:4:109:Infinity":106,"b:110:9:112:Infinity:undefined:undefined:undefined:undefined":27,"s:110:9:112:Infinity":107,"s:111:4:111:Infinity":108,"b:111:32:111:36:111:36:111:Infinity":28,"s:113:2:113:Infinity":109},"fnNames":{}}}
}
